-- The C compiler identification is GNU 11.4.0
-- The CXX compiler identification is GNU 11.4.0
-- Detecting C compiler ABI info
-- Detecting C compiler ABI info - done
-- Check for working C compiler: /usr/bin/cc - skipped
-- Detecting C compile features
-- Detecting C compile features - done
-- Detecting CXX compiler ABI info
-- Detecting CXX compiler ABI info - done
-- Check for working CXX compiler: /usr/bin/c++ - skipped
-- Detecting CXX compile features
-- Detecting CXX compile features - done
-- Found ament_cmake: 1.3.8 (/opt/ros/humble/share/ament_cmake/cmake)
-- Found Python3: /usr/bin/python3 (found version "3.10.12") found components: Interpreter 
-- Found ament_lint_auto: 0.12.10 (/opt/ros/humble/share/ament_lint_auto/cmake)
-- Added test 'flake8' to check Python code syntax and style conventions
-- Added test 'lint_cmake' to check CMake code style
-- Added test 'pep257' to check Python code against some of the docstring style conventions in PEP 257
-- Added test 'xmllint' to check XML markup files
-- Configuring done
-- Generating done
-- Build files have been written to: /home/administrator/ros2arm_ws/build/cycloidal_arm
-- Install configuration: ""
-- Installing: /home/administrator/ros2arm_ws/install/cycloidal_arm/share/cycloidal_arm/launch
-- Installing: /home/administrator/ros2arm_ws/install/cycloidal_arm/share/cycloidal_arm/launch/rsp.launch.py
-- Installing: /home/administrator/ros2arm_ws/install/cycloidal_arm/share/cycloidal_arm/launch/display.launch.py
-- Installing: /home/administrator/ros2arm_ws/install/cycloidal_arm/share/cycloidal_arm/launch/robot_gazebo.launch.py
-- Installing: /home/administrator/ros2arm_ws/install/cycloidal_arm/share/cycloidal_arm/launch/gazebo.launch.py
-- Installing: /home/administrator/ros2arm_ws/install/cycloidal_arm/share/cycloidal_arm/launch/demo.launch.py
-- Installing: /home/administrator/ros2arm_ws/install/cycloidal_arm/share/cycloidal_arm/urdf
-- Installing: /home/administrator/ros2arm_ws/install/cycloidal_arm/share/cycloidal_arm/urdf/cycloidal_arm.xacro
-- Installing: /home/administrator/ros2arm_ws/install/cycloidal_arm/share/cycloidal_arm/urdf/camera.xacro
-- Installing: /home/administrator/ros2arm_ws/install/cycloidal_arm/share/cycloidal_arm/urdf/gazebo_arm.xacro
-- Installing: /home/administrator/ros2arm_ws/install/cycloidal_arm/share/cycloidal_arm/urdf/trans_arm.xacro
-- Installing: /home/administrator/ros2arm_ws/install/cycloidal_arm/share/cycloidal_arm/urdf/ros2_control.xacro
-- Installing: /home/administrator/ros2arm_ws/install/cycloidal_arm/share/cycloidal_arm/urdf/inertial.xacro
-- Installing: /home/administrator/ros2arm_ws/install/cycloidal_arm/share/cycloidal_arm/urdf/materials.xacro
-- Installing: /home/administrator/ros2arm_ws/install/cycloidal_arm/share/cycloidal_arm/meshes
-- Installing: /home/administrator/ros2arm_ws/install/cycloidal_arm/share/cycloidal_arm/meshes/base_link.stl
-- Installing: /home/administrator/ros2arm_ws/install/cycloidal_arm/share/cycloidal_arm/meshes/link_4_1.stl
-- Installing: /home/administrator/ros2arm_ws/install/cycloidal_arm/share/cycloidal_arm/meshes/link_3_1.stl
-- Installing: /home/administrator/ros2arm_ws/install/cycloidal_arm/share/cycloidal_arm/meshes/link_2_1.stl
-- Installing: /home/administrator/ros2arm_ws/install/cycloidal_arm/share/cycloidal_arm/meshes/link_1_1.stl
-- Installing: /home/administrator/ros2arm_ws/install/cycloidal_arm/share/cycloidal_arm/meshes/camera_1.stl
-- Installing: /home/administrator/ros2arm_ws/install/cycloidal_arm/share/cycloidal_arm/meshes/link_5_1.stl
-- Installing: /home/administrator/ros2arm_ws/install/cycloidal_arm/share/cycloidal_arm/config
-- Installing: /home/administrator/ros2arm_ws/install/cycloidal_arm/share/cycloidal_arm/config/controller.yaml
-- Installing: /home/administrator/ros2arm_ws/install/cycloidal_arm/share/cycloidal_arm/config/gazebo_param.yaml
-- Installing: /home/administrator/ros2arm_ws/install/cycloidal_arm/share/cycloidal_arm/config/joint_names_cycloidal_arm.yaml
-- Installing: /home/administrator/ros2arm_ws/install/cycloidal_arm/share/cycloidal_arm/config/my_controller.yaml
-- Installing: /home/administrator/ros2arm_ws/install/cycloidal_arm/share/cycloidal_arm/config/robot_view.rviz
-- Installing: /home/administrator/ros2arm_ws/install/cycloidal_arm/share/cycloidal_arm/config/urdf.rviz
-- Installing: /home/administrator/ros2arm_ws/install/cycloidal_arm/share/cycloidal_arm/world
-- Installing: /home/administrator/ros2arm_ws/install/cycloidal_arm/share/cycloidal_arm/world/defect.jpg
-- Installing: /home/administrator/ros2arm_ws/install/cycloidal_arm/share/cycloidal_arm/world/test_world
-- Installing: /home/administrator/ros2arm_ws/install/cycloidal_arm/share/cycloidal_arm/world/test_world/model.sdf
-- Installing: /home/administrator/ros2arm_ws/install/cycloidal_arm/share/cycloidal_arm/world/test_world/model.config
-- Installing: /home/administrator/ros2arm_ws/install/cycloidal_arm/share/ament_index/resource_index/package_run_dependencies/cycloidal_arm
-- Installing: /home/administrator/ros2arm_ws/install/cycloidal_arm/share/ament_index/resource_index/parent_prefix_path/cycloidal_arm
-- Installing: /home/administrator/ros2arm_ws/install/cycloidal_arm/share/cycloidal_arm/environment/ament_prefix_path.sh
-- Installing: /home/administrator/ros2arm_ws/install/cycloidal_arm/share/cycloidal_arm/environment/ament_prefix_path.dsv
-- Installing: /home/administrator/ros2arm_ws/install/cycloidal_arm/share/cycloidal_arm/environment/path.sh
-- Installing: /home/administrator/ros2arm_ws/install/cycloidal_arm/share/cycloidal_arm/environment/path.dsv
-- Installing: /home/administrator/ros2arm_ws/install/cycloidal_arm/share/cycloidal_arm/local_setup.bash
-- Installing: /home/administrator/ros2arm_ws/install/cycloidal_arm/share/cycloidal_arm/local_setup.sh
-- Installing: /home/administrator/ros2arm_ws/install/cycloidal_arm/share/cycloidal_arm/local_setup.zsh
-- Installing: /home/administrator/ros2arm_ws/install/cycloidal_arm/share/cycloidal_arm/local_setup.dsv
-- Installing: /home/administrator/ros2arm_ws/install/cycloidal_arm/share/cycloidal_arm/package.dsv
-- Installing: /home/administrator/ros2arm_ws/install/cycloidal_arm/share/ament_index/resource_index/packages/cycloidal_arm
-- Installing: /home/administrator/ros2arm_ws/install/cycloidal_arm/share/cycloidal_arm/cmake/cycloidal_armConfig.cmake
-- Installing: /home/administrator/ros2arm_ws/install/cycloidal_arm/share/cycloidal_arm/cmake/cycloidal_armConfig-version.cmake
-- Installing: /home/administrator/ros2arm_ws/install/cycloidal_arm/share/cycloidal_arm/package.xml
