-- The C compiler identification is GNU 11.4.0
-- The CXX compiler identification is GNU 11.4.0
-- Detecting C compiler ABI info
-- Detecting C compiler ABI info - done
-- Check for working C compiler: /usr/bin/cc - skipped
-- Detecting C compile features
-- Detecting C compile features - done
-- Detecting CXX compiler ABI info
-- Detecting CXX compiler ABI info - done
-- Check for working CXX compiler: /usr/bin/c++ - skipped
-- Detecting CXX compile features
-- Detecting CXX compile features - done
-- Found ament_cmake: 1.3.8 (/opt/ros/humble/share/ament_cmake/cmake)
-- Found Python3: /usr/bin/python3 (found version "3.10.12") found components: Interpreter 
-- Found ament_lint_auto: 0.12.10 (/opt/ros/humble/share/ament_lint_auto/cmake)
-- Added test 'flake8' to check Python code syntax and style conventions
-- Added test 'lint_cmake' to check CMake code style
-- Added test 'pep257' to check Python code against some of the docstring style conventions in PEP 257
-- Added test 'xmllint' to check XML markup files
-- Configuring done
-- Generating done
-- Build files have been written to: /home/administrator/ros2arm_ws/build/yolo_pred
-- Install configuration: ""
-- Installing: /home/administrator/ros2arm_ws/install/yolo_pred/share/yolo_pred/Model_fabric
-- Installing: /home/administrator/ros2arm_ws/install/yolo_pred/share/yolo_pred/Model_fabric/data2.yaml
-- Installing: /home/administrator/ros2arm_ws/install/yolo_pred/share/yolo_pred/Model_fabric/param
-- Installing: /home/administrator/ros2arm_ws/install/yolo_pred/share/yolo_pred/Model_fabric/param/val_batch0_pred.jpg
-- Installing: /home/administrator/ros2arm_ws/install/yolo_pred/share/yolo_pred/Model_fabric/param/PR_curve.png
-- Installing: /home/administrator/ros2arm_ws/install/yolo_pred/share/yolo_pred/Model_fabric/param/train_batch1.jpg
-- Installing: /home/administrator/ros2arm_ws/install/yolo_pred/share/yolo_pred/Model_fabric/param/hyp.yaml
-- Installing: /home/administrator/ros2arm_ws/install/yolo_pred/share/yolo_pred/Model_fabric/param/P_curve.png
-- Installing: /home/administrator/ros2arm_ws/install/yolo_pred/share/yolo_pred/Model_fabric/param/val_batch1_labels.jpg
-- Installing: /home/administrator/ros2arm_ws/install/yolo_pred/share/yolo_pred/Model_fabric/param/labels_correlogram.jpg
-- Installing: /home/administrator/ros2arm_ws/install/yolo_pred/share/yolo_pred/Model_fabric/param/val_batch0_labels.jpg
-- Installing: /home/administrator/ros2arm_ws/install/yolo_pred/share/yolo_pred/Model_fabric/param/results.png
-- Installing: /home/administrator/ros2arm_ws/install/yolo_pred/share/yolo_pred/Model_fabric/param/train_batch2.jpg
-- Installing: /home/administrator/ros2arm_ws/install/yolo_pred/share/yolo_pred/Model_fabric/param/opt.yaml
-- Installing: /home/administrator/ros2arm_ws/install/yolo_pred/share/yolo_pred/Model_fabric/param/results.csv
-- Installing: /home/administrator/ros2arm_ws/install/yolo_pred/share/yolo_pred/Model_fabric/param/labels.jpg
-- Installing: /home/administrator/ros2arm_ws/install/yolo_pred/share/yolo_pred/Model_fabric/param/confusion_matrix.png
-- Installing: /home/administrator/ros2arm_ws/install/yolo_pred/share/yolo_pred/Model_fabric/param/F1_curve.png
-- Installing: /home/administrator/ros2arm_ws/install/yolo_pred/share/yolo_pred/Model_fabric/param/R_curve.png
-- Installing: /home/administrator/ros2arm_ws/install/yolo_pred/share/yolo_pred/Model_fabric/param/val_batch2_labels.jpg
-- Installing: /home/administrator/ros2arm_ws/install/yolo_pred/share/yolo_pred/Model_fabric/param/val_batch2_pred.jpg
-- Installing: /home/administrator/ros2arm_ws/install/yolo_pred/share/yolo_pred/Model_fabric/param/val_batch1_pred.jpg
-- Installing: /home/administrator/ros2arm_ws/install/yolo_pred/share/yolo_pred/Model_fabric/param/train_batch0.jpg
-- Installing: /home/administrator/ros2arm_ws/install/yolo_pred/share/yolo_pred/Model_fabric/13.jpg
-- Installing: /home/administrator/ros2arm_ws/install/yolo_pred/share/yolo_pred/Model_fabric/data.yaml
-- Installing: /home/administrator/ros2arm_ws/install/yolo_pred/share/yolo_pred/Model_fabric/weights
-- Installing: /home/administrator/ros2arm_ws/install/yolo_pred/share/yolo_pred/Model_fabric/weights/best.pt
-- Installing: /home/administrator/ros2arm_ws/install/yolo_pred/share/yolo_pred/Model_fabric/weights/best2.onnx
-- Installing: /home/administrator/ros2arm_ws/install/yolo_pred/share/yolo_pred/Model_fabric/weights/last.pt
-- Installing: /home/administrator/ros2arm_ws/install/yolo_pred/share/yolo_pred/Model_fabric/weights/best.onnx
-- Installing: /home/administrator/ros2arm_ws/install/yolo_pred/share/yolo_pred/Model_Shirt
-- Installing: /home/administrator/ros2arm_ws/install/yolo_pred/share/yolo_pred/Model_Shirt/Params
-- Installing: /home/administrator/ros2arm_ws/install/yolo_pred/share/yolo_pred/Model_Shirt/Params/val_batch0_pred.jpg
-- Installing: /home/administrator/ros2arm_ws/install/yolo_pred/share/yolo_pred/Model_Shirt/Params/PR_curve.png
-- Installing: /home/administrator/ros2arm_ws/install/yolo_pred/share/yolo_pred/Model_Shirt/Params/train_batch1.jpg
-- Installing: /home/administrator/ros2arm_ws/install/yolo_pred/share/yolo_pred/Model_Shirt/Params/hyp.yaml
-- Installing: /home/administrator/ros2arm_ws/install/yolo_pred/share/yolo_pred/Model_Shirt/Params/P_curve.png
-- Installing: /home/administrator/ros2arm_ws/install/yolo_pred/share/yolo_pred/Model_Shirt/Params/labels_correlogram.jpg
-- Installing: /home/administrator/ros2arm_ws/install/yolo_pred/share/yolo_pred/Model_Shirt/Params/val_batch0_labels.jpg
-- Installing: /home/administrator/ros2arm_ws/install/yolo_pred/share/yolo_pred/Model_Shirt/Params/results.png
-- Installing: /home/administrator/ros2arm_ws/install/yolo_pred/share/yolo_pred/Model_Shirt/Params/train_batch2.jpg
-- Installing: /home/administrator/ros2arm_ws/install/yolo_pred/share/yolo_pred/Model_Shirt/Params/opt.yaml
-- Installing: /home/administrator/ros2arm_ws/install/yolo_pred/share/yolo_pred/Model_Shirt/Params/results.csv
-- Installing: /home/administrator/ros2arm_ws/install/yolo_pred/share/yolo_pred/Model_Shirt/Params/labels.jpg
-- Installing: /home/administrator/ros2arm_ws/install/yolo_pred/share/yolo_pred/Model_Shirt/Params/confusion_matrix.png
-- Installing: /home/administrator/ros2arm_ws/install/yolo_pred/share/yolo_pred/Model_Shirt/Params/F1_curve.png
-- Installing: /home/administrator/ros2arm_ws/install/yolo_pred/share/yolo_pred/Model_Shirt/Params/R_curve.png
-- Installing: /home/administrator/ros2arm_ws/install/yolo_pred/share/yolo_pred/Model_Shirt/Params/train_batch0.jpg
-- Installing: /home/administrator/ros2arm_ws/install/yolo_pred/share/yolo_pred/Model_Shirt/22.jpeg
-- Installing: /home/administrator/ros2arm_ws/install/yolo_pred/share/yolo_pred/Model_Shirt/camera.rviz
-- Installing: /home/administrator/ros2arm_ws/install/yolo_pred/share/yolo_pred/Model_Shirt/76.jpeg
-- Installing: /home/administrator/ros2arm_ws/install/yolo_pred/share/yolo_pred/Model_Shirt/data3.yaml
-- Installing: /home/administrator/ros2arm_ws/install/yolo_pred/share/yolo_pred/Model_Shirt/weights
-- Installing: /home/administrator/ros2arm_ws/install/yolo_pred/share/yolo_pred/Model_Shirt/weights/best.pt
-- Installing: /home/administrator/ros2arm_ws/install/yolo_pred/share/yolo_pred/Model_Shirt/weights/best2.onnx
-- Installing: /home/administrator/ros2arm_ws/install/yolo_pred/share/yolo_pred/Model_Shirt/weights/last.pt
-- Installing: /home/administrator/ros2arm_ws/install/yolo_pred/share/yolo_pred/Model_Shirt/weights/best.onnx
-- Installing: /home/administrator/ros2arm_ws/install/yolo_pred/lib/yolo_pred/yolo_shirt_pred.py
-- Installing: /home/administrator/ros2arm_ws/install/yolo_pred/lib/yolo_pred/yolo_shirt.py
-- Installing: /home/administrator/ros2arm_ws/install/yolo_pred/lib/yolo_pred/camera_launch.py
-- Installing: /home/administrator/ros2arm_ws/install/yolo_pred/lib/yolo_pred/final_task.py
-- Installing: /home/administrator/ros2arm_ws/install/yolo_pred/lib/yolo_pred/yolo_fabric_pred.py
-- Installing: /home/administrator/ros2arm_ws/install/yolo_pred/share/ament_index/resource_index/package_run_dependencies/yolo_pred
-- Installing: /home/administrator/ros2arm_ws/install/yolo_pred/share/ament_index/resource_index/parent_prefix_path/yolo_pred
-- Installing: /home/administrator/ros2arm_ws/install/yolo_pred/share/yolo_pred/environment/ament_prefix_path.sh
-- Installing: /home/administrator/ros2arm_ws/install/yolo_pred/share/yolo_pred/environment/ament_prefix_path.dsv
-- Installing: /home/administrator/ros2arm_ws/install/yolo_pred/share/yolo_pred/environment/path.sh
-- Installing: /home/administrator/ros2arm_ws/install/yolo_pred/share/yolo_pred/environment/path.dsv
-- Installing: /home/administrator/ros2arm_ws/install/yolo_pred/share/yolo_pred/local_setup.bash
-- Installing: /home/administrator/ros2arm_ws/install/yolo_pred/share/yolo_pred/local_setup.sh
-- Installing: /home/administrator/ros2arm_ws/install/yolo_pred/share/yolo_pred/local_setup.zsh
-- Installing: /home/administrator/ros2arm_ws/install/yolo_pred/share/yolo_pred/local_setup.dsv
-- Installing: /home/administrator/ros2arm_ws/install/yolo_pred/share/yolo_pred/package.dsv
-- Installing: /home/administrator/ros2arm_ws/install/yolo_pred/share/ament_index/resource_index/packages/yolo_pred
-- Installing: /home/administrator/ros2arm_ws/install/yolo_pred/share/yolo_pred/cmake/yolo_predConfig.cmake
-- Installing: /home/administrator/ros2arm_ws/install/yolo_pred/share/yolo_pred/cmake/yolo_predConfig-version.cmake
-- Installing: /home/administrator/ros2arm_ws/install/yolo_pred/share/yolo_pred/package.xml
