[0.012s] Invoking command in '/home/administrator/ros2arm_ws/build/arm_connect': CMAKE_PREFIX_PATH=${CMAKE_PREFIX_PATH}:/opt/ros/humble /usr/bin/cmake /home/administrator/ros2arm_ws/src/arm_connect -DCMAKE_INSTALL_PREFIX=/home/administrator/ros2arm_ws/install/arm_connect
[0.046s] -- The C compiler identification is GNU 11.4.0
[0.080s] -- The CXX compiler identification is GNU 11.4.0
[0.084s] -- Detecting C compiler ABI info
[0.120s] -- Detecting C compiler ABI info - done
[0.124s] -- Check for working C compiler: /usr/bin/cc - skipped
[0.124s] -- Detecting C compile features
[0.125s] -- Detecting C compile features - done
[0.126s] -- Detecting CXX compiler ABI info
[0.167s] -- Detecting CXX compiler ABI info - done
[0.173s] -- Check for working CXX compiler: /usr/bin/c++ - skipped
[0.173s] -- Detecting CXX compile features
[0.173s] -- Detecting CXX compile features - done
[0.175s] -- Found ament_cmake: 1.3.8 (/opt/ros/humble/share/ament_cmake/cmake)
[0.260s] -- Found Python3: /usr/bin/python3 (found version "3.10.12") found components: Interpreter 
[0.308s] -- Found ament_lint_auto: 0.12.10 (/opt/ros/humble/share/ament_lint_auto/cmake)
[0.349s] -- Added test 'lint_cmake' to check CMake code style
[0.349s] -- Added test 'xmllint' to check XML markup files
[0.350s] -- Configuring done
[0.351s] -- Generating done
[0.351s] -- Build files have been written to: /home/administrator/ros2arm_ws/build/arm_connect
[0.354s] Invoked command in '/home/administrator/ros2arm_ws/build/arm_connect' returned '0': CMAKE_PREFIX_PATH=${CMAKE_PREFIX_PATH}:/opt/ros/humble /usr/bin/cmake /home/administrator/ros2arm_ws/src/arm_connect -DCMAKE_INSTALL_PREFIX=/home/administrator/ros2arm_ws/install/arm_connect
[0.354s] Invoking command in '/home/administrator/ros2arm_ws/build/arm_connect': CMAKE_PREFIX_PATH=${CMAKE_PREFIX_PATH}:/opt/ros/humble /usr/bin/cmake --build /home/administrator/ros2arm_ws/build/arm_connect -- -j20 -l20
[0.385s] Invoked command in '/home/administrator/ros2arm_ws/build/arm_connect' returned '0': CMAKE_PREFIX_PATH=${CMAKE_PREFIX_PATH}:/opt/ros/humble /usr/bin/cmake --build /home/administrator/ros2arm_ws/build/arm_connect -- -j20 -l20
[0.419s] Invoking command in '/home/administrator/ros2arm_ws/build/arm_connect': CMAKE_PREFIX_PATH=${CMAKE_PREFIX_PATH}:/opt/ros/humble /usr/bin/cmake --install /home/administrator/ros2arm_ws/build/arm_connect
[0.431s] -- Install configuration: ""
[0.432s] -- Installing: /home/administrator/ros2arm_ws/install/arm_connect/share/ament_index/resource_index/package_run_dependencies/arm_connect
[0.432s] -- Installing: /home/administrator/ros2arm_ws/install/arm_connect/share/ament_index/resource_index/parent_prefix_path/arm_connect
[0.432s] -- Installing: /home/administrator/ros2arm_ws/install/arm_connect/share/arm_connect/environment/ament_prefix_path.sh
[0.432s] -- Installing: /home/administrator/ros2arm_ws/install/arm_connect/share/arm_connect/environment/ament_prefix_path.dsv
[0.432s] -- Installing: /home/administrator/ros2arm_ws/install/arm_connect/share/arm_connect/environment/path.sh
[0.432s] -- Installing: /home/administrator/ros2arm_ws/install/arm_connect/share/arm_connect/environment/path.dsv
[0.432s] -- Installing: /home/administrator/ros2arm_ws/install/arm_connect/share/arm_connect/local_setup.bash
[0.432s] -- Installing: /home/administrator/ros2arm_ws/install/arm_connect/share/arm_connect/local_setup.sh
[0.432s] -- Installing: /home/administrator/ros2arm_ws/install/arm_connect/share/arm_connect/local_setup.zsh
[0.433s] -- Installing: /home/administrator/ros2arm_ws/install/arm_connect/share/arm_connect/local_setup.dsv
[0.433s] -- Installing: /home/administrator/ros2arm_ws/install/arm_connect/share/arm_connect/package.dsv
[0.433s] -- Installing: /home/administrator/ros2arm_ws/install/arm_connect/share/ament_index/resource_index/packages/arm_connect
[0.433s] -- Installing: /home/administrator/ros2arm_ws/install/arm_connect/share/arm_connect/cmake/arm_connectConfig.cmake
[0.433s] -- Installing: /home/administrator/ros2arm_ws/install/arm_connect/share/arm_connect/cmake/arm_connectConfig-version.cmake
[0.433s] -- Installing: /home/administrator/ros2arm_ws/install/arm_connect/share/arm_connect/package.xml
[0.435s] Invoked command in '/home/administrator/ros2arm_ws/build/arm_connect' returned '0': CMAKE_PREFIX_PATH=${CMAKE_PREFIX_PATH}:/opt/ros/humble /usr/bin/cmake --install /home/administrator/ros2arm_ws/build/arm_connect
