[0.075s] [34mcolcon[0m [1;30mDEBUG[0m [32mCommand line arguments: ['/usr/bin/colcon', 'build'][0m
[0.075s] [34mcolcon[0m [1;30mDEBUG[0m [32mParsed command line arguments: Namespace(log_base=None, log_level=None, verb_name='build', build_base='build', install_base='install', merge_install=False, symlink_install=False, test_result_base=None, continue_on_error=False, executor='parallel', parallel_workers=20, event_handlers=None, ignore_user_meta=False, metas=['./colcon.meta'], base_paths=['.'], packages_ignore=None, packages_ignore_regex=None, paths=None, packages_up_to=None, packages_up_to_regex=None, packages_above=None, packages_above_and_dependencies=None, packages_above_depth=None, packages_select_by_dep=None, packages_skip_by_dep=None, packages_skip_up_to=None, packages_select_build_failed=False, packages_skip_build_finished=False, packages_select_test_failures=False, packages_skip_test_passed=False, packages_select=None, packages_skip=None, packages_select_regex=None, packages_skip_regex=None, packages_start=None, packages_end=None, allow_overriding=[], cmake_args=None, cmake_target=None, cmake_target_skip_unavailable=False, cmake_clean_cache=False, cmake_clean_first=False, cmake_force_configure=False, ament_cmake_args=None, catkin_cmake_args=None, catkin_skip_building_tests=False, mixin_files=None, mixin=None, verb_parser=<colcon_mixin.mixin.mixin_argument.MixinArgumentDecorator object at 0x767926b1c520>, verb_extension=<colcon_core.verb.build.BuildVerb object at 0x767926ce3ee0>, main=<bound method BuildVerb.main of <colcon_core.verb.build.BuildVerb object at 0x767926ce3ee0>>, mixin_verb=('build',))[0m
[0.164s] [34mcolcon.colcon_core.package_discovery[0m [1;30mLevel 1[0m discover_packages(colcon_meta) check parameters
[0.164s] [34mcolcon.colcon_core.package_discovery[0m [1;30mLevel 1[0m discover_packages(recursive) check parameters
[0.164s] [34mcolcon.colcon_core.package_discovery[0m [1;30mLevel 1[0m discover_packages(ignore) check parameters
[0.164s] [34mcolcon.colcon_core.package_discovery[0m [1;30mLevel 1[0m discover_packages(path) check parameters
[0.164s] [34mcolcon.colcon_core.package_discovery[0m [1;30mLevel 1[0m discover_packages(colcon_meta) discover
[0.164s] [34mcolcon.colcon_core.package_discovery[0m [1;30mLevel 1[0m discover_packages(recursive) discover
[0.164s] [34mcolcon.colcon_core.package_discovery[0m [1;30mINFO[0m Crawling recursively for packages in '/home/administrator/ros2arm_ws'
[0.164s] [34mcolcon.colcon_core.package_identification[0m [1;30mLevel 1[0m _identify(.) by extensions ['ignore', 'ignore_ament_install']
[0.164s] [34mcolcon.colcon_core.package_identification[0m [1;30mLevel 1[0m _identify(.) by extension 'ignore'
[0.164s] [34mcolcon.colcon_core.package_identification[0m [1;30mLevel 1[0m _identify(.) by extension 'ignore_ament_install'
[0.164s] [34mcolcon.colcon_core.package_identification[0m [1;30mLevel 1[0m _identify(.) by extensions ['colcon_pkg']
[0.164s] [34mcolcon.colcon_core.package_identification[0m [1;30mLevel 1[0m _identify(.) by extension 'colcon_pkg'
[0.164s] [34mcolcon.colcon_core.package_identification[0m [1;30mLevel 1[0m _identify(.) by extensions ['colcon_meta']
[0.164s] [34mcolcon.colcon_core.package_identification[0m [1;30mLevel 1[0m _identify(.) by extension 'colcon_meta'
[0.164s] [34mcolcon.colcon_core.package_identification[0m [1;30mLevel 1[0m _identify(.) by extensions ['ros']
[0.164s] [34mcolcon.colcon_core.package_identification[0m [1;30mLevel 1[0m _identify(.) by extension 'ros'
[0.171s] [34mcolcon.colcon_core.package_identification[0m [1;30mLevel 1[0m _identify(.) by extensions ['cmake', 'python']
[0.171s] [34mcolcon.colcon_core.package_identification[0m [1;30mLevel 1[0m _identify(.) by extension 'cmake'
[0.171s] [34mcolcon.colcon_core.package_identification[0m [1;30mLevel 1[0m _identify(.) by extension 'python'
[0.171s] [34mcolcon.colcon_core.package_identification[0m [1;30mLevel 1[0m _identify(.) by extensions ['python_setup_py']
[0.171s] [34mcolcon.colcon_core.package_identification[0m [1;30mLevel 1[0m _identify(.) by extension 'python_setup_py'
[0.171s] [34mcolcon.colcon_core.package_identification[0m [1;30mLevel 1[0m _identify(build) by extensions ['ignore', 'ignore_ament_install']
[0.171s] [34mcolcon.colcon_core.package_identification[0m [1;30mLevel 1[0m _identify(build) by extension 'ignore'
[0.171s] [34mcolcon.colcon_core.package_identification[0m [1;30mLevel 1[0m _identify(build) ignored
[0.171s] [34mcolcon.colcon_core.package_identification[0m [1;30mLevel 1[0m _identify(install) by extensions ['ignore', 'ignore_ament_install']
[0.171s] [34mcolcon.colcon_core.package_identification[0m [1;30mLevel 1[0m _identify(install) by extension 'ignore'
[0.171s] [34mcolcon.colcon_core.package_identification[0m [1;30mLevel 1[0m _identify(install) ignored
[0.171s] [34mcolcon.colcon_core.package_identification[0m [1;30mLevel 1[0m _identify(log) by extensions ['ignore', 'ignore_ament_install']
[0.171s] [34mcolcon.colcon_core.package_identification[0m [1;30mLevel 1[0m _identify(log) by extension 'ignore'
[0.171s] [34mcolcon.colcon_core.package_identification[0m [1;30mLevel 1[0m _identify(log) ignored
[0.171s] [34mcolcon.colcon_core.package_identification[0m [1;30mLevel 1[0m _identify(src) by extensions ['ignore', 'ignore_ament_install']
[0.171s] [34mcolcon.colcon_core.package_identification[0m [1;30mLevel 1[0m _identify(src) by extension 'ignore'
[0.171s] [34mcolcon.colcon_core.package_identification[0m [1;30mLevel 1[0m _identify(src) by extension 'ignore_ament_install'
[0.171s] [34mcolcon.colcon_core.package_identification[0m [1;30mLevel 1[0m _identify(src) by extensions ['colcon_pkg']
[0.171s] [34mcolcon.colcon_core.package_identification[0m [1;30mLevel 1[0m _identify(src) by extension 'colcon_pkg'
[0.171s] [34mcolcon.colcon_core.package_identification[0m [1;30mLevel 1[0m _identify(src) by extensions ['colcon_meta']
[0.171s] [34mcolcon.colcon_core.package_identification[0m [1;30mLevel 1[0m _identify(src) by extension 'colcon_meta'
[0.172s] [34mcolcon.colcon_core.package_identification[0m [1;30mLevel 1[0m _identify(src) by extensions ['ros']
[0.172s] [34mcolcon.colcon_core.package_identification[0m [1;30mLevel 1[0m _identify(src) by extension 'ros'
[0.172s] [34mcolcon.colcon_core.package_identification[0m [1;30mLevel 1[0m _identify(src) by extensions ['cmake', 'python']
[0.172s] [34mcolcon.colcon_core.package_identification[0m [1;30mLevel 1[0m _identify(src) by extension 'cmake'
[0.172s] [34mcolcon.colcon_core.package_identification[0m [1;30mLevel 1[0m _identify(src) by extension 'python'
[0.172s] [34mcolcon.colcon_core.package_identification[0m [1;30mLevel 1[0m _identify(src) by extensions ['python_setup_py']
[0.172s] [34mcolcon.colcon_core.package_identification[0m [1;30mLevel 1[0m _identify(src) by extension 'python_setup_py'
[0.172s] [34mcolcon.colcon_core.package_identification[0m [1;30mLevel 1[0m _identify(src/cycloidal_arm) by extensions ['ignore', 'ignore_ament_install']
[0.172s] [34mcolcon.colcon_core.package_identification[0m [1;30mLevel 1[0m _identify(src/cycloidal_arm) by extension 'ignore'
[0.172s] [34mcolcon.colcon_core.package_identification[0m [1;30mLevel 1[0m _identify(src/cycloidal_arm) by extension 'ignore_ament_install'
[0.172s] [34mcolcon.colcon_core.package_identification[0m [1;30mLevel 1[0m _identify(src/cycloidal_arm) by extensions ['colcon_pkg']
[0.172s] [34mcolcon.colcon_core.package_identification[0m [1;30mLevel 1[0m _identify(src/cycloidal_arm) by extension 'colcon_pkg'
[0.172s] [34mcolcon.colcon_core.package_identification[0m [1;30mLevel 1[0m _identify(src/cycloidal_arm) by extensions ['colcon_meta']
[0.172s] [34mcolcon.colcon_core.package_identification[0m [1;30mLevel 1[0m _identify(src/cycloidal_arm) by extension 'colcon_meta'
[0.172s] [34mcolcon.colcon_core.package_identification[0m [1;30mLevel 1[0m _identify(src/cycloidal_arm) by extensions ['ros']
[0.172s] [34mcolcon.colcon_core.package_identification[0m [1;30mLevel 1[0m _identify(src/cycloidal_arm) by extension 'ros'
[0.173s] [34mcolcon.colcon_core.package_identification[0m [1;30mDEBUG[0m [32mPackage 'src/cycloidal_arm' with type 'ros.ament_cmake' and name 'cycloidal_arm'[0m
[0.173s] [34mcolcon.colcon_core.package_identification[0m [1;30mLevel 1[0m _identify(src/cycloidal_arm_moveit_config) by extensions ['ignore', 'ignore_ament_install']
[0.173s] [34mcolcon.colcon_core.package_identification[0m [1;30mLevel 1[0m _identify(src/cycloidal_arm_moveit_config) by extension 'ignore'
[0.173s] [34mcolcon.colcon_core.package_identification[0m [1;30mLevel 1[0m _identify(src/cycloidal_arm_moveit_config) by extension 'ignore_ament_install'
[0.173s] [34mcolcon.colcon_core.package_identification[0m [1;30mLevel 1[0m _identify(src/cycloidal_arm_moveit_config) by extensions ['colcon_pkg']
[0.173s] [34mcolcon.colcon_core.package_identification[0m [1;30mLevel 1[0m _identify(src/cycloidal_arm_moveit_config) by extension 'colcon_pkg'
[0.173s] [34mcolcon.colcon_core.package_identification[0m [1;30mLevel 1[0m _identify(src/cycloidal_arm_moveit_config) by extensions ['colcon_meta']
[0.173s] [34mcolcon.colcon_core.package_identification[0m [1;30mLevel 1[0m _identify(src/cycloidal_arm_moveit_config) by extension 'colcon_meta'
[0.174s] [34mcolcon.colcon_core.package_identification[0m [1;30mLevel 1[0m _identify(src/cycloidal_arm_moveit_config) by extensions ['ros']
[0.174s] [34mcolcon.colcon_core.package_identification[0m [1;30mLevel 1[0m _identify(src/cycloidal_arm_moveit_config) by extension 'ros'
[0.174s] [34mcolcon.colcon_core.package_identification[0m [1;30mDEBUG[0m [32mPackage 'src/cycloidal_arm_moveit_config' with type 'ros.ament_cmake' and name 'cycloidal_arm_moveit_config'[0m
[0.174s] [34mcolcon.colcon_core.package_identification[0m [1;30mLevel 1[0m _identify(src/hello_moveit) by extensions ['ignore', 'ignore_ament_install']
[0.174s] [34mcolcon.colcon_core.package_identification[0m [1;30mLevel 1[0m _identify(src/hello_moveit) by extension 'ignore'
[0.174s] [34mcolcon.colcon_core.package_identification[0m [1;30mLevel 1[0m _identify(src/hello_moveit) by extension 'ignore_ament_install'
[0.174s] [34mcolcon.colcon_core.package_identification[0m [1;30mLevel 1[0m _identify(src/hello_moveit) by extensions ['colcon_pkg']
[0.174s] [34mcolcon.colcon_core.package_identification[0m [1;30mLevel 1[0m _identify(src/hello_moveit) by extension 'colcon_pkg'
[0.174s] [34mcolcon.colcon_core.package_identification[0m [1;30mLevel 1[0m _identify(src/hello_moveit) by extensions ['colcon_meta']
[0.174s] [34mcolcon.colcon_core.package_identification[0m [1;30mLevel 1[0m _identify(src/hello_moveit) by extension 'colcon_meta'
[0.174s] [34mcolcon.colcon_core.package_identification[0m [1;30mLevel 1[0m _identify(src/hello_moveit) by extensions ['ros']
[0.174s] [34mcolcon.colcon_core.package_identification[0m [1;30mLevel 1[0m _identify(src/hello_moveit) by extension 'ros'
[0.175s] [34mcolcon.colcon_core.package_identification[0m [1;30mDEBUG[0m [32mPackage 'src/hello_moveit' with type 'ros.ament_cmake' and name 'hello_moveit'[0m
[0.175s] [34mcolcon.colcon_core.package_identification[0m [1;30mLevel 1[0m _identify(src/ros2_arduino_bridge) by extensions ['ignore', 'ignore_ament_install']
[0.175s] [34mcolcon.colcon_core.package_identification[0m [1;30mLevel 1[0m _identify(src/ros2_arduino_bridge) by extension 'ignore'
[0.175s] [34mcolcon.colcon_core.package_identification[0m [1;30mLevel 1[0m _identify(src/ros2_arduino_bridge) by extension 'ignore_ament_install'
[0.175s] [34mcolcon.colcon_core.package_identification[0m [1;30mLevel 1[0m _identify(src/ros2_arduino_bridge) by extensions ['colcon_pkg']
[0.175s] [34mcolcon.colcon_core.package_identification[0m [1;30mLevel 1[0m _identify(src/ros2_arduino_bridge) by extension 'colcon_pkg'
[0.175s] [34mcolcon.colcon_core.package_identification[0m [1;30mLevel 1[0m _identify(src/ros2_arduino_bridge) by extensions ['colcon_meta']
[0.175s] [34mcolcon.colcon_core.package_identification[0m [1;30mLevel 1[0m _identify(src/ros2_arduino_bridge) by extension 'colcon_meta'
[0.175s] [34mcolcon.colcon_core.package_identification[0m [1;30mLevel 1[0m _identify(src/ros2_arduino_bridge) by extensions ['ros']
[0.175s] [34mcolcon.colcon_core.package_identification[0m [1;30mLevel 1[0m _identify(src/ros2_arduino_bridge) by extension 'ros'
[0.175s] [34mcolcon.colcon_core.package_identification[0m [1;30mDEBUG[0m [32mPackage 'src/ros2_arduino_bridge' with type 'ros.ament_cmake' and name 'ros2_arduino_bridge'[0m
[0.175s] [34mcolcon.colcon_core.package_identification[0m [1;30mLevel 1[0m _identify(src/yolo_pred) by extensions ['ignore', 'ignore_ament_install']
[0.175s] [34mcolcon.colcon_core.package_identification[0m [1;30mLevel 1[0m _identify(src/yolo_pred) by extension 'ignore'
[0.175s] [34mcolcon.colcon_core.package_identification[0m [1;30mLevel 1[0m _identify(src/yolo_pred) by extension 'ignore_ament_install'
[0.175s] [34mcolcon.colcon_core.package_identification[0m [1;30mLevel 1[0m _identify(src/yolo_pred) by extensions ['colcon_pkg']
[0.175s] [34mcolcon.colcon_core.package_identification[0m [1;30mLevel 1[0m _identify(src/yolo_pred) by extension 'colcon_pkg'
[0.175s] [34mcolcon.colcon_core.package_identification[0m [1;30mLevel 1[0m _identify(src/yolo_pred) by extensions ['colcon_meta']
[0.175s] [34mcolcon.colcon_core.package_identification[0m [1;30mLevel 1[0m _identify(src/yolo_pred) by extension 'colcon_meta'
[0.175s] [34mcolcon.colcon_core.package_identification[0m [1;30mLevel 1[0m _identify(src/yolo_pred) by extensions ['ros']
[0.175s] [34mcolcon.colcon_core.package_identification[0m [1;30mLevel 1[0m _identify(src/yolo_pred) by extension 'ros'
[0.176s] [34mcolcon.colcon_core.package_identification[0m [1;30mDEBUG[0m [32mPackage 'src/yolo_pred' with type 'ros.ament_cmake' and name 'yolo_pred'[0m
[0.176s] [34mcolcon.colcon_core.package_discovery[0m [1;30mLevel 1[0m discover_packages(recursive) using defaults
[0.176s] [34mcolcon.colcon_core.package_discovery[0m [1;30mLevel 1[0m discover_packages(ignore) discover
[0.176s] [34mcolcon.colcon_core.package_discovery[0m [1;30mLevel 1[0m discover_packages(ignore) using defaults
[0.176s] [34mcolcon.colcon_core.package_discovery[0m [1;30mLevel 1[0m discover_packages(path) discover
[0.176s] [34mcolcon.colcon_core.package_discovery[0m [1;30mLevel 1[0m discover_packages(path) using defaults
[0.191s] [34mcolcon.colcon_core.package_discovery[0m [1;30mLevel 1[0m discover_packages(prefix_path) check parameters
[0.191s] [34mcolcon.colcon_core.package_discovery[0m [1;30mLevel 1[0m discover_packages(prefix_path) discover
[0.192s] [34mcolcon.colcon_installed_package_information.package_discovery[0m [1;30mDEBUG[0m [32mFound 5 installed packages in /home/administrator/ros2arm_ws/install[0m
[0.192s] [34mcolcon.colcon_installed_package_information.package_discovery[0m [1;30mDEBUG[0m [32mFound 0 installed packages in /home/administrator/ros2_ws/install[0m
[0.192s] [34mcolcon.colcon_installed_package_information.package_discovery[0m [1;30mDEBUG[0m [32mFound 4 installed packages in /home/administrator/uros_ws/install[0m
[0.192s] [34mcolcon.colcon_installed_package_information.package_discovery[0m [1;30mDEBUG[0m [32mFound 0 installed packages in /home/administrator/cycloidal_ws/install[0m
[0.193s] [34mcolcon.colcon_installed_package_information.package_discovery[0m [1;30mDEBUG[0m [32mFound 362 installed packages in /opt/ros/humble[0m
[0.194s] [34mcolcon.colcon_core.package_discovery[0m [1;30mLevel 1[0m discover_packages(prefix_path) using defaults
[0.218s] [34mcolcon.colcon_core.verb[0m [1;30mLevel 5[0m set package 'cycloidal_arm' build argument 'cmake_args' from command line to 'None'
[0.218s] [34mcolcon.colcon_core.verb[0m [1;30mLevel 5[0m set package 'cycloidal_arm' build argument 'cmake_target' from command line to 'None'
[0.218s] [34mcolcon.colcon_core.verb[0m [1;30mLevel 5[0m set package 'cycloidal_arm' build argument 'cmake_target_skip_unavailable' from command line to 'False'
[0.218s] [34mcolcon.colcon_core.verb[0m [1;30mLevel 5[0m set package 'cycloidal_arm' build argument 'cmake_clean_cache' from command line to 'False'
[0.218s] [34mcolcon.colcon_core.verb[0m [1;30mLevel 5[0m set package 'cycloidal_arm' build argument 'cmake_clean_first' from command line to 'False'
[0.218s] [34mcolcon.colcon_core.verb[0m [1;30mLevel 5[0m set package 'cycloidal_arm' build argument 'cmake_force_configure' from command line to 'False'
[0.218s] [34mcolcon.colcon_core.verb[0m [1;30mLevel 5[0m set package 'cycloidal_arm' build argument 'ament_cmake_args' from command line to 'None'
[0.218s] [34mcolcon.colcon_core.verb[0m [1;30mLevel 5[0m set package 'cycloidal_arm' build argument 'catkin_cmake_args' from command line to 'None'
[0.218s] [34mcolcon.colcon_core.verb[0m [1;30mLevel 5[0m set package 'cycloidal_arm' build argument 'catkin_skip_building_tests' from command line to 'False'
[0.218s] [34mcolcon.colcon_core.verb[0m [1;30mDEBUG[0m [32mBuilding package 'cycloidal_arm' with the following arguments: {'ament_cmake_args': None, 'build_base': '/home/administrator/ros2arm_ws/build/cycloidal_arm', 'catkin_cmake_args': None, 'catkin_skip_building_tests': False, 'cmake_args': None, 'cmake_clean_cache': False, 'cmake_clean_first': False, 'cmake_force_configure': False, 'cmake_target': None, 'cmake_target_skip_unavailable': False, 'install_base': '/home/administrator/ros2arm_ws/install/cycloidal_arm', 'merge_install': False, 'path': '/home/administrator/ros2arm_ws/src/cycloidal_arm', 'symlink_install': False, 'test_result_base': None}[0m
[0.218s] [34mcolcon.colcon_core.verb[0m [1;30mLevel 5[0m set package 'hello_moveit' build argument 'cmake_args' from command line to 'None'
[0.218s] [34mcolcon.colcon_core.verb[0m [1;30mLevel 5[0m set package 'hello_moveit' build argument 'cmake_target' from command line to 'None'
[0.218s] [34mcolcon.colcon_core.verb[0m [1;30mLevel 5[0m set package 'hello_moveit' build argument 'cmake_target_skip_unavailable' from command line to 'False'
[0.218s] [34mcolcon.colcon_core.verb[0m [1;30mLevel 5[0m set package 'hello_moveit' build argument 'cmake_clean_cache' from command line to 'False'
[0.218s] [34mcolcon.colcon_core.verb[0m [1;30mLevel 5[0m set package 'hello_moveit' build argument 'cmake_clean_first' from command line to 'False'
[0.218s] [34mcolcon.colcon_core.verb[0m [1;30mLevel 5[0m set package 'hello_moveit' build argument 'cmake_force_configure' from command line to 'False'
[0.218s] [34mcolcon.colcon_core.verb[0m [1;30mLevel 5[0m set package 'hello_moveit' build argument 'ament_cmake_args' from command line to 'None'
[0.218s] [34mcolcon.colcon_core.verb[0m [1;30mLevel 5[0m set package 'hello_moveit' build argument 'catkin_cmake_args' from command line to 'None'
[0.218s] [34mcolcon.colcon_core.verb[0m [1;30mLevel 5[0m set package 'hello_moveit' build argument 'catkin_skip_building_tests' from command line to 'False'
[0.218s] [34mcolcon.colcon_core.verb[0m [1;30mDEBUG[0m [32mBuilding package 'hello_moveit' with the following arguments: {'ament_cmake_args': None, 'build_base': '/home/administrator/ros2arm_ws/build/hello_moveit', 'catkin_cmake_args': None, 'catkin_skip_building_tests': False, 'cmake_args': None, 'cmake_clean_cache': False, 'cmake_clean_first': False, 'cmake_force_configure': False, 'cmake_target': None, 'cmake_target_skip_unavailable': False, 'install_base': '/home/administrator/ros2arm_ws/install/hello_moveit', 'merge_install': False, 'path': '/home/administrator/ros2arm_ws/src/hello_moveit', 'symlink_install': False, 'test_result_base': None}[0m
[0.219s] [34mcolcon.colcon_core.verb[0m [1;30mLevel 5[0m set package 'ros2_arduino_bridge' build argument 'cmake_args' from command line to 'None'
[0.219s] [34mcolcon.colcon_core.verb[0m [1;30mLevel 5[0m set package 'ros2_arduino_bridge' build argument 'cmake_target' from command line to 'None'
[0.219s] [34mcolcon.colcon_core.verb[0m [1;30mLevel 5[0m set package 'ros2_arduino_bridge' build argument 'cmake_target_skip_unavailable' from command line to 'False'
[0.219s] [34mcolcon.colcon_core.verb[0m [1;30mLevel 5[0m set package 'ros2_arduino_bridge' build argument 'cmake_clean_cache' from command line to 'False'
[0.219s] [34mcolcon.colcon_core.verb[0m [1;30mLevel 5[0m set package 'ros2_arduino_bridge' build argument 'cmake_clean_first' from command line to 'False'
[0.219s] [34mcolcon.colcon_core.verb[0m [1;30mLevel 5[0m set package 'ros2_arduino_bridge' build argument 'cmake_force_configure' from command line to 'False'
[0.219s] [34mcolcon.colcon_core.verb[0m [1;30mLevel 5[0m set package 'ros2_arduino_bridge' build argument 'ament_cmake_args' from command line to 'None'
[0.219s] [34mcolcon.colcon_core.verb[0m [1;30mLevel 5[0m set package 'ros2_arduino_bridge' build argument 'catkin_cmake_args' from command line to 'None'
[0.219s] [34mcolcon.colcon_core.verb[0m [1;30mLevel 5[0m set package 'ros2_arduino_bridge' build argument 'catkin_skip_building_tests' from command line to 'False'
[0.219s] [34mcolcon.colcon_core.verb[0m [1;30mDEBUG[0m [32mBuilding package 'ros2_arduino_bridge' with the following arguments: {'ament_cmake_args': None, 'build_base': '/home/administrator/ros2arm_ws/build/ros2_arduino_bridge', 'catkin_cmake_args': None, 'catkin_skip_building_tests': False, 'cmake_args': None, 'cmake_clean_cache': False, 'cmake_clean_first': False, 'cmake_force_configure': False, 'cmake_target': None, 'cmake_target_skip_unavailable': False, 'install_base': '/home/administrator/ros2arm_ws/install/ros2_arduino_bridge', 'merge_install': False, 'path': '/home/administrator/ros2arm_ws/src/ros2_arduino_bridge', 'symlink_install': False, 'test_result_base': None}[0m
[0.219s] [34mcolcon.colcon_core.verb[0m [1;30mLevel 5[0m set package 'yolo_pred' build argument 'cmake_args' from command line to 'None'
[0.219s] [34mcolcon.colcon_core.verb[0m [1;30mLevel 5[0m set package 'yolo_pred' build argument 'cmake_target' from command line to 'None'
[0.219s] [34mcolcon.colcon_core.verb[0m [1;30mLevel 5[0m set package 'yolo_pred' build argument 'cmake_target_skip_unavailable' from command line to 'False'
[0.219s] [34mcolcon.colcon_core.verb[0m [1;30mLevel 5[0m set package 'yolo_pred' build argument 'cmake_clean_cache' from command line to 'False'
[0.219s] [34mcolcon.colcon_core.verb[0m [1;30mLevel 5[0m set package 'yolo_pred' build argument 'cmake_clean_first' from command line to 'False'
[0.219s] [34mcolcon.colcon_core.verb[0m [1;30mLevel 5[0m set package 'yolo_pred' build argument 'cmake_force_configure' from command line to 'False'
[0.219s] [34mcolcon.colcon_core.verb[0m [1;30mLevel 5[0m set package 'yolo_pred' build argument 'ament_cmake_args' from command line to 'None'
[0.219s] [34mcolcon.colcon_core.verb[0m [1;30mLevel 5[0m set package 'yolo_pred' build argument 'catkin_cmake_args' from command line to 'None'
[0.219s] [34mcolcon.colcon_core.verb[0m [1;30mLevel 5[0m set package 'yolo_pred' build argument 'catkin_skip_building_tests' from command line to 'False'
[0.219s] [34mcolcon.colcon_core.verb[0m [1;30mDEBUG[0m [32mBuilding package 'yolo_pred' with the following arguments: {'ament_cmake_args': None, 'build_base': '/home/administrator/ros2arm_ws/build/yolo_pred', 'catkin_cmake_args': None, 'catkin_skip_building_tests': False, 'cmake_args': None, 'cmake_clean_cache': False, 'cmake_clean_first': False, 'cmake_force_configure': False, 'cmake_target': None, 'cmake_target_skip_unavailable': False, 'install_base': '/home/administrator/ros2arm_ws/install/yolo_pred', 'merge_install': False, 'path': '/home/administrator/ros2arm_ws/src/yolo_pred', 'symlink_install': False, 'test_result_base': None}[0m
[0.219s] [34mcolcon.colcon_core.verb[0m [1;30mLevel 5[0m set package 'cycloidal_arm_moveit_config' build argument 'cmake_args' from command line to 'None'
[0.219s] [34mcolcon.colcon_core.verb[0m [1;30mLevel 5[0m set package 'cycloidal_arm_moveit_config' build argument 'cmake_target' from command line to 'None'
[0.219s] [34mcolcon.colcon_core.verb[0m [1;30mLevel 5[0m set package 'cycloidal_arm_moveit_config' build argument 'cmake_target_skip_unavailable' from command line to 'False'
[0.219s] [34mcolcon.colcon_core.verb[0m [1;30mLevel 5[0m set package 'cycloidal_arm_moveit_config' build argument 'cmake_clean_cache' from command line to 'False'
[0.219s] [34mcolcon.colcon_core.verb[0m [1;30mLevel 5[0m set package 'cycloidal_arm_moveit_config' build argument 'cmake_clean_first' from command line to 'False'
[0.219s] [34mcolcon.colcon_core.verb[0m [1;30mLevel 5[0m set package 'cycloidal_arm_moveit_config' build argument 'cmake_force_configure' from command line to 'False'
[0.219s] [34mcolcon.colcon_core.verb[0m [1;30mLevel 5[0m set package 'cycloidal_arm_moveit_config' build argument 'ament_cmake_args' from command line to 'None'
[0.219s] [34mcolcon.colcon_core.verb[0m [1;30mLevel 5[0m set package 'cycloidal_arm_moveit_config' build argument 'catkin_cmake_args' from command line to 'None'
[0.219s] [34mcolcon.colcon_core.verb[0m [1;30mLevel 5[0m set package 'cycloidal_arm_moveit_config' build argument 'catkin_skip_building_tests' from command line to 'False'
[0.219s] [34mcolcon.colcon_core.verb[0m [1;30mDEBUG[0m [32mBuilding package 'cycloidal_arm_moveit_config' with the following arguments: {'ament_cmake_args': None, 'build_base': '/home/administrator/ros2arm_ws/build/cycloidal_arm_moveit_config', 'catkin_cmake_args': None, 'catkin_skip_building_tests': False, 'cmake_args': None, 'cmake_clean_cache': False, 'cmake_clean_first': False, 'cmake_force_configure': False, 'cmake_target': None, 'cmake_target_skip_unavailable': False, 'install_base': '/home/administrator/ros2arm_ws/install/cycloidal_arm_moveit_config', 'merge_install': False, 'path': '/home/administrator/ros2arm_ws/src/cycloidal_arm_moveit_config', 'symlink_install': False, 'test_result_base': None}[0m
[0.219s] [34mcolcon.colcon_core.executor[0m [1;30mINFO[0m Executing jobs using 'parallel' executor
[0.220s] [34mcolcon.colcon_parallel_executor.executor.parallel[0m [1;30mDEBUG[0m [32mrun_until_complete[0m
[0.220s] [34mcolcon.colcon_ros.task.ament_cmake.build[0m [1;30mINFO[0m Building ROS package in '/home/administrator/ros2arm_ws/src/cycloidal_arm' with build type 'ament_cmake'
[0.220s] [34mcolcon.colcon_cmake.task.cmake.build[0m [1;30mINFO[0m Building CMake package in '/home/administrator/ros2arm_ws/src/cycloidal_arm'
[0.221s] [34mcolcon.colcon_core.plugin_system[0m [1;30mINFO[0m Skipping extension 'colcon_core.shell.bat': Not used on non-Windows systems
[0.221s] [34mcolcon.colcon_core.shell[0m [1;30mINFO[0m Skip shell extension 'powershell' for command environment: Not usable outside of PowerShell
[0.222s] [34mcolcon.colcon_core.shell[0m [1;30mDEBUG[0m [32mSkip shell extension 'dsv' for command environment[0m
[0.224s] [34mcolcon.colcon_ros.task.ament_cmake.build[0m [1;30mINFO[0m Building ROS package in '/home/administrator/ros2arm_ws/src/hello_moveit' with build type 'ament_cmake'
[0.225s] [34mcolcon.colcon_cmake.task.cmake.build[0m [1;30mINFO[0m Building CMake package in '/home/administrator/ros2arm_ws/src/hello_moveit'
[0.225s] [34mcolcon.colcon_core.shell[0m [1;30mINFO[0m Skip shell extension 'powershell' for command environment: Not usable outside of PowerShell
[0.225s] [34mcolcon.colcon_core.shell[0m [1;30mDEBUG[0m [32mSkip shell extension 'dsv' for command environment[0m
[0.227s] [34mcolcon.colcon_ros.task.ament_cmake.build[0m [1;30mINFO[0m Building ROS package in '/home/administrator/ros2arm_ws/src/ros2_arduino_bridge' with build type 'ament_cmake'
[0.227s] [34mcolcon.colcon_cmake.task.cmake.build[0m [1;30mINFO[0m Building CMake package in '/home/administrator/ros2arm_ws/src/ros2_arduino_bridge'
[0.227s] [34mcolcon.colcon_core.shell[0m [1;30mINFO[0m Skip shell extension 'powershell' for command environment: Not usable outside of PowerShell
[0.227s] [34mcolcon.colcon_core.shell[0m [1;30mDEBUG[0m [32mSkip shell extension 'dsv' for command environment[0m
[0.229s] [34mcolcon.colcon_ros.task.ament_cmake.build[0m [1;30mINFO[0m Building ROS package in '/home/administrator/ros2arm_ws/src/yolo_pred' with build type 'ament_cmake'
[0.230s] [34mcolcon.colcon_cmake.task.cmake.build[0m [1;30mINFO[0m Building CMake package in '/home/administrator/ros2arm_ws/src/yolo_pred'
[0.230s] [34mcolcon.colcon_core.shell[0m [1;30mINFO[0m Skip shell extension 'powershell' for command environment: Not usable outside of PowerShell
[0.230s] [34mcolcon.colcon_core.shell[0m [1;30mDEBUG[0m [32mSkip shell extension 'dsv' for command environment[0m
[0.236s] [34mcolcon.colcon_core.event_handler.log_command[0m [1;30mDEBUG[0m [32mInvoking command in '/home/administrator/ros2arm_ws/build/cycloidal_arm': CMAKE_PREFIX_PATH=${CMAKE_PREFIX_PATH}:/opt/ros/humble /usr/bin/cmake --build /home/administrator/ros2arm_ws/build/cycloidal_arm -- -j20 -l20[0m
[0.237s] [34mcolcon.colcon_core.event_handler.log_command[0m [1;30mDEBUG[0m [32mInvoking command in '/home/administrator/ros2arm_ws/build/hello_moveit': CMAKE_PREFIX_PATH=${CMAKE_PREFIX_PATH}:/opt/ros/humble /usr/bin/cmake --build /home/administrator/ros2arm_ws/build/hello_moveit -- -j20 -l20[0m
[0.239s] [34mcolcon.colcon_core.event_handler.log_command[0m [1;30mDEBUG[0m [32mInvoking command in '/home/administrator/ros2arm_ws/build/ros2_arduino_bridge': CMAKE_PREFIX_PATH=${CMAKE_PREFIX_PATH}:/opt/ros/humble /usr/bin/cmake --build /home/administrator/ros2arm_ws/build/ros2_arduino_bridge -- -j20 -l20[0m
[0.242s] [34mcolcon.colcon_core.event_handler.log_command[0m [1;30mDEBUG[0m [32mInvoking command in '/home/administrator/ros2arm_ws/build/yolo_pred': CMAKE_PREFIX_PATH=${CMAKE_PREFIX_PATH}:/opt/ros/humble /usr/bin/cmake --build /home/administrator/ros2arm_ws/build/yolo_pred -- -j20 -l20[0m
[0.257s] [34mcolcon.colcon_core.event_handler.log_command[0m [1;30mDEBUG[0m [32mInvoked command in '/home/administrator/ros2arm_ws/build/cycloidal_arm' returned '0': CMAKE_PREFIX_PATH=${CMAKE_PREFIX_PATH}:/opt/ros/humble /usr/bin/cmake --build /home/administrator/ros2arm_ws/build/cycloidal_arm -- -j20 -l20[0m
[0.259s] [34mcolcon.colcon_core.event_handler.log_command[0m [1;30mDEBUG[0m [32mInvoked command in '/home/administrator/ros2arm_ws/build/ros2_arduino_bridge' returned '0': CMAKE_PREFIX_PATH=${CMAKE_PREFIX_PATH}:/opt/ros/humble /usr/bin/cmake --build /home/administrator/ros2arm_ws/build/ros2_arduino_bridge -- -j20 -l20[0m
[0.263s] [34mcolcon.colcon_core.event_handler.log_command[0m [1;30mDEBUG[0m [32mInvoked command in '/home/administrator/ros2arm_ws/build/yolo_pred' returned '0': CMAKE_PREFIX_PATH=${CMAKE_PREFIX_PATH}:/opt/ros/humble /usr/bin/cmake --build /home/administrator/ros2arm_ws/build/yolo_pred -- -j20 -l20[0m
[0.276s] [34mcolcon.colcon_core.event_handler.log_command[0m [1;30mDEBUG[0m [32mInvoking command in '/home/administrator/ros2arm_ws/build/cycloidal_arm': CMAKE_PREFIX_PATH=${CMAKE_PREFIX_PATH}:/opt/ros/humble /usr/bin/cmake --install /home/administrator/ros2arm_ws/build/cycloidal_arm[0m
[0.277s] [34mcolcon.colcon_core.event_handler.log_command[0m [1;30mDEBUG[0m [32mInvoking command in '/home/administrator/ros2arm_ws/build/yolo_pred': CMAKE_PREFIX_PATH=${CMAKE_PREFIX_PATH}:/opt/ros/humble /usr/bin/cmake --install /home/administrator/ros2arm_ws/build/yolo_pred[0m
[0.278s] [34mcolcon.colcon_core.event_handler.log_command[0m [1;30mDEBUG[0m [32mInvoking command in '/home/administrator/ros2arm_ws/build/ros2_arduino_bridge': CMAKE_PREFIX_PATH=${CMAKE_PREFIX_PATH}:/opt/ros/humble /usr/bin/cmake --install /home/administrator/ros2arm_ws/build/ros2_arduino_bridge[0m
[0.289s] [34mcolcon.colcon_core.environment[0m [1;30mLevel 1[0m create_environment_scripts_only(ros2_arduino_bridge)
[0.290s] [34mcolcon.colcon_core.event_handler.log_command[0m [1;30mDEBUG[0m [32mInvoked command in '/home/administrator/ros2arm_ws/build/ros2_arduino_bridge' returned '0': CMAKE_PREFIX_PATH=${CMAKE_PREFIX_PATH}:/opt/ros/humble /usr/bin/cmake --install /home/administrator/ros2arm_ws/build/ros2_arduino_bridge[0m
[0.291s] [34mcolcon.colcon_core.environment[0m [1;30mLevel 1[0m checking '/home/administrator/ros2arm_ws/install/ros2_arduino_bridge' for CMake module files
[0.292s] [34mcolcon.colcon_core.environment[0m [1;30mLevel 1[0m checking '/home/administrator/ros2arm_ws/install/ros2_arduino_bridge' for CMake config files
[0.292s] [34mcolcon.colcon_core.shell[0m [1;30mLevel 1[0m create_environment_hook('ros2_arduino_bridge', 'cmake_prefix_path')
[0.292s] [34mcolcon.colcon_core.shell[0m [1;30mINFO[0m Creating environment hook '/home/administrator/ros2arm_ws/install/ros2_arduino_bridge/share/ros2_arduino_bridge/hook/cmake_prefix_path.ps1'
[0.292s] [34mcolcon.colcon_core.shell[0m [1;30mINFO[0m Creating environment descriptor '/home/administrator/ros2arm_ws/install/ros2_arduino_bridge/share/ros2_arduino_bridge/hook/cmake_prefix_path.dsv'
[0.293s] [34mcolcon.colcon_core.shell[0m [1;30mINFO[0m Creating environment hook '/home/administrator/ros2arm_ws/install/ros2_arduino_bridge/share/ros2_arduino_bridge/hook/cmake_prefix_path.sh'
[0.293s] [34mcolcon.colcon_core.environment[0m [1;30mLevel 1[0m checking '/home/administrator/ros2arm_ws/install/ros2_arduino_bridge/lib'
[0.293s] [34mcolcon.colcon_core.environment[0m [1;30mLevel 1[0m checking '/home/administrator/ros2arm_ws/install/ros2_arduino_bridge/bin'
[0.293s] [34mcolcon.colcon_core.environment[0m [1;30mLevel 1[0m checking '/home/administrator/ros2arm_ws/install/ros2_arduino_bridge/lib/pkgconfig/ros2_arduino_bridge.pc'
[0.293s] [34mcolcon.colcon_core.environment[0m [1;30mLevel 1[0m checking '/home/administrator/ros2arm_ws/install/ros2_arduino_bridge/lib/python3.10/site-packages'
[0.294s] [34mcolcon.colcon_core.environment[0m [1;30mLevel 1[0m checking '/home/administrator/ros2arm_ws/install/ros2_arduino_bridge/bin'
[0.294s] [34mcolcon.colcon_core.shell[0m [1;30mINFO[0m Creating package script '/home/administrator/ros2arm_ws/install/ros2_arduino_bridge/share/ros2_arduino_bridge/package.ps1'
[0.294s] [34mcolcon.colcon_core.shell[0m [1;30mINFO[0m Creating package descriptor '/home/administrator/ros2arm_ws/install/ros2_arduino_bridge/share/ros2_arduino_bridge/package.dsv'
[0.294s] [34mcolcon.colcon_core.shell[0m [1;30mINFO[0m Creating package script '/home/administrator/ros2arm_ws/install/ros2_arduino_bridge/share/ros2_arduino_bridge/package.sh'
[0.295s] [34mcolcon.colcon_core.shell[0m [1;30mINFO[0m Creating package script '/home/administrator/ros2arm_ws/install/ros2_arduino_bridge/share/ros2_arduino_bridge/package.bash'
[0.295s] [34mcolcon.colcon_core.shell[0m [1;30mINFO[0m Creating package script '/home/administrator/ros2arm_ws/install/ros2_arduino_bridge/share/ros2_arduino_bridge/package.zsh'
[0.296s] [34mcolcon.colcon_core.environment[0m [1;30mLevel 1[0m create_file_with_runtime_dependencies(/home/administrator/ros2arm_ws/install/ros2_arduino_bridge/share/colcon-core/packages/ros2_arduino_bridge)
[0.297s] [34mcolcon.colcon_core.environment[0m [1;30mLevel 1[0m create_environment_scripts_only(cycloidal_arm)
[0.297s] [34mcolcon.colcon_core.environment[0m [1;30mLevel 1[0m checking '/home/administrator/ros2arm_ws/install/cycloidal_arm' for CMake module files
[0.297s] [34mcolcon.colcon_core.event_handler.log_command[0m [1;30mDEBUG[0m [32mInvoked command in '/home/administrator/ros2arm_ws/build/cycloidal_arm' returned '0': CMAKE_PREFIX_PATH=${CMAKE_PREFIX_PATH}:/opt/ros/humble /usr/bin/cmake --install /home/administrator/ros2arm_ws/build/cycloidal_arm[0m
[0.297s] [34mcolcon.colcon_core.environment[0m [1;30mLevel 1[0m checking '/home/administrator/ros2arm_ws/install/cycloidal_arm' for CMake config files
[0.298s] [34mcolcon.colcon_core.shell[0m [1;30mLevel 1[0m create_environment_hook('cycloidal_arm', 'cmake_prefix_path')
[0.298s] [34mcolcon.colcon_core.shell[0m [1;30mINFO[0m Creating environment hook '/home/administrator/ros2arm_ws/install/cycloidal_arm/share/cycloidal_arm/hook/cmake_prefix_path.ps1'
[0.298s] [34mcolcon.colcon_core.shell[0m [1;30mINFO[0m Creating environment descriptor '/home/administrator/ros2arm_ws/install/cycloidal_arm/share/cycloidal_arm/hook/cmake_prefix_path.dsv'
[0.298s] [34mcolcon.colcon_core.shell[0m [1;30mINFO[0m Creating environment hook '/home/administrator/ros2arm_ws/install/cycloidal_arm/share/cycloidal_arm/hook/cmake_prefix_path.sh'
[0.298s] [34mcolcon.colcon_core.environment[0m [1;30mLevel 1[0m checking '/home/administrator/ros2arm_ws/install/cycloidal_arm/bin'
[0.298s] [34mcolcon.colcon_core.environment[0m [1;30mLevel 1[0m checking '/home/administrator/ros2arm_ws/install/cycloidal_arm/lib/pkgconfig/cycloidal_arm.pc'
[0.298s] [34mcolcon.colcon_core.environment[0m [1;30mLevel 1[0m checking '/home/administrator/ros2arm_ws/install/cycloidal_arm/lib/python3.10/site-packages'
[0.299s] [34mcolcon.colcon_core.environment[0m [1;30mLevel 1[0m checking '/home/administrator/ros2arm_ws/install/cycloidal_arm/bin'
[0.299s] [34mcolcon.colcon_core.shell[0m [1;30mINFO[0m Creating package script '/home/administrator/ros2arm_ws/install/cycloidal_arm/share/cycloidal_arm/package.ps1'
[0.299s] [34mcolcon.colcon_core.shell[0m [1;30mINFO[0m Creating package descriptor '/home/administrator/ros2arm_ws/install/cycloidal_arm/share/cycloidal_arm/package.dsv'
[0.299s] [34mcolcon.colcon_core.shell[0m [1;30mINFO[0m Creating package script '/home/administrator/ros2arm_ws/install/cycloidal_arm/share/cycloidal_arm/package.sh'
[0.299s] [34mcolcon.colcon_core.shell[0m [1;30mINFO[0m Creating package script '/home/administrator/ros2arm_ws/install/cycloidal_arm/share/cycloidal_arm/package.bash'
[0.300s] [34mcolcon.colcon_core.shell[0m [1;30mINFO[0m Creating package script '/home/administrator/ros2arm_ws/install/cycloidal_arm/share/cycloidal_arm/package.zsh'
[0.300s] [34mcolcon.colcon_core.environment[0m [1;30mLevel 1[0m create_file_with_runtime_dependencies(/home/administrator/ros2arm_ws/install/cycloidal_arm/share/colcon-core/packages/cycloidal_arm)
[0.300s] [34mcolcon.colcon_core.environment[0m [1;30mLevel 1[0m create_environment_scripts_only(yolo_pred)
[0.300s] [34mcolcon.colcon_core.environment[0m [1;30mLevel 1[0m checking '/home/administrator/ros2arm_ws/install/yolo_pred' for CMake module files
[0.301s] [34mcolcon.colcon_core.event_handler.log_command[0m [1;30mDEBUG[0m [32mInvoked command in '/home/administrator/ros2arm_ws/build/yolo_pred' returned '0': CMAKE_PREFIX_PATH=${CMAKE_PREFIX_PATH}:/opt/ros/humble /usr/bin/cmake --install /home/administrator/ros2arm_ws/build/yolo_pred[0m
[0.301s] [34mcolcon.colcon_core.environment[0m [1;30mLevel 1[0m checking '/home/administrator/ros2arm_ws/install/yolo_pred' for CMake config files
[0.301s] [34mcolcon.colcon_core.shell[0m [1;30mLevel 1[0m create_environment_hook('yolo_pred', 'cmake_prefix_path')
[0.301s] [34mcolcon.colcon_core.shell[0m [1;30mINFO[0m Creating environment hook '/home/administrator/ros2arm_ws/install/yolo_pred/share/yolo_pred/hook/cmake_prefix_path.ps1'
[0.302s] [34mcolcon.colcon_core.shell[0m [1;30mINFO[0m Creating environment descriptor '/home/administrator/ros2arm_ws/install/yolo_pred/share/yolo_pred/hook/cmake_prefix_path.dsv'
[0.302s] [34mcolcon.colcon_core.shell[0m [1;30mINFO[0m Creating environment hook '/home/administrator/ros2arm_ws/install/yolo_pred/share/yolo_pred/hook/cmake_prefix_path.sh'
[0.302s] [34mcolcon.colcon_core.environment[0m [1;30mLevel 1[0m checking '/home/administrator/ros2arm_ws/install/yolo_pred/lib'
[0.302s] [34mcolcon.colcon_core.environment[0m [1;30mLevel 1[0m checking '/home/administrator/ros2arm_ws/install/yolo_pred/bin'
[0.302s] [34mcolcon.colcon_core.environment[0m [1;30mLevel 1[0m checking '/home/administrator/ros2arm_ws/install/yolo_pred/lib/pkgconfig/yolo_pred.pc'
[0.302s] [34mcolcon.colcon_core.environment[0m [1;30mLevel 1[0m checking '/home/administrator/ros2arm_ws/install/yolo_pred/lib/python3.10/site-packages'
[0.302s] [34mcolcon.colcon_core.environment[0m [1;30mLevel 1[0m checking '/home/administrator/ros2arm_ws/install/yolo_pred/bin'
[0.303s] [34mcolcon.colcon_core.shell[0m [1;30mINFO[0m Creating package script '/home/administrator/ros2arm_ws/install/yolo_pred/share/yolo_pred/package.ps1'
[0.303s] [34mcolcon.colcon_core.shell[0m [1;30mINFO[0m Creating package descriptor '/home/administrator/ros2arm_ws/install/yolo_pred/share/yolo_pred/package.dsv'
[0.303s] [34mcolcon.colcon_core.shell[0m [1;30mINFO[0m Creating package script '/home/administrator/ros2arm_ws/install/yolo_pred/share/yolo_pred/package.sh'
[0.303s] [34mcolcon.colcon_core.shell[0m [1;30mINFO[0m Creating package script '/home/administrator/ros2arm_ws/install/yolo_pred/share/yolo_pred/package.bash'
[0.303s] [34mcolcon.colcon_core.shell[0m [1;30mINFO[0m Creating package script '/home/administrator/ros2arm_ws/install/yolo_pred/share/yolo_pred/package.zsh'
[0.303s] [34mcolcon.colcon_core.environment[0m [1;30mLevel 1[0m create_file_with_runtime_dependencies(/home/administrator/ros2arm_ws/install/yolo_pred/share/colcon-core/packages/yolo_pred)
[0.309s] [34mcolcon.colcon_core.environment[0m [1;30mLevel 1[0m create_environment_scripts_only(ros2_arduino_bridge)
[0.309s] [34mcolcon.colcon_core.environment[0m [1;30mLevel 1[0m checking '/home/administrator/ros2arm_ws/install/ros2_arduino_bridge' for CMake module files
[0.310s] [34mcolcon.colcon_core.environment[0m [1;30mLevel 1[0m checking '/home/administrator/ros2arm_ws/install/ros2_arduino_bridge' for CMake config files
[0.310s] [34mcolcon.colcon_core.shell[0m [1;30mLevel 1[0m create_environment_hook('ros2_arduino_bridge', 'cmake_prefix_path')
[0.310s] [34mcolcon.colcon_core.shell[0m [1;30mINFO[0m Creating environment hook '/home/administrator/ros2arm_ws/install/ros2_arduino_bridge/share/ros2_arduino_bridge/hook/cmake_prefix_path.ps1'
[0.310s] [34mcolcon.colcon_core.shell[0m [1;30mINFO[0m Creating environment descriptor '/home/administrator/ros2arm_ws/install/ros2_arduino_bridge/share/ros2_arduino_bridge/hook/cmake_prefix_path.dsv'
[0.310s] [34mcolcon.colcon_core.shell[0m [1;30mINFO[0m Creating environment hook '/home/administrator/ros2arm_ws/install/ros2_arduino_bridge/share/ros2_arduino_bridge/hook/cmake_prefix_path.sh'
[0.311s] [34mcolcon.colcon_core.environment[0m [1;30mLevel 1[0m checking '/home/administrator/ros2arm_ws/install/ros2_arduino_bridge/lib'
[0.311s] [34mcolcon.colcon_core.environment[0m [1;30mLevel 1[0m checking '/home/administrator/ros2arm_ws/install/ros2_arduino_bridge/bin'
[0.311s] [34mcolcon.colcon_core.environment[0m [1;30mLevel 1[0m checking '/home/administrator/ros2arm_ws/install/ros2_arduino_bridge/lib/pkgconfig/ros2_arduino_bridge.pc'
[0.311s] [34mcolcon.colcon_core.environment[0m [1;30mLevel 1[0m checking '/home/administrator/ros2arm_ws/install/ros2_arduino_bridge/lib/python3.10/site-packages'
[0.311s] [34mcolcon.colcon_core.environment[0m [1;30mLevel 1[0m checking '/home/administrator/ros2arm_ws/install/ros2_arduino_bridge/bin'
[0.311s] [34mcolcon.colcon_core.shell[0m [1;30mINFO[0m Creating package script '/home/administrator/ros2arm_ws/install/ros2_arduino_bridge/share/ros2_arduino_bridge/package.ps1'
[0.311s] [34mcolcon.colcon_core.shell[0m [1;30mINFO[0m Creating package descriptor '/home/administrator/ros2arm_ws/install/ros2_arduino_bridge/share/ros2_arduino_bridge/package.dsv'
[0.312s] [34mcolcon.colcon_core.shell[0m [1;30mINFO[0m Creating package script '/home/administrator/ros2arm_ws/install/ros2_arduino_bridge/share/ros2_arduino_bridge/package.sh'
[0.312s] [34mcolcon.colcon_core.shell[0m [1;30mINFO[0m Creating package script '/home/administrator/ros2arm_ws/install/ros2_arduino_bridge/share/ros2_arduino_bridge/package.bash'
[0.312s] [34mcolcon.colcon_core.shell[0m [1;30mINFO[0m Creating package script '/home/administrator/ros2arm_ws/install/ros2_arduino_bridge/share/ros2_arduino_bridge/package.zsh'
[0.312s] [34mcolcon.colcon_core.environment[0m [1;30mLevel 1[0m create_file_with_runtime_dependencies(/home/administrator/ros2arm_ws/install/ros2_arduino_bridge/share/colcon-core/packages/ros2_arduino_bridge)
[0.313s] [34mcolcon.colcon_core.environment[0m [1;30mLevel 1[0m create_environment_scripts_only(cycloidal_arm)
[0.313s] [34mcolcon.colcon_core.environment[0m [1;30mLevel 1[0m checking '/home/administrator/ros2arm_ws/install/cycloidal_arm' for CMake module files
[0.313s] [34mcolcon.colcon_core.environment[0m [1;30mLevel 1[0m checking '/home/administrator/ros2arm_ws/install/cycloidal_arm' for CMake config files
[0.314s] [34mcolcon.colcon_core.shell[0m [1;30mLevel 1[0m create_environment_hook('cycloidal_arm', 'cmake_prefix_path')
[0.314s] [34mcolcon.colcon_core.shell[0m [1;30mINFO[0m Creating environment hook '/home/administrator/ros2arm_ws/install/cycloidal_arm/share/cycloidal_arm/hook/cmake_prefix_path.ps1'
[0.314s] [34mcolcon.colcon_core.shell[0m [1;30mINFO[0m Creating environment descriptor '/home/administrator/ros2arm_ws/install/cycloidal_arm/share/cycloidal_arm/hook/cmake_prefix_path.dsv'
[0.314s] [34mcolcon.colcon_core.shell[0m [1;30mINFO[0m Creating environment hook '/home/administrator/ros2arm_ws/install/cycloidal_arm/share/cycloidal_arm/hook/cmake_prefix_path.sh'
[0.314s] [34mcolcon.colcon_core.environment[0m [1;30mLevel 1[0m checking '/home/administrator/ros2arm_ws/install/cycloidal_arm/bin'
[0.314s] [34mcolcon.colcon_core.environment[0m [1;30mLevel 1[0m checking '/home/administrator/ros2arm_ws/install/cycloidal_arm/lib/pkgconfig/cycloidal_arm.pc'
[0.315s] [34mcolcon.colcon_core.environment[0m [1;30mLevel 1[0m checking '/home/administrator/ros2arm_ws/install/cycloidal_arm/lib/python3.10/site-packages'
[0.315s] [34mcolcon.colcon_core.environment[0m [1;30mLevel 1[0m checking '/home/administrator/ros2arm_ws/install/cycloidal_arm/bin'
[0.315s] [34mcolcon.colcon_core.shell[0m [1;30mINFO[0m Creating package script '/home/administrator/ros2arm_ws/install/cycloidal_arm/share/cycloidal_arm/package.ps1'
[0.315s] [34mcolcon.colcon_core.shell[0m [1;30mINFO[0m Creating package descriptor '/home/administrator/ros2arm_ws/install/cycloidal_arm/share/cycloidal_arm/package.dsv'
[0.315s] [34mcolcon.colcon_core.shell[0m [1;30mINFO[0m Creating package script '/home/administrator/ros2arm_ws/install/cycloidal_arm/share/cycloidal_arm/package.sh'
[0.316s] [34mcolcon.colcon_core.shell[0m [1;30mINFO[0m Creating package script '/home/administrator/ros2arm_ws/install/cycloidal_arm/share/cycloidal_arm/package.bash'
[0.316s] [34mcolcon.colcon_core.shell[0m [1;30mINFO[0m Creating package script '/home/administrator/ros2arm_ws/install/cycloidal_arm/share/cycloidal_arm/package.zsh'
[0.316s] [34mcolcon.colcon_core.environment[0m [1;30mLevel 1[0m create_file_with_runtime_dependencies(/home/administrator/ros2arm_ws/install/cycloidal_arm/share/colcon-core/packages/cycloidal_arm)
[0.316s] [34mcolcon.colcon_ros.task.ament_cmake.build[0m [1;30mINFO[0m Building ROS package in '/home/administrator/ros2arm_ws/src/cycloidal_arm_moveit_config' with build type 'ament_cmake'
[0.316s] [34mcolcon.colcon_cmake.task.cmake.build[0m [1;30mINFO[0m Building CMake package in '/home/administrator/ros2arm_ws/src/cycloidal_arm_moveit_config'
[0.316s] [34mcolcon.colcon_core.shell[0m [1;30mINFO[0m Skip shell extension 'powershell' for command environment: Not usable outside of PowerShell
[0.316s] [34mcolcon.colcon_core.shell[0m [1;30mDEBUG[0m [32mSkip shell extension 'dsv' for command environment[0m
[0.319s] [34mcolcon.colcon_core.environment[0m [1;30mLevel 1[0m create_environment_scripts_only(yolo_pred)
[0.320s] [34mcolcon.colcon_core.environment[0m [1;30mLevel 1[0m checking '/home/administrator/ros2arm_ws/install/yolo_pred' for CMake module files
[0.320s] [34mcolcon.colcon_core.environment[0m [1;30mLevel 1[0m checking '/home/administrator/ros2arm_ws/install/yolo_pred' for CMake config files
[0.320s] [34mcolcon.colcon_core.shell[0m [1;30mLevel 1[0m create_environment_hook('yolo_pred', 'cmake_prefix_path')
[0.320s] [34mcolcon.colcon_core.shell[0m [1;30mINFO[0m Creating environment hook '/home/administrator/ros2arm_ws/install/yolo_pred/share/yolo_pred/hook/cmake_prefix_path.ps1'
[0.321s] [34mcolcon.colcon_core.shell[0m [1;30mINFO[0m Creating environment descriptor '/home/administrator/ros2arm_ws/install/yolo_pred/share/yolo_pred/hook/cmake_prefix_path.dsv'
[0.321s] [34mcolcon.colcon_core.shell[0m [1;30mINFO[0m Creating environment hook '/home/administrator/ros2arm_ws/install/yolo_pred/share/yolo_pred/hook/cmake_prefix_path.sh'
[0.321s] [34mcolcon.colcon_core.environment[0m [1;30mLevel 1[0m checking '/home/administrator/ros2arm_ws/install/yolo_pred/lib'
[0.321s] [34mcolcon.colcon_core.environment[0m [1;30mLevel 1[0m checking '/home/administrator/ros2arm_ws/install/yolo_pred/bin'
[0.321s] [34mcolcon.colcon_core.environment[0m [1;30mLevel 1[0m checking '/home/administrator/ros2arm_ws/install/yolo_pred/lib/pkgconfig/yolo_pred.pc'
[0.321s] [34mcolcon.colcon_core.environment[0m [1;30mLevel 1[0m checking '/home/administrator/ros2arm_ws/install/yolo_pred/lib/python3.10/site-packages'
[0.321s] [34mcolcon.colcon_core.environment[0m [1;30mLevel 1[0m checking '/home/administrator/ros2arm_ws/install/yolo_pred/bin'
[0.321s] [34mcolcon.colcon_core.shell[0m [1;30mINFO[0m Creating package script '/home/administrator/ros2arm_ws/install/yolo_pred/share/yolo_pred/package.ps1'
[0.322s] [34mcolcon.colcon_core.shell[0m [1;30mINFO[0m Creating package descriptor '/home/administrator/ros2arm_ws/install/yolo_pred/share/yolo_pred/package.dsv'
[0.322s] [34mcolcon.colcon_core.shell[0m [1;30mINFO[0m Creating package script '/home/administrator/ros2arm_ws/install/yolo_pred/share/yolo_pred/package.sh'
[0.322s] [34mcolcon.colcon_core.shell[0m [1;30mINFO[0m Creating package script '/home/administrator/ros2arm_ws/install/yolo_pred/share/yolo_pred/package.bash'
[0.322s] [34mcolcon.colcon_core.shell[0m [1;30mINFO[0m Creating package script '/home/administrator/ros2arm_ws/install/yolo_pred/share/yolo_pred/package.zsh'
[0.323s] [34mcolcon.colcon_core.environment[0m [1;30mLevel 1[0m create_file_with_runtime_dependencies(/home/administrator/ros2arm_ws/install/yolo_pred/share/colcon-core/packages/yolo_pred)
[0.325s] [34mcolcon.colcon_core.event_handler.log_command[0m [1;30mDEBUG[0m [32mInvoking command in '/home/administrator/ros2arm_ws/build/cycloidal_arm_moveit_config': CMAKE_PREFIX_PATH=/home/administrator/ros2arm_ws/install/cycloidal_arm:/home/administrator/ros2arm_ws/install/yolo_pred:/home/administrator/ros2arm_ws/install/ros2_arduino_bridge:/home/administrator/ros2arm_ws/install/hello_moveit:/home/administrator/ros2arm_ws/install/cycloidal_arm_moveit_config:/home/administrator/uros_ws/install/micro_ros_setup:/home/administrator/uros_ws/install/micro_ros_agent:/home/administrator/uros_ws/install/micro_ros_msgs:/home/administrator/uros_ws/install/drive_base_msgs:/opt/ros/humble /usr/bin/cmake --build /home/administrator/ros2arm_ws/build/cycloidal_arm_moveit_config -- -j20 -l20[0m
[0.346s] [34mcolcon.colcon_core.event_handler.log_command[0m [1;30mDEBUG[0m [32mInvoked command in '/home/administrator/ros2arm_ws/build/cycloidal_arm_moveit_config' returned '0': CMAKE_PREFIX_PATH=/home/administrator/ros2arm_ws/install/cycloidal_arm:/home/administrator/ros2arm_ws/install/yolo_pred:/home/administrator/ros2arm_ws/install/ros2_arduino_bridge:/home/administrator/ros2arm_ws/install/hello_moveit:/home/administrator/ros2arm_ws/install/cycloidal_arm_moveit_config:/home/administrator/uros_ws/install/micro_ros_setup:/home/administrator/uros_ws/install/micro_ros_agent:/home/administrator/uros_ws/install/micro_ros_msgs:/home/administrator/uros_ws/install/drive_base_msgs:/opt/ros/humble /usr/bin/cmake --build /home/administrator/ros2arm_ws/build/cycloidal_arm_moveit_config -- -j20 -l20[0m
[0.360s] [34mcolcon.colcon_core.event_handler.log_command[0m [1;30mDEBUG[0m [32mInvoking command in '/home/administrator/ros2arm_ws/build/cycloidal_arm_moveit_config': CMAKE_PREFIX_PATH=/home/administrator/ros2arm_ws/install/cycloidal_arm:/home/administrator/ros2arm_ws/install/yolo_pred:/home/administrator/ros2arm_ws/install/ros2_arduino_bridge:/home/administrator/ros2arm_ws/install/hello_moveit:/home/administrator/ros2arm_ws/install/cycloidal_arm_moveit_config:/home/administrator/uros_ws/install/micro_ros_setup:/home/administrator/uros_ws/install/micro_ros_agent:/home/administrator/uros_ws/install/micro_ros_msgs:/home/administrator/uros_ws/install/drive_base_msgs:/opt/ros/humble /usr/bin/cmake --install /home/administrator/ros2arm_ws/build/cycloidal_arm_moveit_config[0m
[0.372s] [34mcolcon.colcon_core.environment[0m [1;30mLevel 1[0m create_environment_scripts_only(cycloidal_arm_moveit_config)
[0.372s] [34mcolcon.colcon_core.environment[0m [1;30mLevel 1[0m checking '/home/administrator/ros2arm_ws/install/cycloidal_arm_moveit_config' for CMake module files
[0.373s] [34mcolcon.colcon_core.event_handler.log_command[0m [1;30mDEBUG[0m [32mInvoked command in '/home/administrator/ros2arm_ws/build/cycloidal_arm_moveit_config' returned '0': CMAKE_PREFIX_PATH=/home/administrator/ros2arm_ws/install/cycloidal_arm:/home/administrator/ros2arm_ws/install/yolo_pred:/home/administrator/ros2arm_ws/install/ros2_arduino_bridge:/home/administrator/ros2arm_ws/install/hello_moveit:/home/administrator/ros2arm_ws/install/cycloidal_arm_moveit_config:/home/administrator/uros_ws/install/micro_ros_setup:/home/administrator/uros_ws/install/micro_ros_agent:/home/administrator/uros_ws/install/micro_ros_msgs:/home/administrator/uros_ws/install/drive_base_msgs:/opt/ros/humble /usr/bin/cmake --install /home/administrator/ros2arm_ws/build/cycloidal_arm_moveit_config[0m
[0.373s] [34mcolcon.colcon_core.environment[0m [1;30mLevel 1[0m checking '/home/administrator/ros2arm_ws/install/cycloidal_arm_moveit_config' for CMake config files
[0.373s] [34mcolcon.colcon_core.shell[0m [1;30mLevel 1[0m create_environment_hook('cycloidal_arm_moveit_config', 'cmake_prefix_path')
[0.373s] [34mcolcon.colcon_core.shell[0m [1;30mINFO[0m Creating environment hook '/home/administrator/ros2arm_ws/install/cycloidal_arm_moveit_config/share/cycloidal_arm_moveit_config/hook/cmake_prefix_path.ps1'
[0.373s] [34mcolcon.colcon_core.shell[0m [1;30mINFO[0m Creating environment descriptor '/home/administrator/ros2arm_ws/install/cycloidal_arm_moveit_config/share/cycloidal_arm_moveit_config/hook/cmake_prefix_path.dsv'
[0.374s] [34mcolcon.colcon_core.shell[0m [1;30mINFO[0m Creating environment hook '/home/administrator/ros2arm_ws/install/cycloidal_arm_moveit_config/share/cycloidal_arm_moveit_config/hook/cmake_prefix_path.sh'
[0.374s] [34mcolcon.colcon_core.environment[0m [1;30mLevel 1[0m checking '/home/administrator/ros2arm_ws/install/cycloidal_arm_moveit_config/bin'
[0.374s] [34mcolcon.colcon_core.environment[0m [1;30mLevel 1[0m checking '/home/administrator/ros2arm_ws/install/cycloidal_arm_moveit_config/lib/pkgconfig/cycloidal_arm_moveit_config.pc'
[0.374s] [34mcolcon.colcon_core.environment[0m [1;30mLevel 1[0m checking '/home/administrator/ros2arm_ws/install/cycloidal_arm_moveit_config/lib/python3.10/site-packages'
[0.374s] [34mcolcon.colcon_core.environment[0m [1;30mLevel 1[0m checking '/home/administrator/ros2arm_ws/install/cycloidal_arm_moveit_config/bin'
[0.374s] [34mcolcon.colcon_core.shell[0m [1;30mINFO[0m Creating package script '/home/administrator/ros2arm_ws/install/cycloidal_arm_moveit_config/share/cycloidal_arm_moveit_config/package.ps1'
[0.375s] [34mcolcon.colcon_core.shell[0m [1;30mINFO[0m Creating package descriptor '/home/administrator/ros2arm_ws/install/cycloidal_arm_moveit_config/share/cycloidal_arm_moveit_config/package.dsv'
[0.375s] [34mcolcon.colcon_core.shell[0m [1;30mINFO[0m Creating package script '/home/administrator/ros2arm_ws/install/cycloidal_arm_moveit_config/share/cycloidal_arm_moveit_config/package.sh'
[0.375s] [34mcolcon.colcon_core.shell[0m [1;30mINFO[0m Creating package script '/home/administrator/ros2arm_ws/install/cycloidal_arm_moveit_config/share/cycloidal_arm_moveit_config/package.bash'
[0.375s] [34mcolcon.colcon_core.shell[0m [1;30mINFO[0m Creating package script '/home/administrator/ros2arm_ws/install/cycloidal_arm_moveit_config/share/cycloidal_arm_moveit_config/package.zsh'
[0.375s] [34mcolcon.colcon_core.environment[0m [1;30mLevel 1[0m create_file_with_runtime_dependencies(/home/administrator/ros2arm_ws/install/cycloidal_arm_moveit_config/share/colcon-core/packages/cycloidal_arm_moveit_config)
[0.388s] [34mcolcon.colcon_core.environment[0m [1;30mLevel 1[0m create_environment_scripts_only(cycloidal_arm_moveit_config)
[0.388s] [34mcolcon.colcon_core.environment[0m [1;30mLevel 1[0m checking '/home/administrator/ros2arm_ws/install/cycloidal_arm_moveit_config' for CMake module files
[0.388s] [34mcolcon.colcon_core.environment[0m [1;30mLevel 1[0m checking '/home/administrator/ros2arm_ws/install/cycloidal_arm_moveit_config' for CMake config files
[0.388s] [34mcolcon.colcon_core.shell[0m [1;30mLevel 1[0m create_environment_hook('cycloidal_arm_moveit_config', 'cmake_prefix_path')
[0.389s] [34mcolcon.colcon_core.shell[0m [1;30mINFO[0m Creating environment hook '/home/administrator/ros2arm_ws/install/cycloidal_arm_moveit_config/share/cycloidal_arm_moveit_config/hook/cmake_prefix_path.ps1'
[0.389s] [34mcolcon.colcon_core.shell[0m [1;30mINFO[0m Creating environment descriptor '/home/administrator/ros2arm_ws/install/cycloidal_arm_moveit_config/share/cycloidal_arm_moveit_config/hook/cmake_prefix_path.dsv'
[0.389s] [34mcolcon.colcon_core.shell[0m [1;30mINFO[0m Creating environment hook '/home/administrator/ros2arm_ws/install/cycloidal_arm_moveit_config/share/cycloidal_arm_moveit_config/hook/cmake_prefix_path.sh'
[0.389s] [34mcolcon.colcon_core.environment[0m [1;30mLevel 1[0m checking '/home/administrator/ros2arm_ws/install/cycloidal_arm_moveit_config/bin'
[0.389s] [34mcolcon.colcon_core.environment[0m [1;30mLevel 1[0m checking '/home/administrator/ros2arm_ws/install/cycloidal_arm_moveit_config/lib/pkgconfig/cycloidal_arm_moveit_config.pc'
[0.389s] [34mcolcon.colcon_core.environment[0m [1;30mLevel 1[0m checking '/home/administrator/ros2arm_ws/install/cycloidal_arm_moveit_config/lib/python3.10/site-packages'
[0.390s] [34mcolcon.colcon_core.environment[0m [1;30mLevel 1[0m checking '/home/administrator/ros2arm_ws/install/cycloidal_arm_moveit_config/bin'
[0.390s] [34mcolcon.colcon_core.shell[0m [1;30mINFO[0m Creating package script '/home/administrator/ros2arm_ws/install/cycloidal_arm_moveit_config/share/cycloidal_arm_moveit_config/package.ps1'
[0.390s] [34mcolcon.colcon_core.shell[0m [1;30mINFO[0m Creating package descriptor '/home/administrator/ros2arm_ws/install/cycloidal_arm_moveit_config/share/cycloidal_arm_moveit_config/package.dsv'
[0.390s] [34mcolcon.colcon_core.shell[0m [1;30mINFO[0m Creating package script '/home/administrator/ros2arm_ws/install/cycloidal_arm_moveit_config/share/cycloidal_arm_moveit_config/package.sh'
[0.390s] [34mcolcon.colcon_core.shell[0m [1;30mINFO[0m Creating package script '/home/administrator/ros2arm_ws/install/cycloidal_arm_moveit_config/share/cycloidal_arm_moveit_config/package.bash'
[0.391s] [34mcolcon.colcon_core.shell[0m [1;30mINFO[0m Creating package script '/home/administrator/ros2arm_ws/install/cycloidal_arm_moveit_config/share/cycloidal_arm_moveit_config/package.zsh'
[0.391s] [34mcolcon.colcon_core.environment[0m [1;30mLevel 1[0m create_file_with_runtime_dependencies(/home/administrator/ros2arm_ws/install/cycloidal_arm_moveit_config/share/colcon-core/packages/cycloidal_arm_moveit_config)
[4.519s] [34mcolcon.colcon_core.event_handler.log_command[0m [1;30mDEBUG[0m [32mInvoked command in '/home/administrator/ros2arm_ws/build/hello_moveit' returned '0': CMAKE_PREFIX_PATH=${CMAKE_PREFIX_PATH}:/opt/ros/humble /usr/bin/cmake --build /home/administrator/ros2arm_ws/build/hello_moveit -- -j20 -l20[0m
[4.534s] [34mcolcon.colcon_core.event_handler.log_command[0m [1;30mDEBUG[0m [32mInvoking command in '/home/administrator/ros2arm_ws/build/hello_moveit': CMAKE_PREFIX_PATH=${CMAKE_PREFIX_PATH}:/opt/ros/humble /usr/bin/cmake --install /home/administrator/ros2arm_ws/build/hello_moveit[0m
[4.540s] [34mcolcon.colcon_core.environment[0m [1;30mLevel 1[0m create_environment_scripts_only(hello_moveit)
[4.540s] [34mcolcon.colcon_core.event_handler.log_command[0m [1;30mDEBUG[0m [32mInvoked command in '/home/administrator/ros2arm_ws/build/hello_moveit' returned '0': CMAKE_PREFIX_PATH=${CMAKE_PREFIX_PATH}:/opt/ros/humble /usr/bin/cmake --install /home/administrator/ros2arm_ws/build/hello_moveit[0m
[4.540s] [34mcolcon.colcon_core.environment[0m [1;30mLevel 1[0m checking '/home/administrator/ros2arm_ws/install/hello_moveit' for CMake module files
[4.541s] [34mcolcon.colcon_core.environment[0m [1;30mLevel 1[0m checking '/home/administrator/ros2arm_ws/install/hello_moveit' for CMake config files
[4.541s] [34mcolcon.colcon_core.shell[0m [1;30mLevel 1[0m create_environment_hook('hello_moveit', 'cmake_prefix_path')
[4.541s] [34mcolcon.colcon_core.shell[0m [1;30mINFO[0m Creating environment hook '/home/administrator/ros2arm_ws/install/hello_moveit/share/hello_moveit/hook/cmake_prefix_path.ps1'
[4.541s] [34mcolcon.colcon_core.shell[0m [1;30mINFO[0m Creating environment descriptor '/home/administrator/ros2arm_ws/install/hello_moveit/share/hello_moveit/hook/cmake_prefix_path.dsv'
[4.541s] [34mcolcon.colcon_core.shell[0m [1;30mINFO[0m Creating environment hook '/home/administrator/ros2arm_ws/install/hello_moveit/share/hello_moveit/hook/cmake_prefix_path.sh'
[4.542s] [34mcolcon.colcon_core.environment[0m [1;30mLevel 1[0m checking '/home/administrator/ros2arm_ws/install/hello_moveit/lib'
[4.542s] [34mcolcon.colcon_core.environment[0m [1;30mLevel 1[0m checking '/home/administrator/ros2arm_ws/install/hello_moveit/bin'
[4.542s] [34mcolcon.colcon_core.environment[0m [1;30mLevel 1[0m checking '/home/administrator/ros2arm_ws/install/hello_moveit/lib/pkgconfig/hello_moveit.pc'
[4.542s] [34mcolcon.colcon_core.environment[0m [1;30mLevel 1[0m checking '/home/administrator/ros2arm_ws/install/hello_moveit/lib/python3.10/site-packages'
[4.542s] [34mcolcon.colcon_core.environment[0m [1;30mLevel 1[0m checking '/home/administrator/ros2arm_ws/install/hello_moveit/bin'
[4.542s] [34mcolcon.colcon_core.shell[0m [1;30mINFO[0m Creating package script '/home/administrator/ros2arm_ws/install/hello_moveit/share/hello_moveit/package.ps1'
[4.542s] [34mcolcon.colcon_core.shell[0m [1;30mINFO[0m Creating package descriptor '/home/administrator/ros2arm_ws/install/hello_moveit/share/hello_moveit/package.dsv'
[4.542s] [34mcolcon.colcon_core.shell[0m [1;30mINFO[0m Creating package script '/home/administrator/ros2arm_ws/install/hello_moveit/share/hello_moveit/package.sh'
[4.543s] [34mcolcon.colcon_core.shell[0m [1;30mINFO[0m Creating package script '/home/administrator/ros2arm_ws/install/hello_moveit/share/hello_moveit/package.bash'
[4.543s] [34mcolcon.colcon_core.shell[0m [1;30mINFO[0m Creating package script '/home/administrator/ros2arm_ws/install/hello_moveit/share/hello_moveit/package.zsh'
[4.543s] [34mcolcon.colcon_core.environment[0m [1;30mLevel 1[0m create_file_with_runtime_dependencies(/home/administrator/ros2arm_ws/install/hello_moveit/share/colcon-core/packages/hello_moveit)
[4.560s] [34mcolcon.colcon_core.environment[0m [1;30mLevel 1[0m create_environment_scripts_only(hello_moveit)
[4.560s] [34mcolcon.colcon_core.environment[0m [1;30mLevel 1[0m checking '/home/administrator/ros2arm_ws/install/hello_moveit' for CMake module files
[4.561s] [34mcolcon.colcon_core.environment[0m [1;30mLevel 1[0m checking '/home/administrator/ros2arm_ws/install/hello_moveit' for CMake config files
[4.561s] [34mcolcon.colcon_core.shell[0m [1;30mLevel 1[0m create_environment_hook('hello_moveit', 'cmake_prefix_path')
[4.561s] [34mcolcon.colcon_core.shell[0m [1;30mINFO[0m Creating environment hook '/home/administrator/ros2arm_ws/install/hello_moveit/share/hello_moveit/hook/cmake_prefix_path.ps1'
[4.561s] [34mcolcon.colcon_core.shell[0m [1;30mINFO[0m Creating environment descriptor '/home/administrator/ros2arm_ws/install/hello_moveit/share/hello_moveit/hook/cmake_prefix_path.dsv'
[4.562s] [34mcolcon.colcon_core.shell[0m [1;30mINFO[0m Creating environment hook '/home/administrator/ros2arm_ws/install/hello_moveit/share/hello_moveit/hook/cmake_prefix_path.sh'
[4.562s] [34mcolcon.colcon_core.environment[0m [1;30mLevel 1[0m checking '/home/administrator/ros2arm_ws/install/hello_moveit/lib'
[4.562s] [34mcolcon.colcon_core.environment[0m [1;30mLevel 1[0m checking '/home/administrator/ros2arm_ws/install/hello_moveit/bin'
[4.563s] [34mcolcon.colcon_core.environment[0m [1;30mLevel 1[0m checking '/home/administrator/ros2arm_ws/install/hello_moveit/lib/pkgconfig/hello_moveit.pc'
[4.563s] [34mcolcon.colcon_core.environment[0m [1;30mLevel 1[0m checking '/home/administrator/ros2arm_ws/install/hello_moveit/lib/python3.10/site-packages'
[4.563s] [34mcolcon.colcon_core.environment[0m [1;30mLevel 1[0m checking '/home/administrator/ros2arm_ws/install/hello_moveit/bin'
[4.563s] [34mcolcon.colcon_core.shell[0m [1;30mINFO[0m Creating package script '/home/administrator/ros2arm_ws/install/hello_moveit/share/hello_moveit/package.ps1'
[4.565s] [34mcolcon.colcon_core.shell[0m [1;30mINFO[0m Creating package descriptor '/home/administrator/ros2arm_ws/install/hello_moveit/share/hello_moveit/package.dsv'
[4.566s] [34mcolcon.colcon_core.shell[0m [1;30mINFO[0m Creating package script '/home/administrator/ros2arm_ws/install/hello_moveit/share/hello_moveit/package.sh'
[4.567s] [34mcolcon.colcon_core.shell[0m [1;30mINFO[0m Creating package script '/home/administrator/ros2arm_ws/install/hello_moveit/share/hello_moveit/package.bash'
[4.567s] [34mcolcon.colcon_core.shell[0m [1;30mINFO[0m Creating package script '/home/administrator/ros2arm_ws/install/hello_moveit/share/hello_moveit/package.zsh'
[4.568s] [34mcolcon.colcon_core.environment[0m [1;30mLevel 1[0m create_file_with_runtime_dependencies(/home/administrator/ros2arm_ws/install/hello_moveit/share/colcon-core/packages/hello_moveit)
[4.568s] [34mcolcon.colcon_parallel_executor.executor.parallel[0m [1;30mDEBUG[0m [32mclosing loop[0m
[4.569s] [34mcolcon.colcon_parallel_executor.executor.parallel[0m [1;30mDEBUG[0m [32mloop closed[0m
[4.569s] [34mcolcon.colcon_parallel_executor.executor.parallel[0m [1;30mDEBUG[0m [32mrun_until_complete finished with '0'[0m
[4.569s] [34mcolcon.colcon_core.event_reactor[0m [1;30mDEBUG[0m [32mjoining thread[0m
[4.575s] [34mcolcon.colcon_core.plugin_system[0m [1;30mINFO[0m Skipping extension 'colcon_notification.desktop_notification.terminal_notifier': Not used on non-Darwin systems
[4.575s] [34mcolcon.colcon_core.plugin_system[0m [1;30mINFO[0m Skipping extension 'colcon_notification.desktop_notification.win32': Not used on non-Windows systems
[4.576s] [34mcolcon.colcon_notification.desktop_notification[0m [1;30mINFO[0m Sending desktop notification using 'notify2'
[4.589s] [34mcolcon.colcon_core.event_reactor[0m [1;30mDEBUG[0m [32mjoined thread[0m
[4.590s] [34mcolcon.colcon_core.shell[0m [1;30mINFO[0m Creating prefix script '/home/administrator/ros2arm_ws/install/local_setup.ps1'
[4.591s] [34mcolcon.colcon_core.shell[0m [1;30mINFO[0m Creating prefix util module '/home/administrator/ros2arm_ws/install/_local_setup_util_ps1.py'
[4.592s] [34mcolcon.colcon_core.shell[0m [1;30mINFO[0m Creating prefix chain script '/home/administrator/ros2arm_ws/install/setup.ps1'
[4.593s] [34mcolcon.colcon_core.shell[0m [1;30mINFO[0m Creating prefix script '/home/administrator/ros2arm_ws/install/local_setup.sh'
[4.593s] [34mcolcon.colcon_core.shell[0m [1;30mINFO[0m Creating prefix util module '/home/administrator/ros2arm_ws/install/_local_setup_util_sh.py'
[4.593s] [34mcolcon.colcon_core.shell[0m [1;30mINFO[0m Creating prefix chain script '/home/administrator/ros2arm_ws/install/setup.sh'
[4.594s] [34mcolcon.colcon_core.shell[0m [1;30mINFO[0m Creating prefix script '/home/administrator/ros2arm_ws/install/local_setup.bash'
[4.594s] [34mcolcon.colcon_core.shell[0m [1;30mINFO[0m Creating prefix chain script '/home/administrator/ros2arm_ws/install/setup.bash'
[4.595s] [34mcolcon.colcon_core.shell[0m [1;30mINFO[0m Creating prefix script '/home/administrator/ros2arm_ws/install/local_setup.zsh'
[4.595s] [34mcolcon.colcon_core.shell[0m [1;30mINFO[0m Creating prefix chain script '/home/administrator/ros2arm_ws/install/setup.zsh'
