[0.159s] Invoking command in '/home/administrator/ros2arm_ws/build/hello_moveit': CMAKE_PREFIX_PATH=${CMAKE_PREFIX_PATH}:/opt/ros/humble /usr/bin/cmake --build /home/administrator/ros2arm_ws/build/hello_moveit -- -j20 -l20
[1.806s] [ 50%] [32mBuilding CXX object CMakeFiles/hello_moveit.dir/src/hello_moveit.cpp.o[0m
[9.195s] [100%] [32m[1mLinking CXX executable hello_moveit[0m
[11.153s] [100%] Built target hello_moveit
[11.164s] Invoked command in '/home/administrator/ros2arm_ws/build/hello_moveit' returned '0': CMAKE_PREFIX_PATH=${CMAKE_PREFIX_PATH}:/opt/ros/humble /usr/bin/cmake --build /home/administrator/ros2arm_ws/build/hello_moveit -- -j20 -l20
[11.197s] Invoking command in '/home/administrator/ros2arm_ws/build/hello_moveit': CMAKE_PREFIX_PATH=${CMAKE_PREFIX_PATH}:/opt/ros/humble /usr/bin/cmake --install /home/administrator/ros2arm_ws/build/hello_moveit
[11.238s] -- Install configuration: ""
[11.279s] -- Installing: /home/administrator/ros2arm_ws/install/hello_moveit/lib/hello_moveit/hello_moveit
[11.279s] -- Set runtime path of "/home/administrator/ros2arm_ws/install/hello_moveit/lib/hello_moveit/hello_moveit" to ""
[11.279s] -- Up-to-date: /home/administrator/ros2arm_ws/install/hello_moveit/share/ament_index/resource_index/package_run_dependencies/hello_moveit
[11.282s] -- Up-to-date: /home/administrator/ros2arm_ws/install/hello_moveit/share/ament_index/resource_index/parent_prefix_path/hello_moveit
[11.282s] -- Up-to-date: /home/administrator/ros2arm_ws/install/hello_moveit/share/hello_moveit/environment/ament_prefix_path.sh
[11.282s] -- Up-to-date: /home/administrator/ros2arm_ws/install/hello_moveit/share/hello_moveit/environment/ament_prefix_path.dsv
[11.282s] -- Up-to-date: /home/administrator/ros2arm_ws/install/hello_moveit/share/hello_moveit/environment/path.sh
[11.282s] -- Up-to-date: /home/administrator/ros2arm_ws/install/hello_moveit/share/hello_moveit/environment/path.dsv
[11.282s] -- Up-to-date: /home/administrator/ros2arm_ws/install/hello_moveit/share/hello_moveit/local_setup.bash
[11.282s] -- Up-to-date: /home/administrator/ros2arm_ws/install/hello_moveit/share/hello_moveit/local_setup.sh
[11.283s] -- Up-to-date: /home/administrator/ros2arm_ws/install/hello_moveit/share/hello_moveit/local_setup.zsh
[11.283s] -- Up-to-date: /home/administrator/ros2arm_ws/install/hello_moveit/share/hello_moveit/local_setup.dsv
[11.283s] -- Installing: /home/administrator/ros2arm_ws/install/hello_moveit/share/hello_moveit/package.dsv
[11.286s] -- Up-to-date: /home/administrator/ros2arm_ws/install/hello_moveit/share/ament_index/resource_index/packages/hello_moveit
[11.293s] -- Up-to-date: /home/administrator/ros2arm_ws/install/hello_moveit/share/hello_moveit/cmake/hello_moveitConfig.cmake
[11.293s] -- Up-to-date: /home/administrator/ros2arm_ws/install/hello_moveit/share/hello_moveit/cmake/hello_moveitConfig-version.cmake
[11.293s] -- Up-to-date: /home/administrator/ros2arm_ws/install/hello_moveit/share/hello_moveit/package.xml
[11.295s] Invoked command in '/home/administrator/ros2arm_ws/build/hello_moveit' returned '0': CMAKE_PREFIX_PATH=${CMAKE_PREFIX_PATH}:/opt/ros/humble /usr/bin/cmake --install /home/administrator/ros2arm_ws/build/hello_moveit
