[0.128s] Invoking command in '/home/administrator/ros2arm_ws/build/arm_controller_pkg': CMAKE_PREFIX_PATH=${CMAKE_PREFIX_PATH}:/opt/ros/humble /usr/bin/cmake --build /home/administrator/ros2arm_ws/build/arm_controller_pkg -- -j20 -l20
[0.627s] Invoked command in '/home/administrator/ros2arm_ws/build/arm_controller_pkg' returned '0': CMAKE_PREFIX_PATH=${CMAKE_PREFIX_PATH}:/opt/ros/humble /usr/bin/cmake --build /home/administrator/ros2arm_ws/build/arm_controller_pkg -- -j20 -l20
[0.651s] Invoking command in '/home/administrator/ros2arm_ws/build/arm_controller_pkg': CMAKE_PREFIX_PATH=${CMAKE_PREFIX_PATH}:/opt/ros/humble /usr/bin/cmake --install /home/administrator/ros2arm_ws/build/arm_controller_pkg
[0.661s] -- Install configuration: ""
[0.721s] -- Up-to-date: /home/administrator/ros2arm_ws/install/arm_controller_pkg/lib/arm_controller_pkg/final_task.py
[0.722s] -- Up-to-date: /home/administrator/ros2arm_ws/install/arm_controller_pkg/share/ament_index/resource_index/package_run_dependencies/arm_controller_pkg
[0.724s] -- Up-to-date: /home/administrator/ros2arm_ws/install/arm_controller_pkg/share/ament_index/resource_index/parent_prefix_path/arm_controller_pkg
[0.724s] -- Up-to-date: /home/administrator/ros2arm_ws/install/arm_controller_pkg/share/arm_controller_pkg/environment/ament_prefix_path.sh
[0.724s] -- Up-to-date: /home/administrator/ros2arm_ws/install/arm_controller_pkg/share/arm_controller_pkg/environment/ament_prefix_path.dsv
[0.724s] -- Up-to-date: /home/administrator/ros2arm_ws/install/arm_controller_pkg/share/arm_controller_pkg/environment/path.sh
[0.724s] -- Up-to-date: /home/administrator/ros2arm_ws/install/arm_controller_pkg/share/arm_controller_pkg/environment/path.dsv
[0.724s] -- Up-to-date: /home/administrator/ros2arm_ws/install/arm_controller_pkg/share/arm_controller_pkg/local_setup.bash
[0.724s] -- Up-to-date: /home/administrator/ros2arm_ws/install/arm_controller_pkg/share/arm_controller_pkg/local_setup.sh
[0.724s] -- Up-to-date: /home/administrator/ros2arm_ws/install/arm_controller_pkg/share/arm_controller_pkg/local_setup.zsh
[0.725s] -- Up-to-date: /home/administrator/ros2arm_ws/install/arm_controller_pkg/share/arm_controller_pkg/local_setup.dsv
[0.725s] -- Installing: /home/administrator/ros2arm_ws/install/arm_controller_pkg/share/arm_controller_pkg/package.dsv
[0.751s] -- Up-to-date: /home/administrator/ros2arm_ws/install/arm_controller_pkg/share/ament_index/resource_index/packages/arm_controller_pkg
[0.755s] -- Up-to-date: /home/administrator/ros2arm_ws/install/arm_controller_pkg/share/arm_controller_pkg/cmake/arm_controller_pkgConfig.cmake
[0.755s] -- Up-to-date: /home/administrator/ros2arm_ws/install/arm_controller_pkg/share/arm_controller_pkg/cmake/arm_controller_pkgConfig-version.cmake
[0.756s] -- Up-to-date: /home/administrator/ros2arm_ws/install/arm_controller_pkg/share/arm_controller_pkg/package.xml
[0.758s] Invoked command in '/home/administrator/ros2arm_ws/build/arm_controller_pkg' returned '0': CMAKE_PREFIX_PATH=${CMAKE_PREFIX_PATH}:/opt/ros/humble /usr/bin/cmake --install /home/administrator/ros2arm_ws/build/arm_controller_pkg
