[0.019s] Invoking command in '/home/administrator/ros2arm_ws/build/yolo_pred_nodes': CMAKE_PREFIX_PATH=${CMAKE_PREFIX_PATH}:/opt/ros/humble /usr/bin/cmake --build /home/administrator/ros2arm_ws/build/yolo_pred_nodes -- -j20 -l20
[0.035s] -- Found ament_cmake: 1.3.8 (/opt/ros/humble/share/ament_cmake/cmake)
[0.120s] -- Found ament_lint_auto: 0.12.10 (/opt/ros/humble/share/ament_lint_auto/cmake)
[0.157s] -- Added test 'flake8' to check Python code syntax and style conventions
[0.158s] -- Added test 'lint_cmake' to check CMake code style
[0.158s] -- Added test 'pep257' to check Python code against some of the docstring style conventions in PEP 257
[0.158s] -- Added test 'xmllint' to check XML markup files
[0.159s] -- Configuring done
[0.160s] -- Generating done
[0.160s] -- Build files have been written to: /home/administrator/ros2arm_ws/build/yolo_pred_nodes
[0.171s] Invoked command in '/home/administrator/ros2arm_ws/build/yolo_pred_nodes' returned '0': CMAKE_PREFIX_PATH=${CMAKE_PREFIX_PATH}:/opt/ros/humble /usr/bin/cmake --build /home/administrator/ros2arm_ws/build/yolo_pred_nodes -- -j20 -l20
[0.187s] Invoking command in '/home/administrator/ros2arm_ws/build/yolo_pred_nodes': CMAKE_PREFIX_PATH=${CMAKE_PREFIX_PATH}:/opt/ros/humble /usr/bin/cmake --install /home/administrator/ros2arm_ws/build/yolo_pred_nodes
[0.195s] -- Install configuration: ""
[0.195s] -- Up-to-date: /home/administrator/ros2arm_ws/install/yolo_pred_nodes/share/yolo_pred_nodes/Model_fabric
[0.195s] -- Up-to-date: /home/administrator/ros2arm_ws/install/yolo_pred_nodes/share/yolo_pred_nodes/Model_fabric/data2.yaml
[0.195s] -- Up-to-date: /home/administrator/ros2arm_ws/install/yolo_pred_nodes/share/yolo_pred_nodes/Model_fabric/13.jpg
[0.195s] -- Up-to-date: /home/administrator/ros2arm_ws/install/yolo_pred_nodes/share/yolo_pred_nodes/Model_fabric/data.yaml
[0.195s] -- Up-to-date: /home/administrator/ros2arm_ws/install/yolo_pred_nodes/share/yolo_pred_nodes/Model_fabric/weights
[0.196s] -- Up-to-date: /home/administrator/ros2arm_ws/install/yolo_pred_nodes/share/yolo_pred_nodes/Model_fabric/weights/best.pt
[0.196s] -- Up-to-date: /home/administrator/ros2arm_ws/install/yolo_pred_nodes/share/yolo_pred_nodes/Model_fabric/weights/best2.onnx
[0.196s] -- Up-to-date: /home/administrator/ros2arm_ws/install/yolo_pred_nodes/share/yolo_pred_nodes/Model_fabric/weights/last.pt
[0.196s] -- Up-to-date: /home/administrator/ros2arm_ws/install/yolo_pred_nodes/share/yolo_pred_nodes/Model_fabric/weights/best.onnx
[0.196s] -- Up-to-date: /home/administrator/ros2arm_ws/install/yolo_pred_nodes/share/yolo_pred_nodes/Model_Shirt
[0.196s] -- Up-to-date: /home/administrator/ros2arm_ws/install/yolo_pred_nodes/share/yolo_pred_nodes/Model_Shirt/22.jpeg
[0.196s] -- Up-to-date: /home/administrator/ros2arm_ws/install/yolo_pred_nodes/share/yolo_pred_nodes/Model_Shirt/camera.rviz
[0.196s] -- Up-to-date: /home/administrator/ros2arm_ws/install/yolo_pred_nodes/share/yolo_pred_nodes/Model_Shirt/76.jpeg
[0.196s] -- Up-to-date: /home/administrator/ros2arm_ws/install/yolo_pred_nodes/share/yolo_pred_nodes/Model_Shirt/data3.yaml
[0.196s] -- Up-to-date: /home/administrator/ros2arm_ws/install/yolo_pred_nodes/share/yolo_pred_nodes/Model_Shirt/weights
[0.196s] -- Up-to-date: /home/administrator/ros2arm_ws/install/yolo_pred_nodes/share/yolo_pred_nodes/Model_Shirt/weights/best.pt
[0.196s] -- Up-to-date: /home/administrator/ros2arm_ws/install/yolo_pred_nodes/share/yolo_pred_nodes/Model_Shirt/weights/best2.onnx
[0.196s] -- Up-to-date: /home/administrator/ros2arm_ws/install/yolo_pred_nodes/share/yolo_pred_nodes/Model_Shirt/weights/last.pt
[0.196s] -- Up-to-date: /home/administrator/ros2arm_ws/install/yolo_pred_nodes/share/yolo_pred_nodes/Model_Shirt/weights/best.onnx
[0.196s] -- Up-to-date: /home/administrator/ros2arm_ws/install/yolo_pred_nodes/share/yolo_pred_nodes/config
[0.196s] -- Up-to-date: /home/administrator/ros2arm_ws/install/yolo_pred_nodes/share/yolo_pred_nodes/config/camera_view.rviz
[0.196s] -- Up-to-date: /home/administrator/ros2arm_ws/install/yolo_pred_nodes/lib/yolo_pred_nodes/yolo_fabric_pred.py
[0.196s] -- Installing: /home/administrator/ros2arm_ws/install/yolo_pred_nodes/lib/yolo_pred_nodes/yolo_shirt_pred.py
[0.196s] -- Installing: /home/administrator/ros2arm_ws/install/yolo_pred_nodes/lib/yolo_pred_nodes/camera_launch.py
[0.196s] -- Up-to-date: /home/administrator/ros2arm_ws/install/yolo_pred_nodes/share/ament_index/resource_index/package_run_dependencies/yolo_pred_nodes
[0.196s] -- Up-to-date: /home/administrator/ros2arm_ws/install/yolo_pred_nodes/share/ament_index/resource_index/parent_prefix_path/yolo_pred_nodes
[0.196s] -- Up-to-date: /home/administrator/ros2arm_ws/install/yolo_pred_nodes/share/yolo_pred_nodes/environment/ament_prefix_path.sh
[0.196s] -- Installing: /home/administrator/ros2arm_ws/install/yolo_pred_nodes/share/yolo_pred_nodes/environment/ament_prefix_path.dsv
[0.197s] -- Up-to-date: /home/administrator/ros2arm_ws/install/yolo_pred_nodes/share/yolo_pred_nodes/environment/path.sh
[0.197s] -- Installing: /home/administrator/ros2arm_ws/install/yolo_pred_nodes/share/yolo_pred_nodes/environment/path.dsv
[0.197s] -- Up-to-date: /home/administrator/ros2arm_ws/install/yolo_pred_nodes/share/yolo_pred_nodes/local_setup.bash
[0.197s] -- Up-to-date: /home/administrator/ros2arm_ws/install/yolo_pred_nodes/share/yolo_pred_nodes/local_setup.sh
[0.197s] -- Up-to-date: /home/administrator/ros2arm_ws/install/yolo_pred_nodes/share/yolo_pred_nodes/local_setup.zsh
[0.197s] -- Installing: /home/administrator/ros2arm_ws/install/yolo_pred_nodes/share/yolo_pred_nodes/local_setup.dsv
[0.197s] -- Installing: /home/administrator/ros2arm_ws/install/yolo_pred_nodes/share/yolo_pred_nodes/package.dsv
[0.197s] -- Up-to-date: /home/administrator/ros2arm_ws/install/yolo_pred_nodes/share/ament_index/resource_index/packages/yolo_pred_nodes
[0.197s] -- Up-to-date: /home/administrator/ros2arm_ws/install/yolo_pred_nodes/share/yolo_pred_nodes/cmake/yolo_pred_nodesConfig.cmake
[0.197s] -- Up-to-date: /home/administrator/ros2arm_ws/install/yolo_pred_nodes/share/yolo_pred_nodes/cmake/yolo_pred_nodesConfig-version.cmake
[0.197s] -- Up-to-date: /home/administrator/ros2arm_ws/install/yolo_pred_nodes/share/yolo_pred_nodes/package.xml
[0.198s] Invoked command in '/home/administrator/ros2arm_ws/build/yolo_pred_nodes' returned '0': CMAKE_PREFIX_PATH=${CMAKE_PREFIX_PATH}:/opt/ros/humble /usr/bin/cmake --install /home/administrator/ros2arm_ws/build/yolo_pred_nodes
