[0.016s] Invoking command in '/home/administrator/ros2arm_ws/build/yolo_pred_nodes': CMAKE_PREFIX_PATH=${CMAKE_PREFIX_PATH}:/opt/ros/humble /usr/bin/cmake /home/administrator/ros2arm_ws/src/yolo_pred_nodes -DCMAKE_INSTALL_PREFIX=/home/administrator/ros2arm_ws/install/yolo_pred_nodes
[0.051s] -- The C compiler identification is GNU 11.4.0
[0.087s] -- The CXX compiler identification is GNU 11.4.0
[0.092s] -- Detecting C compiler ABI info
[0.129s] -- Detecting C compiler ABI info - done
[0.133s] -- Check for working C compiler: /usr/bin/cc - skipped
[0.133s] -- Detecting C compile features
[0.133s] -- Detecting C compile features - done
[0.135s] -- Detecting CXX compiler ABI info
[0.183s] -- Detecting CXX compiler ABI info - done
[0.187s] -- Check for working CXX compiler: /usr/bin/c++ - skipped
[0.187s] -- Detecting CXX compile features
[0.187s] -- Detecting CXX compile features - done
[0.189s] -- Found ament_cmake: 1.3.8 (/opt/ros/humble/share/ament_cmake/cmake)
[0.288s] -- Found Python3: /usr/bin/python3 (found version "3.10.12") found components: Interpreter 
[0.339s] -- Found ament_lint_auto: 0.12.10 (/opt/ros/humble/share/ament_lint_auto/cmake)
[0.380s] -- Added test 'lint_cmake' to check CMake code style
[0.381s] -- Added test 'xmllint' to check XML markup files
[0.381s] -- Configuring done
[0.382s] -- Generating done
[0.383s] -- Build files have been written to: /home/administrator/ros2arm_ws/build/yolo_pred_nodes
[0.386s] Invoked command in '/home/administrator/ros2arm_ws/build/yolo_pred_nodes' returned '0': CMAKE_PREFIX_PATH=${CMAKE_PREFIX_PATH}:/opt/ros/humble /usr/bin/cmake /home/administrator/ros2arm_ws/src/yolo_pred_nodes -DCMAKE_INSTALL_PREFIX=/home/administrator/ros2arm_ws/install/yolo_pred_nodes
[0.386s] Invoking command in '/home/administrator/ros2arm_ws/build/yolo_pred_nodes': CMAKE_PREFIX_PATH=${CMAKE_PREFIX_PATH}:/opt/ros/humble /usr/bin/cmake --build /home/administrator/ros2arm_ws/build/yolo_pred_nodes -- -j20 -l20
[0.411s] Invoked command in '/home/administrator/ros2arm_ws/build/yolo_pred_nodes' returned '0': CMAKE_PREFIX_PATH=${CMAKE_PREFIX_PATH}:/opt/ros/humble /usr/bin/cmake --build /home/administrator/ros2arm_ws/build/yolo_pred_nodes -- -j20 -l20
[0.439s] Invoking command in '/home/administrator/ros2arm_ws/build/yolo_pred_nodes': CMAKE_PREFIX_PATH=${CMAKE_PREFIX_PATH}:/opt/ros/humble /usr/bin/cmake --install /home/administrator/ros2arm_ws/build/yolo_pred_nodes
[0.451s] -- Install configuration: ""
[0.451s] -- Installing: /home/administrator/ros2arm_ws/install/yolo_pred_nodes/share/ament_index/resource_index/package_run_dependencies/yolo_pred_nodes
[0.451s] -- Installing: /home/administrator/ros2arm_ws/install/yolo_pred_nodes/share/ament_index/resource_index/parent_prefix_path/yolo_pred_nodes
[0.451s] -- Installing: /home/administrator/ros2arm_ws/install/yolo_pred_nodes/share/yolo_pred_nodes/environment/ament_prefix_path.sh
[0.451s] -- Installing: /home/administrator/ros2arm_ws/install/yolo_pred_nodes/share/yolo_pred_nodes/environment/ament_prefix_path.dsv
[0.452s] -- Installing: /home/administrator/ros2arm_ws/install/yolo_pred_nodes/share/yolo_pred_nodes/environment/path.sh
[0.452s] -- Installing: /home/administrator/ros2arm_ws/install/yolo_pred_nodes/share/yolo_pred_nodes/environment/path.dsv
[0.452s] -- Installing: /home/administrator/ros2arm_ws/install/yolo_pred_nodes/share/yolo_pred_nodes/local_setup.bash
[0.452s] -- Installing: /home/administrator/ros2arm_ws/install/yolo_pred_nodes/share/yolo_pred_nodes/local_setup.sh
[0.452s] -- Installing: /home/administrator/ros2arm_ws/install/yolo_pred_nodes/share/yolo_pred_nodes/local_setup.zsh
[0.452s] -- Installing: /home/administrator/ros2arm_ws/install/yolo_pred_nodes/share/yolo_pred_nodes/local_setup.dsv
[0.452s] -- Installing: /home/administrator/ros2arm_ws/install/yolo_pred_nodes/share/yolo_pred_nodes/package.dsv
[0.452s] -- Installing: /home/administrator/ros2arm_ws/install/yolo_pred_nodes/share/ament_index/resource_index/packages/yolo_pred_nodes
[0.452s] -- Installing: /home/administrator/ros2arm_ws/install/yolo_pred_nodes/share/yolo_pred_nodes/cmake/yolo_pred_nodesConfig.cmake
[0.452s] -- Installing: /home/administrator/ros2arm_ws/install/yolo_pred_nodes/share/yolo_pred_nodes/cmake/yolo_pred_nodesConfig-version.cmake
[0.453s] -- Installing: /home/administrator/ros2arm_ws/install/yolo_pred_nodes/share/yolo_pred_nodes/package.xml
[0.454s] Invoked command in '/home/administrator/ros2arm_ws/build/yolo_pred_nodes' returned '0': CMAKE_PREFIX_PATH=${CMAKE_PREFIX_PATH}:/opt/ros/humble /usr/bin/cmake --install /home/administrator/ros2arm_ws/build/yolo_pred_nodes
