[0.019s] Invoking command in '/home/administrator/ros2arm_ws/build/final_moveit': CMAKE_PREFIX_PATH=${CMAKE_PREFIX_PATH}:/opt/ros/humble /usr/bin/cmake /home/administrator/ros2arm_ws/src/final_moveit -DCMAKE_INSTALL_PREFIX=/home/administrator/ros2arm_ws/install/final_moveit
[0.538s] -- The C compiler identification is GNU 11.4.0
[0.847s] -- The CXX compiler identification is GNU 11.4.0
[0.892s] -- Detecting C compiler ABI info
[1.110s] -- Detecting C compiler ABI info - done
[1.115s] -- Check for working C compiler: /usr/bin/cc - skipped
[1.129s] -- Detecting C compile features
[1.134s] -- Detecting C compile features - done
[1.151s] -- Detecting CXX compiler ABI info
[1.262s] -- Detecting CXX compiler ABI info - done
[1.267s] -- Check for working CXX compiler: /usr/bin/c++ - skipped
[1.267s] -- Detecting CXX compile features
[1.267s] -- Detecting CXX compile features - done
[1.334s] -- Found ament_cmake: 1.3.8 (/opt/ros/humble/share/ament_cmake/cmake)
[1.548s] -- Found Python3: /usr/bin/python3 (found version "3.10.12") found components: Interpreter 
[1.697s] -- Found moveit_ros_planning_interface: 2.5.5 (/opt/ros/humble/share/moveit_ros_planning_interface/cmake)
[2.151s] -- Found Boost: /usr/lib/x86_64-linux-gnu/cmake/Boost-1.74.0/BoostConfig.cmake (found version "1.74.0") found components: date_time filesystem program_options system thread 
[2.333s] -- Found rosidl_generator_c: 3.1.5 (/opt/ros/humble/share/rosidl_generator_c/cmake)
[2.340s] -- Found rosidl_adapter: 3.1.5 (/opt/ros/humble/share/rosidl_adapter/cmake)
[2.357s] -- Found rosidl_generator_cpp: 3.1.5 (/opt/ros/humble/share/rosidl_generator_cpp/cmake)
[2.391s] -- Using all available rosidl_typesupport_c: rosidl_typesupport_fastrtps_c;rosidl_typesupport_introspection_c
[2.424s] -- Using all available rosidl_typesupport_cpp: rosidl_typesupport_fastrtps_cpp;rosidl_typesupport_introspection_cpp
[3.164s] -- Found Boost: /usr/lib/x86_64-linux-gnu/cmake/Boost-1.74.0/BoostConfig.cmake (found version "1.74.0") found components: chrono date_time filesystem iostreams program_options regex serialization system thread 
[3.260s] -- Found parameter_traits: 0.3.8 (/opt/ros/humble/share/parameter_traits/cmake)
[3.418s] -- Found rmw_implementation_cmake: 6.1.1 (/opt/ros/humble/share/rmw_implementation_cmake/cmake)
[3.438s] -- Found rmw_fastrtps_cpp: 6.2.6 (/opt/ros/humble/share/rmw_fastrtps_cpp/cmake)
[3.821s] -- Found OpenSSL: /usr/lib/x86_64-linux-gnu/libcrypto.so (found version "3.0.2")  
[3.870s] -- Found FastRTPS: /opt/ros/humble/include  
[3.897s] -- Using RMW implementation 'rmw_fastrtps_cpp' as default
[3.905s] -- Found Threads: TRUE  
[4.132s] -- Found rclcpp_lifecycle: 16.0.8 (/opt/ros/humble/share/rclcpp_lifecycle/cmake)
[4.220s] -- Found Boost: /usr/lib/x86_64-linux-gnu/cmake/Boost-1.74.0/BoostConfig.cmake (found version "1.74.0") found components: filesystem 
[4.490s] -- library: /usr/lib/x86_64-linux-gnu/libcurl.so
[4.634s] -- Found Eigen3: TRUE (found version "3.4.0") 
[4.634s] -- Ensuring Eigen3 include directory is part of orocos-kdl CMake target
[5.241s] -- Found Boost: /usr/lib/x86_64-linux-gnu/cmake/Boost-1.74.0/BoostConfig.cmake (found version "1.74.0") found components: system filesystem date_time program_options thread chrono 
[5.647s] -- Found Boost: /usr/lib/x86_64-linux-gnu/cmake/Boost-1.74.0/BoostConfig.cmake (found version "1.74.0") found components: thread system filesystem regex date_time program_options 
[5.837s] -- Found Boost: /usr/lib/x86_64-linux-gnu/cmake/Boost-1.74.0/BoostConfig.cmake (found version "1.74.0") found components: system filesystem date_time program_options thread 
[6.124s] -- Found ament_lint_auto: 0.12.10 (/opt/ros/humble/share/ament_lint_auto/cmake)
[6.301s] -- Added test 'cppcheck' to perform static code analysis on C / C++ code
[6.301s] -- Configured cppcheck include dirs: $<BUILD_INTERFACE:/home/administrator/ros2arm_ws/src/final_moveit/include>
[6.302s] -- Configured cppcheck exclude dirs and/or files: 
[6.303s] -- Added test 'lint_cmake' to check CMake code style
[6.305s] -- Added test 'uncrustify' to check C / C++ code style
[6.306s] -- Configured uncrustify additional arguments: 
[6.307s] -- Added test 'xmllint' to check XML markup files
[6.309s] -- Configuring done
[6.490s] -- Generating done
[6.494s] -- Build files have been written to: /home/administrator/ros2arm_ws/build/final_moveit
[6.507s] Invoked command in '/home/administrator/ros2arm_ws/build/final_moveit' returned '0': CMAKE_PREFIX_PATH=${CMAKE_PREFIX_PATH}:/opt/ros/humble /usr/bin/cmake /home/administrator/ros2arm_ws/src/final_moveit -DCMAKE_INSTALL_PREFIX=/home/administrator/ros2arm_ws/install/final_moveit
[6.509s] Invoking command in '/home/administrator/ros2arm_ws/build/final_moveit': CMAKE_PREFIX_PATH=${CMAKE_PREFIX_PATH}:/opt/ros/humble /usr/bin/cmake --build /home/administrator/ros2arm_ws/build/final_moveit -- -j20 -l20
[6.564s] [ 50%] [32mBuilding CXX object CMakeFiles/final_moveit.dir/src/final_moveit.cpp.o[0m
[6.648s] [100%] [32m[1mLinking CXX executable final_moveit[0m
[12.857s] [100%] Built target final_moveit
[12.862s] Invoked command in '/home/administrator/ros2arm_ws/build/final_moveit' returned '0': CMAKE_PREFIX_PATH=${CMAKE_PREFIX_PATH}:/opt/ros/humble /usr/bin/cmake --build /home/administrator/ros2arm_ws/build/final_moveit -- -j20 -l20
[12.876s] Invoking command in '/home/administrator/ros2arm_ws/build/final_moveit': CMAKE_PREFIX_PATH=${CMAKE_PREFIX_PATH}:/opt/ros/humble /usr/bin/cmake --install /home/administrator/ros2arm_ws/build/final_moveit
[12.879s] -- Install configuration: ""
[12.880s] -- Installing: /home/administrator/ros2arm_ws/install/final_moveit/lib/final_moveit/final_moveit
[12.880s] -- Set runtime path of "/home/administrator/ros2arm_ws/install/final_moveit/lib/final_moveit/final_moveit" to ""
[12.880s] -- Installing: /home/administrator/ros2arm_ws/install/final_moveit/share/ament_index/resource_index/package_run_dependencies/final_moveit
[12.880s] -- Installing: /home/administrator/ros2arm_ws/install/final_moveit/share/ament_index/resource_index/parent_prefix_path/final_moveit
[12.880s] -- Installing: /home/administrator/ros2arm_ws/install/final_moveit/share/final_moveit/environment/ament_prefix_path.sh
[12.880s] -- Installing: /home/administrator/ros2arm_ws/install/final_moveit/share/final_moveit/environment/ament_prefix_path.dsv
[12.880s] -- Installing: /home/administrator/ros2arm_ws/install/final_moveit/share/final_moveit/environment/path.sh
[12.880s] -- Installing: /home/administrator/ros2arm_ws/install/final_moveit/share/final_moveit/environment/path.dsv
[12.880s] -- Installing: /home/administrator/ros2arm_ws/install/final_moveit/share/final_moveit/local_setup.bash
[12.880s] -- Installing: /home/administrator/ros2arm_ws/install/final_moveit/share/final_moveit/local_setup.sh
[12.880s] -- Installing: /home/administrator/ros2arm_ws/install/final_moveit/share/final_moveit/local_setup.zsh
[12.880s] -- Installing: /home/administrator/ros2arm_ws/install/final_moveit/share/final_moveit/local_setup.dsv
[12.880s] -- Installing: /home/administrator/ros2arm_ws/install/final_moveit/share/final_moveit/package.dsv
[12.880s] -- Installing: /home/administrator/ros2arm_ws/install/final_moveit/share/ament_index/resource_index/packages/final_moveit
[12.880s] -- Installing: /home/administrator/ros2arm_ws/install/final_moveit/share/final_moveit/cmake/final_moveitConfig.cmake
[12.880s] -- Installing: /home/administrator/ros2arm_ws/install/final_moveit/share/final_moveit/cmake/final_moveitConfig-version.cmake
[12.880s] -- Installing: /home/administrator/ros2arm_ws/install/final_moveit/share/final_moveit/package.xml
[12.881s] Invoked command in '/home/administrator/ros2arm_ws/build/final_moveit' returned '0': CMAKE_PREFIX_PATH=${CMAKE_PREFIX_PATH}:/opt/ros/humble /usr/bin/cmake --install /home/administrator/ros2arm_ws/build/final_moveit
