[0.252s] Invoking command in '/home/administrator/ros2arm_ws/build/yolo_pred': CMAKE_PREFIX_PATH=${CMAKE_PREFIX_PATH}:/opt/ros/humble /usr/bin/cmake --build /home/administrator/ros2arm_ws/build/yolo_pred -- -j20 -l20
[0.805s] Invoked command in '/home/administrator/ros2arm_ws/build/yolo_pred' returned '0': CMAKE_PREFIX_PATH=${CMAKE_PREFIX_PATH}:/opt/ros/humble /usr/bin/cmake --build /home/administrator/ros2arm_ws/build/yolo_pred -- -j20 -l20
[0.824s] Invoking command in '/home/administrator/ros2arm_ws/build/yolo_pred': CMAKE_PREFIX_PATH=${CMAKE_PREFIX_PATH}:/opt/ros/humble /usr/bin/cmake --install /home/administrator/ros2arm_ws/build/yolo_pred
[0.836s] -- Install configuration: ""
[0.869s] -- Execute custom install script
[0.940s] -- Up-to-date symlink: /home/administrator/ros2arm_ws/install/yolo_pred/share/yolo_pred/Model_fabric/13.jpg
[0.960s] -- Up-to-date symlink: /home/administrator/ros2arm_ws/install/yolo_pred/share/yolo_pred/Model_fabric/data.yaml
[0.964s] -- Up-to-date symlink: /home/administrator/ros2arm_ws/install/yolo_pred/share/yolo_pred/Model_fabric/data2.yaml
[0.970s] -- Up-to-date symlink: /home/administrator/ros2arm_ws/install/yolo_pred/share/yolo_pred/Model_fabric/param/F1_curve.png
[0.970s] -- Up-to-date symlink: /home/administrator/ros2arm_ws/install/yolo_pred/share/yolo_pred/Model_fabric/param/PR_curve.png
[0.970s] -- Up-to-date symlink: /home/administrator/ros2arm_ws/install/yolo_pred/share/yolo_pred/Model_fabric/param/P_curve.png
[0.971s] -- Up-to-date symlink: /home/administrator/ros2arm_ws/install/yolo_pred/share/yolo_pred/Model_fabric/param/R_curve.png
[0.972s] -- Up-to-date symlink: /home/administrator/ros2arm_ws/install/yolo_pred/share/yolo_pred/Model_fabric/param/confusion_matrix.png
[0.996s] -- Up-to-date symlink: /home/administrator/ros2arm_ws/install/yolo_pred/share/yolo_pred/Model_fabric/param/hyp.yaml
[0.996s] -- Up-to-date symlink: /home/administrator/ros2arm_ws/install/yolo_pred/share/yolo_pred/Model_fabric/param/labels.jpg
[0.997s] -- Up-to-date symlink: /home/administrator/ros2arm_ws/install/yolo_pred/share/yolo_pred/Model_fabric/param/labels_correlogram.jpg
[0.997s] -- Up-to-date symlink: /home/administrator/ros2arm_ws/install/yolo_pred/share/yolo_pred/Model_fabric/param/opt.yaml
[0.999s] -- Up-to-date symlink: /home/administrator/ros2arm_ws/install/yolo_pred/share/yolo_pred/Model_fabric/param/results.csv
[0.999s] -- Up-to-date symlink: /home/administrator/ros2arm_ws/install/yolo_pred/share/yolo_pred/Model_fabric/param/results.png
[1.004s] -- Up-to-date symlink: /home/administrator/ros2arm_ws/install/yolo_pred/share/yolo_pred/Model_fabric/param/train_batch0.jpg
[1.009s] -- Up-to-date symlink: /home/administrator/ros2arm_ws/install/yolo_pred/share/yolo_pred/Model_fabric/param/train_batch1.jpg
[1.023s] -- Up-to-date symlink: /home/administrator/ros2arm_ws/install/yolo_pred/share/yolo_pred/Model_fabric/param/train_batch2.jpg
[1.024s] -- Up-to-date symlink: /home/administrator/ros2arm_ws/install/yolo_pred/share/yolo_pred/Model_fabric/param/val_batch0_labels.jpg
[1.025s] -- Up-to-date symlink: /home/administrator/ros2arm_ws/install/yolo_pred/share/yolo_pred/Model_fabric/param/val_batch0_pred.jpg
[1.025s] -- Up-to-date symlink: /home/administrator/ros2arm_ws/install/yolo_pred/share/yolo_pred/Model_fabric/param/val_batch1_labels.jpg
[1.025s] -- Up-to-date symlink: /home/administrator/ros2arm_ws/install/yolo_pred/share/yolo_pred/Model_fabric/param/val_batch1_pred.jpg
[1.025s] -- Up-to-date symlink: /home/administrator/ros2arm_ws/install/yolo_pred/share/yolo_pred/Model_fabric/param/val_batch2_labels.jpg
[1.025s] -- Up-to-date symlink: /home/administrator/ros2arm_ws/install/yolo_pred/share/yolo_pred/Model_fabric/param/val_batch2_pred.jpg
[1.041s] -- Up-to-date symlink: /home/administrator/ros2arm_ws/install/yolo_pred/share/yolo_pred/Model_fabric/weights/best.onnx
[1.041s] -- Up-to-date symlink: /home/administrator/ros2arm_ws/install/yolo_pred/share/yolo_pred/Model_fabric/weights/best.pt
[1.045s] -- Up-to-date symlink: /home/administrator/ros2arm_ws/install/yolo_pred/share/yolo_pred/Model_fabric/weights/best2.onnx
[1.047s] -- Up-to-date symlink: /home/administrator/ros2arm_ws/install/yolo_pred/share/yolo_pred/Model_fabric/weights/last.pt
[1.064s] -- Up-to-date symlink: /home/administrator/ros2arm_ws/install/yolo_pred/share/yolo_pred/Model_Shirt/22.jpeg
[1.064s] -- Up-to-date symlink: /home/administrator/ros2arm_ws/install/yolo_pred/share/yolo_pred/Model_Shirt/76.jpeg
[1.073s] -- Up-to-date symlink: /home/administrator/ros2arm_ws/install/yolo_pred/share/yolo_pred/Model_Shirt/Params/F1_curve.png
[1.074s] -- Up-to-date symlink: /home/administrator/ros2arm_ws/install/yolo_pred/share/yolo_pred/Model_Shirt/Params/PR_curve.png
[1.082s] -- Up-to-date symlink: /home/administrator/ros2arm_ws/install/yolo_pred/share/yolo_pred/Model_Shirt/Params/P_curve.png
[1.082s] -- Up-to-date symlink: /home/administrator/ros2arm_ws/install/yolo_pred/share/yolo_pred/Model_Shirt/Params/R_curve.png
[1.085s] -- Up-to-date symlink: /home/administrator/ros2arm_ws/install/yolo_pred/share/yolo_pred/Model_Shirt/Params/confusion_matrix.png
[1.108s] -- Up-to-date symlink: /home/administrator/ros2arm_ws/install/yolo_pred/share/yolo_pred/Model_Shirt/Params/hyp.yaml
[1.111s] -- Up-to-date symlink: /home/administrator/ros2arm_ws/install/yolo_pred/share/yolo_pred/Model_Shirt/Params/labels.jpg
[1.131s] -- Up-to-date symlink: /home/administrator/ros2arm_ws/install/yolo_pred/share/yolo_pred/Model_Shirt/Params/labels_correlogram.jpg
[1.140s] -- Up-to-date symlink: /home/administrator/ros2arm_ws/install/yolo_pred/share/yolo_pred/Model_Shirt/Params/opt.yaml
[1.149s] -- Up-to-date symlink: /home/administrator/ros2arm_ws/install/yolo_pred/share/yolo_pred/Model_Shirt/Params/results.csv
[1.150s] -- Up-to-date symlink: /home/administrator/ros2arm_ws/install/yolo_pred/share/yolo_pred/Model_Shirt/Params/results.png
[1.159s] -- Up-to-date symlink: /home/administrator/ros2arm_ws/install/yolo_pred/share/yolo_pred/Model_Shirt/Params/train_batch0.jpg
[1.159s] -- Up-to-date symlink: /home/administrator/ros2arm_ws/install/yolo_pred/share/yolo_pred/Model_Shirt/Params/train_batch1.jpg
[1.162s] -- Up-to-date symlink: /home/administrator/ros2arm_ws/install/yolo_pred/share/yolo_pred/Model_Shirt/Params/train_batch2.jpg
[1.166s] -- Up-to-date symlink: /home/administrator/ros2arm_ws/install/yolo_pred/share/yolo_pred/Model_Shirt/Params/val_batch0_labels.jpg
[1.166s] -- Up-to-date symlink: /home/administrator/ros2arm_ws/install/yolo_pred/share/yolo_pred/Model_Shirt/Params/val_batch0_pred.jpg
[1.167s] -- Up-to-date symlink: /home/administrator/ros2arm_ws/install/yolo_pred/share/yolo_pred/Model_Shirt/camera.rviz
[1.167s] -- Up-to-date symlink: /home/administrator/ros2arm_ws/install/yolo_pred/share/yolo_pred/Model_Shirt/data3.yaml
[1.168s] -- Up-to-date symlink: /home/administrator/ros2arm_ws/install/yolo_pred/share/yolo_pred/Model_Shirt/weights/best.onnx
[1.168s] -- Up-to-date symlink: /home/administrator/ros2arm_ws/install/yolo_pred/share/yolo_pred/Model_Shirt/weights/best.pt
[1.174s] -- Up-to-date symlink: /home/administrator/ros2arm_ws/install/yolo_pred/share/yolo_pred/Model_Shirt/weights/best2.onnx
[1.174s] -- Up-to-date symlink: /home/administrator/ros2arm_ws/install/yolo_pred/share/yolo_pred/Model_Shirt/weights/last.pt
[1.174s] -- Up-to-date symlink: /home/administrator/ros2arm_ws/install/yolo_pred/lib/yolo_pred/yolo_shirt_pred.py
[1.174s] -- Up-to-date symlink: /home/administrator/ros2arm_ws/install/yolo_pred/lib/yolo_pred/yolo_shirt.py
[1.174s] -- Up-to-date symlink: /home/administrator/ros2arm_ws/install/yolo_pred/lib/yolo_pred/camera_launch.py
[1.174s] -- Up-to-date symlink: /home/administrator/ros2arm_ws/install/yolo_pred/lib/yolo_pred/final_task.py
[1.174s] -- Up-to-date symlink: /home/administrator/ros2arm_ws/install/yolo_pred/lib/yolo_pred/yolo_fabric_pred.py
[1.175s] -- Up-to-date symlink: /home/administrator/ros2arm_ws/install/yolo_pred/share/ament_index/resource_index/package_run_dependencies/yolo_pred
[1.179s] -- Up-to-date symlink: /home/administrator/ros2arm_ws/install/yolo_pred/share/ament_index/resource_index/parent_prefix_path/yolo_pred
[1.180s] -- Up-to-date symlink: /home/administrator/ros2arm_ws/install/yolo_pred/share/yolo_pred/environment/ament_prefix_path.sh
[1.180s] -- Up-to-date symlink: /home/administrator/ros2arm_ws/install/yolo_pred/share/yolo_pred/environment/ament_prefix_path.dsv
[1.192s] -- Up-to-date symlink: /home/administrator/ros2arm_ws/install/yolo_pred/share/yolo_pred/environment/path.sh
[1.192s] -- Up-to-date symlink: /home/administrator/ros2arm_ws/install/yolo_pred/share/yolo_pred/environment/path.dsv
[1.197s] -- Up-to-date symlink: /home/administrator/ros2arm_ws/install/yolo_pred/share/yolo_pred/local_setup.bash
[1.201s] -- Up-to-date symlink: /home/administrator/ros2arm_ws/install/yolo_pred/share/yolo_pred/local_setup.sh
[1.202s] -- Up-to-date symlink: /home/administrator/ros2arm_ws/install/yolo_pred/share/yolo_pred/local_setup.zsh
[1.202s] -- Up-to-date symlink: /home/administrator/ros2arm_ws/install/yolo_pred/share/yolo_pred/local_setup.dsv
[1.202s] -- Symlinking: /home/administrator/ros2arm_ws/install/yolo_pred/share/yolo_pred/package.dsv
[1.212s] -- Up-to-date symlink: /home/administrator/ros2arm_ws/install/yolo_pred/share/ament_index/resource_index/packages/yolo_pred
[1.232s] -- Up-to-date symlink: /home/administrator/ros2arm_ws/install/yolo_pred/share/yolo_pred/cmake/yolo_predConfig.cmake
[1.247s] -- Up-to-date symlink: /home/administrator/ros2arm_ws/install/yolo_pred/share/yolo_pred/cmake/yolo_predConfig-version.cmake
[1.247s] -- Up-to-date symlink: /home/administrator/ros2arm_ws/install/yolo_pred/share/yolo_pred/package.xml
[1.258s] Invoked command in '/home/administrator/ros2arm_ws/build/yolo_pred' returned '0': CMAKE_PREFIX_PATH=${CMAKE_PREFIX_PATH}:/opt/ros/humble /usr/bin/cmake --install /home/administrator/ros2arm_ws/build/yolo_pred
