[0.235s] Invoking command in '/home/administrator/ros2arm_ws/build/ros2_arduino_bridge': CMAKE_PREFIX_PATH=${CMAKE_PREFIX_PATH}:/opt/ros/humble /usr/bin/cmake --build /home/administrator/ros2arm_ws/build/ros2_arduino_bridge -- -j20 -l20
[0.810s] Invoked command in '/home/administrator/ros2arm_ws/build/ros2_arduino_bridge' returned '0': CMAKE_PREFIX_PATH=${CMAKE_PREFIX_PATH}:/opt/ros/humble /usr/bin/cmake --build /home/administrator/ros2arm_ws/build/ros2_arduino_bridge -- -j20 -l20
[0.829s] Invoking command in '/home/administrator/ros2arm_ws/build/ros2_arduino_bridge': CMAKE_PREFIX_PATH=${CMAKE_PREFIX_PATH}:/opt/ros/humble /usr/bin/cmake --install /home/administrator/ros2arm_ws/build/ros2_arduino_bridge
[0.857s] -- Install configuration: ""
[0.871s] -- Execute custom install script
[0.872s] -- Up-to-date symlink: /home/administrator/ros2arm_ws/install/ros2_arduino_bridge/lib/ros2_arduino_bridge/arduino_arm_connect.py
[0.873s] -- Up-to-date symlink: /home/administrator/ros2arm_ws/install/ros2_arduino_bridge/share/ament_index/resource_index/package_run_dependencies/ros2_arduino_bridge
[0.908s] -- Up-to-date symlink: /home/administrator/ros2arm_ws/install/ros2_arduino_bridge/share/ament_index/resource_index/parent_prefix_path/ros2_arduino_bridge
[0.912s] -- Up-to-date symlink: /home/administrator/ros2arm_ws/install/ros2_arduino_bridge/share/ros2_arduino_bridge/environment/ament_prefix_path.sh
[0.913s] -- Up-to-date symlink: /home/administrator/ros2arm_ws/install/ros2_arduino_bridge/share/ros2_arduino_bridge/environment/ament_prefix_path.dsv
[0.919s] -- Up-to-date symlink: /home/administrator/ros2arm_ws/install/ros2_arduino_bridge/share/ros2_arduino_bridge/environment/path.sh
[0.919s] -- Up-to-date symlink: /home/administrator/ros2arm_ws/install/ros2_arduino_bridge/share/ros2_arduino_bridge/environment/path.dsv
[0.932s] -- Up-to-date symlink: /home/administrator/ros2arm_ws/install/ros2_arduino_bridge/share/ros2_arduino_bridge/local_setup.bash
[0.944s] -- Up-to-date symlink: /home/administrator/ros2arm_ws/install/ros2_arduino_bridge/share/ros2_arduino_bridge/local_setup.sh
[0.963s] -- Up-to-date symlink: /home/administrator/ros2arm_ws/install/ros2_arduino_bridge/share/ros2_arduino_bridge/local_setup.zsh
[0.963s] -- Up-to-date symlink: /home/administrator/ros2arm_ws/install/ros2_arduino_bridge/share/ros2_arduino_bridge/local_setup.dsv
[0.963s] -- Symlinking: /home/administrator/ros2arm_ws/install/ros2_arduino_bridge/share/ros2_arduino_bridge/package.dsv
[0.976s] -- Up-to-date symlink: /home/administrator/ros2arm_ws/install/ros2_arduino_bridge/share/ament_index/resource_index/packages/ros2_arduino_bridge
[0.999s] -- Up-to-date symlink: /home/administrator/ros2arm_ws/install/ros2_arduino_bridge/share/ros2_arduino_bridge/cmake/ros2_arduino_bridgeConfig.cmake
[1.001s] -- Up-to-date symlink: /home/administrator/ros2arm_ws/install/ros2_arduino_bridge/share/ros2_arduino_bridge/cmake/ros2_arduino_bridgeConfig-version.cmake
[1.001s] -- Up-to-date symlink: /home/administrator/ros2arm_ws/install/ros2_arduino_bridge/share/ros2_arduino_bridge/package.xml
[1.209s] Invoked command in '/home/administrator/ros2arm_ws/build/ros2_arduino_bridge' returned '0': CMAKE_PREFIX_PATH=${CMAKE_PREFIX_PATH}:/opt/ros/humble /usr/bin/cmake --install /home/administrator/ros2arm_ws/build/ros2_arduino_bridge
