[0.150s] Invoking command in '/home/administrator/ros2arm_ws/build/final_moveit': CMAKE_PREFIX_PATH=${CMAKE_PREFIX_PATH}:/opt/ros/humble /usr/bin/cmake --build /home/administrator/ros2arm_ws/build/final_moveit -- -j20 -l20
[1.831s] [35m[1mConsolidate compiler generated dependencies of target final_moveit[0m
[1.855s] [ 50%] [32mBuilding CXX object CMakeFiles/final_moveit.dir/src/final_moveit.cpp.o[0m
[9.169s] [100%] [32m[1mLinking CXX executable final_moveit[0m
[11.186s] [100%] Built target final_moveit
[11.196s] Invoked command in '/home/administrator/ros2arm_ws/build/final_moveit' returned '0': CMAKE_PREFIX_PATH=${CMAKE_PREFIX_PATH}:/opt/ros/humble /usr/bin/cmake --build /home/administrator/ros2arm_ws/build/final_moveit -- -j20 -l20
[11.228s] Invoking command in '/home/administrator/ros2arm_ws/build/final_moveit': CMAKE_PREFIX_PATH=${CMAKE_PREFIX_PATH}:/opt/ros/humble /usr/bin/cmake --install /home/administrator/ros2arm_ws/build/final_moveit
[11.247s] -- Install configuration: ""
[11.319s] -- Installing: /home/administrator/ros2arm_ws/install/final_moveit/lib/final_moveit/final_moveit
[11.320s] -- Set runtime path of "/home/administrator/ros2arm_ws/install/final_moveit/lib/final_moveit/final_moveit" to ""
[11.320s] -- Up-to-date: /home/administrator/ros2arm_ws/install/final_moveit/share/ament_index/resource_index/package_run_dependencies/final_moveit
[11.322s] -- Up-to-date: /home/administrator/ros2arm_ws/install/final_moveit/share/ament_index/resource_index/parent_prefix_path/final_moveit
[11.322s] -- Up-to-date: /home/administrator/ros2arm_ws/install/final_moveit/share/final_moveit/environment/ament_prefix_path.sh
[11.322s] -- Up-to-date: /home/administrator/ros2arm_ws/install/final_moveit/share/final_moveit/environment/ament_prefix_path.dsv
[11.322s] -- Up-to-date: /home/administrator/ros2arm_ws/install/final_moveit/share/final_moveit/environment/path.sh
[11.322s] -- Up-to-date: /home/administrator/ros2arm_ws/install/final_moveit/share/final_moveit/environment/path.dsv
[11.323s] -- Up-to-date: /home/administrator/ros2arm_ws/install/final_moveit/share/final_moveit/local_setup.bash
[11.323s] -- Up-to-date: /home/administrator/ros2arm_ws/install/final_moveit/share/final_moveit/local_setup.sh
[11.323s] -- Up-to-date: /home/administrator/ros2arm_ws/install/final_moveit/share/final_moveit/local_setup.zsh
[11.323s] -- Up-to-date: /home/administrator/ros2arm_ws/install/final_moveit/share/final_moveit/local_setup.dsv
[11.323s] -- Installing: /home/administrator/ros2arm_ws/install/final_moveit/share/final_moveit/package.dsv
[11.344s] -- Up-to-date: /home/administrator/ros2arm_ws/install/final_moveit/share/ament_index/resource_index/packages/final_moveit
[11.344s] -- Up-to-date: /home/administrator/ros2arm_ws/install/final_moveit/share/final_moveit/cmake/final_moveitConfig.cmake
[11.344s] -- Up-to-date: /home/administrator/ros2arm_ws/install/final_moveit/share/final_moveit/cmake/final_moveitConfig-version.cmake
[11.344s] -- Up-to-date: /home/administrator/ros2arm_ws/install/final_moveit/share/final_moveit/package.xml
[11.346s] Invoked command in '/home/administrator/ros2arm_ws/build/final_moveit' returned '0': CMAKE_PREFIX_PATH=${CMAKE_PREFIX_PATH}:/opt/ros/humble /usr/bin/cmake --install /home/administrator/ros2arm_ws/build/final_moveit
