[0.190s] Invoking command in '/home/administrator/ros2arm_ws/build/arm_connect': CMAKE_PREFIX_PATH=${CMAKE_PREFIX_PATH}:/opt/ros/humble /usr/bin/cmake --build /home/administrator/ros2arm_ws/build/arm_connect -- -j20 -l20
[0.225s] Invoked command in '/home/administrator/ros2arm_ws/build/arm_connect' returned '0': CMAKE_PREFIX_PATH=${CMAKE_PREFIX_PATH}:/opt/ros/humble /usr/bin/cmake --build /home/administrator/ros2arm_ws/build/arm_connect -- -j20 -l20
[0.251s] Invoking command in '/home/administrator/ros2arm_ws/build/arm_connect': CMAKE_PREFIX_PATH=${CMAKE_PREFIX_PATH}:/opt/ros/humble /usr/bin/cmake --install /home/administrator/ros2arm_ws/build/arm_connect
[0.268s] -- Install configuration: ""
[0.268s] -- Up-to-date: /home/administrator/ros2arm_ws/install/arm_connect/share/arm_connect/launch
[0.268s] -- Up-to-date: /home/administrator/ros2arm_ws/install/arm_connect/share/ament_index/resource_index/package_run_dependencies/arm_connect
[0.268s] -- Up-to-date: /home/administrator/ros2arm_ws/install/arm_connect/share/ament_index/resource_index/parent_prefix_path/arm_connect
[0.269s] -- Up-to-date: /home/administrator/ros2arm_ws/install/arm_connect/share/arm_connect/environment/ament_prefix_path.sh
[0.270s] -- Up-to-date: /home/administrator/ros2arm_ws/install/arm_connect/share/arm_connect/environment/ament_prefix_path.dsv
[0.270s] -- Up-to-date: /home/administrator/ros2arm_ws/install/arm_connect/share/arm_connect/environment/path.sh
[0.270s] -- Up-to-date: /home/administrator/ros2arm_ws/install/arm_connect/share/arm_connect/environment/path.dsv
[0.270s] -- Up-to-date: /home/administrator/ros2arm_ws/install/arm_connect/share/arm_connect/local_setup.bash
[0.271s] -- Up-to-date: /home/administrator/ros2arm_ws/install/arm_connect/share/arm_connect/local_setup.sh
[0.271s] -- Up-to-date: /home/administrator/ros2arm_ws/install/arm_connect/share/arm_connect/local_setup.zsh
[0.271s] -- Up-to-date: /home/administrator/ros2arm_ws/install/arm_connect/share/arm_connect/local_setup.dsv
[0.271s] -- Installing: /home/administrator/ros2arm_ws/install/arm_connect/share/arm_connect/package.dsv
[0.271s] -- Up-to-date: /home/administrator/ros2arm_ws/install/arm_connect/share/ament_index/resource_index/packages/arm_connect
[0.271s] -- Up-to-date: /home/administrator/ros2arm_ws/install/arm_connect/share/arm_connect/cmake/arm_connectConfig.cmake
[0.271s] -- Up-to-date: /home/administrator/ros2arm_ws/install/arm_connect/share/arm_connect/cmake/arm_connectConfig-version.cmake
[0.272s] -- Up-to-date: /home/administrator/ros2arm_ws/install/arm_connect/share/arm_connect/package.xml
[0.272s] Invoked command in '/home/administrator/ros2arm_ws/build/arm_connect' returned '0': CMAKE_PREFIX_PATH=${CMAKE_PREFIX_PATH}:/opt/ros/humble /usr/bin/cmake --install /home/administrator/ros2arm_ws/build/arm_connect
