[0.014s] Invoking command in '/home/administrator/ros2arm_ws/build/arm_controller_pkg': CMAKE_PREFIX_PATH=${CMAKE_PREFIX_PATH}:/opt/ros/humble /usr/bin/cmake --build /home/administrator/ros2arm_ws/build/arm_controller_pkg -- -j20 -l20
[0.027s] -- Found ament_cmake: 1.3.8 (/opt/ros/humble/share/ament_cmake/cmake)
[0.109s] -- Found ament_lint_auto: 0.12.10 (/opt/ros/humble/share/ament_lint_auto/cmake)
[0.146s] -- Added test 'flake8' to check Python code syntax and style conventions
[0.146s] -- Added test 'lint_cmake' to check CMake code style
[0.147s] -- Added test 'pep257' to check Python code against some of the docstring style conventions in PEP 257
[0.147s] -- Added test 'xmllint' to check XML markup files
[0.147s] -- Configuring done
[0.149s] -- Generating done
[0.149s] -- Build files have been written to: /home/administrator/ros2arm_ws/build/arm_controller_pkg
[0.160s] Invoked command in '/home/administrator/ros2arm_ws/build/arm_controller_pkg' returned '0': CMAKE_PREFIX_PATH=${CMAKE_PREFIX_PATH}:/opt/ros/humble /usr/bin/cmake --build /home/administrator/ros2arm_ws/build/arm_controller_pkg -- -j20 -l20
[0.171s] Invoking command in '/home/administrator/ros2arm_ws/build/arm_controller_pkg': CMAKE_PREFIX_PATH=${CMAKE_PREFIX_PATH}:/opt/ros/humble /usr/bin/cmake --install /home/administrator/ros2arm_ws/build/arm_controller_pkg
[0.177s] -- Install configuration: ""
[0.177s] -- Installing: /home/administrator/ros2arm_ws/install/arm_controller_pkg/lib/arm_controller_pkg/final_task.py
[0.177s] -- Up-to-date: /home/administrator/ros2arm_ws/install/arm_controller_pkg/share/ament_index/resource_index/package_run_dependencies/arm_controller_pkg
[0.177s] -- Installing: /home/administrator/ros2arm_ws/install/arm_controller_pkg/share/ament_index/resource_index/parent_prefix_path/arm_controller_pkg
[0.177s] -- Up-to-date: /home/administrator/ros2arm_ws/install/arm_controller_pkg/share/arm_controller_pkg/environment/ament_prefix_path.sh
[0.178s] -- Installing: /home/administrator/ros2arm_ws/install/arm_controller_pkg/share/arm_controller_pkg/environment/ament_prefix_path.dsv
[0.178s] -- Up-to-date: /home/administrator/ros2arm_ws/install/arm_controller_pkg/share/arm_controller_pkg/environment/path.sh
[0.178s] -- Installing: /home/administrator/ros2arm_ws/install/arm_controller_pkg/share/arm_controller_pkg/environment/path.dsv
[0.178s] -- Up-to-date: /home/administrator/ros2arm_ws/install/arm_controller_pkg/share/arm_controller_pkg/local_setup.bash
[0.178s] -- Up-to-date: /home/administrator/ros2arm_ws/install/arm_controller_pkg/share/arm_controller_pkg/local_setup.sh
[0.178s] -- Up-to-date: /home/administrator/ros2arm_ws/install/arm_controller_pkg/share/arm_controller_pkg/local_setup.zsh
[0.178s] -- Installing: /home/administrator/ros2arm_ws/install/arm_controller_pkg/share/arm_controller_pkg/local_setup.dsv
[0.178s] -- Installing: /home/administrator/ros2arm_ws/install/arm_controller_pkg/share/arm_controller_pkg/package.dsv
[0.178s] -- Up-to-date: /home/administrator/ros2arm_ws/install/arm_controller_pkg/share/ament_index/resource_index/packages/arm_controller_pkg
[0.178s] -- Up-to-date: /home/administrator/ros2arm_ws/install/arm_controller_pkg/share/arm_controller_pkg/cmake/arm_controller_pkgConfig.cmake
[0.178s] -- Up-to-date: /home/administrator/ros2arm_ws/install/arm_controller_pkg/share/arm_controller_pkg/cmake/arm_controller_pkgConfig-version.cmake
[0.178s] -- Up-to-date: /home/administrator/ros2arm_ws/install/arm_controller_pkg/share/arm_controller_pkg/package.xml
[0.179s] Invoked command in '/home/administrator/ros2arm_ws/build/arm_controller_pkg' returned '0': CMAKE_PREFIX_PATH=${CMAKE_PREFIX_PATH}:/opt/ros/humble /usr/bin/cmake --install /home/administrator/ros2arm_ws/build/arm_controller_pkg
