[0.010s] Invoking command in '/home/administrator/ros2arm_ws/build/ros2_arduino_bridge': CMAKE_PREFIX_PATH=${CMAKE_PREFIX_PATH}:/opt/ros/humble /usr/bin/cmake /home/administrator/ros2arm_ws/src/ros2_arduino_bridge -DCMAKE_INSTALL_PREFIX=/home/administrator/ros2arm_ws/install/ros2_arduino_bridge
[0.015s] -- Found ament_cmake: 1.3.8 (/opt/ros/humble/share/ament_cmake/cmake)
[0.082s] -- Override CMake install command with custom implementation using symlinks instead of copying resources
[0.086s] -- Found ament_lint_auto: 0.12.10 (/opt/ros/humble/share/ament_lint_auto/cmake)
[0.124s] -- Added test 'flake8' to check Python code syntax and style conventions
[0.125s] -- Added test 'lint_cmake' to check CMake code style
[0.125s] -- Added test 'pep257' to check Python code against some of the docstring style conventions in PEP 257
[0.125s] -- Added test 'xmllint' to check XML markup files
[0.126s] -- Configuring done
[0.127s] -- Generating done
[0.128s] -- Build files have been written to: /home/administrator/ros2arm_ws/build/ros2_arduino_bridge
[0.130s] Invoked command in '/home/administrator/ros2arm_ws/build/ros2_arduino_bridge' returned '0': CMAKE_PREFIX_PATH=${CMAKE_PREFIX_PATH}:/opt/ros/humble /usr/bin/cmake /home/administrator/ros2arm_ws/src/ros2_arduino_bridge -DCMAKE_INSTALL_PREFIX=/home/administrator/ros2arm_ws/install/ros2_arduino_bridge
[0.132s] Invoking command in '/home/administrator/ros2arm_ws/build/ros2_arduino_bridge': CMAKE_PREFIX_PATH=${CMAKE_PREFIX_PATH}:/opt/ros/humble /usr/bin/cmake --build /home/administrator/ros2arm_ws/build/ros2_arduino_bridge -- -j20 -l20
[0.151s] Invoked command in '/home/administrator/ros2arm_ws/build/ros2_arduino_bridge' returned '0': CMAKE_PREFIX_PATH=${CMAKE_PREFIX_PATH}:/opt/ros/humble /usr/bin/cmake --build /home/administrator/ros2arm_ws/build/ros2_arduino_bridge -- -j20 -l20
[0.167s] Invoking command in '/home/administrator/ros2arm_ws/build/ros2_arduino_bridge': CMAKE_PREFIX_PATH=${CMAKE_PREFIX_PATH}:/opt/ros/humble /usr/bin/cmake --install /home/administrator/ros2arm_ws/build/ros2_arduino_bridge
[0.171s] -- Install configuration: ""
[0.171s] -- Execute custom install script
[0.171s] -- Up-to-date symlink: /home/administrator/ros2arm_ws/install/ros2_arduino_bridge/lib/ros2_arduino_bridge/arduino_arm_connect.py
[0.171s] -- Up-to-date symlink: /home/administrator/ros2arm_ws/install/ros2_arduino_bridge/share/ament_index/resource_index/package_run_dependencies/ros2_arduino_bridge
[0.171s] -- Up-to-date symlink: /home/administrator/ros2arm_ws/install/ros2_arduino_bridge/share/ament_index/resource_index/parent_prefix_path/ros2_arduino_bridge
[0.172s] -- Up-to-date symlink: /home/administrator/ros2arm_ws/install/ros2_arduino_bridge/share/ros2_arduino_bridge/environment/ament_prefix_path.sh
[0.172s] -- Up-to-date symlink: /home/administrator/ros2arm_ws/install/ros2_arduino_bridge/share/ros2_arduino_bridge/environment/ament_prefix_path.dsv
[0.172s] -- Up-to-date symlink: /home/administrator/ros2arm_ws/install/ros2_arduino_bridge/share/ros2_arduino_bridge/environment/path.sh
[0.172s] -- Up-to-date symlink: /home/administrator/ros2arm_ws/install/ros2_arduino_bridge/share/ros2_arduino_bridge/environment/path.dsv
[0.172s] -- Up-to-date symlink: /home/administrator/ros2arm_ws/install/ros2_arduino_bridge/share/ros2_arduino_bridge/local_setup.bash
[0.172s] -- Up-to-date symlink: /home/administrator/ros2arm_ws/install/ros2_arduino_bridge/share/ros2_arduino_bridge/local_setup.sh
[0.172s] -- Up-to-date symlink: /home/administrator/ros2arm_ws/install/ros2_arduino_bridge/share/ros2_arduino_bridge/local_setup.zsh
[0.172s] -- Up-to-date symlink: /home/administrator/ros2arm_ws/install/ros2_arduino_bridge/share/ros2_arduino_bridge/local_setup.dsv
[0.172s] -- Symlinking: /home/administrator/ros2arm_ws/install/ros2_arduino_bridge/share/ros2_arduino_bridge/package.dsv
[0.180s] -- Up-to-date symlink: /home/administrator/ros2arm_ws/install/ros2_arduino_bridge/share/ament_index/resource_index/packages/ros2_arduino_bridge
[0.180s] -- Up-to-date symlink: /home/administrator/ros2arm_ws/install/ros2_arduino_bridge/share/ros2_arduino_bridge/cmake/ros2_arduino_bridgeConfig.cmake
[0.180s] -- Up-to-date symlink: /home/administrator/ros2arm_ws/install/ros2_arduino_bridge/share/ros2_arduino_bridge/cmake/ros2_arduino_bridgeConfig-version.cmake
[0.180s] -- Up-to-date symlink: /home/administrator/ros2arm_ws/install/ros2_arduino_bridge/share/ros2_arduino_bridge/package.xml
[0.180s] Invoked command in '/home/administrator/ros2arm_ws/build/ros2_arduino_bridge' returned '0': CMAKE_PREFIX_PATH=${CMAKE_PREFIX_PATH}:/opt/ros/humble /usr/bin/cmake --install /home/administrator/ros2arm_ws/build/ros2_arduino_bridge
