[0.047s] Invoking command in '/home/administrator/ros2arm_ws/build/cycloidal_arm': CMAKE_PREFIX_PATH=${CMAKE_PREFIX_PATH}:/opt/ros/humble /usr/bin/cmake /home/administrator/ros2arm_ws/src/cycloidal_arm -DAMENT_CMAKE_SYMLINK_INSTALL=1 -DCMAKE_INSTALL_PREFIX=/home/administrator/ros2arm_ws/install/cycloidal_arm
[0.049s] -- Found ament_cmake: 1.3.8 (/opt/ros/humble/share/ament_cmake/cmake)
[0.171s] -- Override CMake install command with custom implementation using symlinks instead of copying resources
[0.240s] -- Found ament_lint_auto: 0.12.10 (/opt/ros/humble/share/ament_lint_auto/cmake)
[0.308s] -- Added test 'flake8' to check Python code syntax and style conventions
[0.308s] -- Added test 'lint_cmake' to check CMake code style
[0.309s] -- Added test 'pep257' to check Python code against some of the docstring style conventions in PEP 257
[0.310s] -- Added test 'xmllint' to check XML markup files
[0.312s] -- Configuring done
[0.315s] -- Generating done
[0.315s] -- Build files have been written to: /home/administrator/ros2arm_ws/build/cycloidal_arm
[0.318s] Invoked command in '/home/administrator/ros2arm_ws/build/cycloidal_arm' returned '0': CMAKE_PREFIX_PATH=${CMAKE_PREFIX_PATH}:/opt/ros/humble /usr/bin/cmake /home/administrator/ros2arm_ws/src/cycloidal_arm -DAMENT_CMAKE_SYMLINK_INSTALL=1 -DCMAKE_INSTALL_PREFIX=/home/administrator/ros2arm_ws/install/cycloidal_arm
[0.319s] Invoking command in '/home/administrator/ros2arm_ws/build/cycloidal_arm': CMAKE_PREFIX_PATH=${CMAKE_PREFIX_PATH}:/opt/ros/humble /usr/bin/cmake --build /home/administrator/ros2arm_ws/build/cycloidal_arm -- -j20 -l20
[0.354s] Invoked command in '/home/administrator/ros2arm_ws/build/cycloidal_arm' returned '0': CMAKE_PREFIX_PATH=${CMAKE_PREFIX_PATH}:/opt/ros/humble /usr/bin/cmake --build /home/administrator/ros2arm_ws/build/cycloidal_arm -- -j20 -l20
[0.380s] Invoking command in '/home/administrator/ros2arm_ws/build/cycloidal_arm': CMAKE_PREFIX_PATH=${CMAKE_PREFIX_PATH}:/opt/ros/humble /usr/bin/cmake --install /home/administrator/ros2arm_ws/build/cycloidal_arm
[0.387s] -- Install configuration: ""
[0.388s] -- Execute custom install script
[0.388s] -- Symlinking: /home/administrator/ros2arm_ws/install/cycloidal_arm/share/cycloidal_arm/launch/demo.launch.py
[0.395s] -- Symlinking: /home/administrator/ros2arm_ws/install/cycloidal_arm/share/cycloidal_arm/launch/display.launch.py
[0.400s] -- Symlinking: /home/administrator/ros2arm_ws/install/cycloidal_arm/share/cycloidal_arm/launch/gazebo.launch.py
[0.405s] -- Symlinking: /home/administrator/ros2arm_ws/install/cycloidal_arm/share/cycloidal_arm/launch/robot_gazebo.launch.py
[0.409s] -- Symlinking: /home/administrator/ros2arm_ws/install/cycloidal_arm/share/cycloidal_arm/launch/rsp.launch.py
[0.414s] -- Symlinking: /home/administrator/ros2arm_ws/install/cycloidal_arm/share/cycloidal_arm/urdf/camera.xacro
[0.419s] -- Symlinking: /home/administrator/ros2arm_ws/install/cycloidal_arm/share/cycloidal_arm/urdf/cycloidal_arm.xacro
[0.423s] -- Symlinking: /home/administrator/ros2arm_ws/install/cycloidal_arm/share/cycloidal_arm/urdf/gazebo_arm.xacro
[0.428s] -- Symlinking: /home/administrator/ros2arm_ws/install/cycloidal_arm/share/cycloidal_arm/urdf/inertial.xacro
[0.433s] -- Symlinking: /home/administrator/ros2arm_ws/install/cycloidal_arm/share/cycloidal_arm/urdf/materials.xacro
[0.437s] -- Symlinking: /home/administrator/ros2arm_ws/install/cycloidal_arm/share/cycloidal_arm/urdf/ros2_control.xacro
[0.441s] -- Symlinking: /home/administrator/ros2arm_ws/install/cycloidal_arm/share/cycloidal_arm/urdf/trans_arm.xacro
[0.445s] -- Symlinking: /home/administrator/ros2arm_ws/install/cycloidal_arm/share/cycloidal_arm/meshes/base_link.stl
[0.450s] -- Symlinking: /home/administrator/ros2arm_ws/install/cycloidal_arm/share/cycloidal_arm/meshes/camera_1.stl
[0.454s] -- Symlinking: /home/administrator/ros2arm_ws/install/cycloidal_arm/share/cycloidal_arm/meshes/link_1_1.stl
[0.459s] -- Symlinking: /home/administrator/ros2arm_ws/install/cycloidal_arm/share/cycloidal_arm/meshes/link_2_1.stl
[0.463s] -- Symlinking: /home/administrator/ros2arm_ws/install/cycloidal_arm/share/cycloidal_arm/meshes/link_3_1.stl
[0.467s] -- Symlinking: /home/administrator/ros2arm_ws/install/cycloidal_arm/share/cycloidal_arm/meshes/link_4_1.stl
[0.471s] -- Symlinking: /home/administrator/ros2arm_ws/install/cycloidal_arm/share/cycloidal_arm/meshes/link_5_1.stl
[0.476s] -- Symlinking: /home/administrator/ros2arm_ws/install/cycloidal_arm/share/cycloidal_arm/config/controller.yaml
[0.480s] -- Symlinking: /home/administrator/ros2arm_ws/install/cycloidal_arm/share/cycloidal_arm/config/gazebo_param.yaml
[0.484s] -- Symlinking: /home/administrator/ros2arm_ws/install/cycloidal_arm/share/cycloidal_arm/config/joint_names_cycloidal_arm.yaml
[0.488s] -- Symlinking: /home/administrator/ros2arm_ws/install/cycloidal_arm/share/cycloidal_arm/config/my_controller.yaml
[0.492s] -- Symlinking: /home/administrator/ros2arm_ws/install/cycloidal_arm/share/cycloidal_arm/config/robot_view.rviz
[0.496s] -- Symlinking: /home/administrator/ros2arm_ws/install/cycloidal_arm/share/cycloidal_arm/config/urdf.rviz
[0.500s] -- Symlinking: /home/administrator/ros2arm_ws/install/cycloidal_arm/share/cycloidal_arm/world/defect.jpg
[0.517s] -- Symlinking: /home/administrator/ros2arm_ws/install/cycloidal_arm/share/cycloidal_arm/world/test_world/model.config
[0.521s] -- Symlinking: /home/administrator/ros2arm_ws/install/cycloidal_arm/share/cycloidal_arm/world/test_world/model.sdf
[0.525s] -- Symlinking: /home/administrator/ros2arm_ws/install/cycloidal_arm/share/ament_index/resource_index/package_run_dependencies/cycloidal_arm
[0.538s] -- Symlinking: /home/administrator/ros2arm_ws/install/cycloidal_arm/share/ament_index/resource_index/parent_prefix_path/cycloidal_arm
[0.553s] -- Symlinking: /home/administrator/ros2arm_ws/install/cycloidal_arm/share/cycloidal_arm/environment/ament_prefix_path.sh
[0.560s] -- Symlinking: /home/administrator/ros2arm_ws/install/cycloidal_arm/share/cycloidal_arm/environment/ament_prefix_path.dsv
[0.568s] -- Symlinking: /home/administrator/ros2arm_ws/install/cycloidal_arm/share/cycloidal_arm/environment/path.sh
[0.576s] -- Symlinking: /home/administrator/ros2arm_ws/install/cycloidal_arm/share/cycloidal_arm/environment/path.dsv
[0.581s] -- Symlinking: /home/administrator/ros2arm_ws/install/cycloidal_arm/share/cycloidal_arm/local_setup.bash
[0.660s] -- Symlinking: /home/administrator/ros2arm_ws/install/cycloidal_arm/share/cycloidal_arm/local_setup.sh
[0.669s] -- Symlinking: /home/administrator/ros2arm_ws/install/cycloidal_arm/share/cycloidal_arm/local_setup.zsh
[0.678s] -- Symlinking: /home/administrator/ros2arm_ws/install/cycloidal_arm/share/cycloidal_arm/local_setup.dsv
[0.687s] -- Symlinking: /home/administrator/ros2arm_ws/install/cycloidal_arm/share/cycloidal_arm/package.dsv
[0.696s] -- Symlinking: /home/administrator/ros2arm_ws/install/cycloidal_arm/share/ament_index/resource_index/packages/cycloidal_arm
[0.703s] -- Symlinking: /home/administrator/ros2arm_ws/install/cycloidal_arm/share/cycloidal_arm/cmake/cycloidal_armConfig.cmake
[0.709s] -- Symlinking: /home/administrator/ros2arm_ws/install/cycloidal_arm/share/cycloidal_arm/cmake/cycloidal_armConfig-version.cmake
[0.717s] -- Symlinking: /home/administrator/ros2arm_ws/install/cycloidal_arm/share/cycloidal_arm/package.xml
[0.726s] Invoked command in '/home/administrator/ros2arm_ws/build/cycloidal_arm' returned '0': CMAKE_PREFIX_PATH=${CMAKE_PREFIX_PATH}:/opt/ros/humble /usr/bin/cmake --install /home/administrator/ros2arm_ws/build/cycloidal_arm
