[0.315s] Invoking command in '/home/administrator/ros2arm_ws/build/arm_connect': CMAKE_PREFIX_PATH=${CMAKE_PREFIX_PATH}:/opt/ros/humble /usr/bin/cmake --build /home/administrator/ros2arm_ws/build/arm_connect -- -j20 -l20
[1.904s] Invoked command in '/home/administrator/ros2arm_ws/build/arm_connect' returned '0': CMAKE_PREFIX_PATH=${CMAKE_PREFIX_PATH}:/opt/ros/humble /usr/bin/cmake --build /home/administrator/ros2arm_ws/build/arm_connect -- -j20 -l20
[1.915s] Invoking command in '/home/administrator/ros2arm_ws/build/arm_connect': CMAKE_PREFIX_PATH=${CMAKE_PREFIX_PATH}:/opt/ros/humble /usr/bin/cmake --install /home/administrator/ros2arm_ws/build/arm_connect
[1.935s] -- Install configuration: ""
[1.991s] -- Up-to-date: /home/administrator/ros2arm_ws/install/arm_connect/share/arm_connect/launch
[1.991s] -- Up-to-date: /home/administrator/ros2arm_ws/install/arm_connect/share/ament_index/resource_index/package_run_dependencies/arm_connect
[1.992s] -- Up-to-date: /home/administrator/ros2arm_ws/install/arm_connect/share/ament_index/resource_index/parent_prefix_path/arm_connect
[1.992s] -- Up-to-date: /home/administrator/ros2arm_ws/install/arm_connect/share/arm_connect/environment/ament_prefix_path.sh
[1.992s] -- Up-to-date: /home/administrator/ros2arm_ws/install/arm_connect/share/arm_connect/environment/ament_prefix_path.dsv
[1.992s] -- Up-to-date: /home/administrator/ros2arm_ws/install/arm_connect/share/arm_connect/environment/path.sh
[1.992s] -- Up-to-date: /home/administrator/ros2arm_ws/install/arm_connect/share/arm_connect/environment/path.dsv
[1.992s] -- Up-to-date: /home/administrator/ros2arm_ws/install/arm_connect/share/arm_connect/local_setup.bash
[1.992s] -- Up-to-date: /home/administrator/ros2arm_ws/install/arm_connect/share/arm_connect/local_setup.sh
[1.992s] -- Up-to-date: /home/administrator/ros2arm_ws/install/arm_connect/share/arm_connect/local_setup.zsh
[1.992s] -- Up-to-date: /home/administrator/ros2arm_ws/install/arm_connect/share/arm_connect/local_setup.dsv
[1.992s] -- Installing: /home/administrator/ros2arm_ws/install/arm_connect/share/arm_connect/package.dsv
[2.050s] -- Up-to-date: /home/administrator/ros2arm_ws/install/arm_connect/share/ament_index/resource_index/packages/arm_connect
[2.065s] -- Up-to-date: /home/administrator/ros2arm_ws/install/arm_connect/share/arm_connect/cmake/arm_connectConfig.cmake
[2.066s] -- Up-to-date: /home/administrator/ros2arm_ws/install/arm_connect/share/arm_connect/cmake/arm_connectConfig-version.cmake
[2.067s] -- Up-to-date: /home/administrator/ros2arm_ws/install/arm_connect/share/arm_connect/package.xml
[3.169s] Invoked command in '/home/administrator/ros2arm_ws/build/arm_connect' returned '0': CMAKE_PREFIX_PATH=${CMAKE_PREFIX_PATH}:/opt/ros/humble /usr/bin/cmake --install /home/administrator/ros2arm_ws/build/arm_connect
