[0.014s] Invoking command in '/home/administrator/ros2arm_ws/build/arm_controller_pkg': CMAKE_PREFIX_PATH=${CMAKE_PREFIX_PATH}:/opt/ros/humble /usr/bin/cmake /home/administrator/ros2arm_ws/src/arm_controller_pkg -DCMAKE_INSTALL_PREFIX=/home/administrator/ros2arm_ws/install/arm_controller_pkg
[0.045s] -- The C compiler identification is GNU 11.4.0
[0.078s] -- The CXX compiler identification is GNU 11.4.0
[0.082s] -- Detecting C compiler ABI info
[0.119s] -- Detecting C compiler ABI info - done
[0.123s] -- Check for working C compiler: /usr/bin/cc - skipped
[0.123s] -- Detecting C compile features
[0.123s] -- Detecting C compile features - done
[0.125s] -- Detecting CXX compiler ABI info
[0.167s] -- Detecting CXX compiler ABI info - done
[0.171s] -- Check for working CXX compiler: /usr/bin/c++ - skipped
[0.172s] -- Detecting CXX compile features
[0.172s] -- Detecting CXX compile features - done
[0.240s] -- Found ament_cmake: 1.3.8 (/opt/ros/humble/share/ament_cmake/cmake)
[0.502s] -- Found Python3: /usr/bin/python3 (found version "3.10.12") found components: Interpreter 
[0.698s] -- Found ament_lint_auto: 0.12.10 (/opt/ros/humble/share/ament_lint_auto/cmake)
[0.828s] -- Added test 'flake8' to check Python code syntax and style conventions
[0.829s] -- Added test 'lint_cmake' to check CMake code style
[0.829s] -- Added test 'pep257' to check Python code against some of the docstring style conventions in PEP 257
[0.830s] -- Added test 'xmllint' to check XML markup files
[0.831s] -- Configuring done
[0.832s] -- Generating done
[0.833s] -- Build files have been written to: /home/administrator/ros2arm_ws/build/arm_controller_pkg
[0.835s] Invoked command in '/home/administrator/ros2arm_ws/build/arm_controller_pkg' returned '0': CMAKE_PREFIX_PATH=${CMAKE_PREFIX_PATH}:/opt/ros/humble /usr/bin/cmake /home/administrator/ros2arm_ws/src/arm_controller_pkg -DCMAKE_INSTALL_PREFIX=/home/administrator/ros2arm_ws/install/arm_controller_pkg
[0.836s] Invoking command in '/home/administrator/ros2arm_ws/build/arm_controller_pkg': CMAKE_PREFIX_PATH=${CMAKE_PREFIX_PATH}:/opt/ros/humble /usr/bin/cmake --build /home/administrator/ros2arm_ws/build/arm_controller_pkg -- -j20 -l20
[0.876s] Invoked command in '/home/administrator/ros2arm_ws/build/arm_controller_pkg' returned '0': CMAKE_PREFIX_PATH=${CMAKE_PREFIX_PATH}:/opt/ros/humble /usr/bin/cmake --build /home/administrator/ros2arm_ws/build/arm_controller_pkg -- -j20 -l20
[0.916s] Invoking command in '/home/administrator/ros2arm_ws/build/arm_controller_pkg': CMAKE_PREFIX_PATH=${CMAKE_PREFIX_PATH}:/opt/ros/humble /usr/bin/cmake --install /home/administrator/ros2arm_ws/build/arm_controller_pkg
[0.928s] -- Install configuration: ""
[0.928s] -- Installing: /home/administrator/ros2arm_ws/install/arm_controller_pkg/share/ament_index/resource_index/package_run_dependencies/arm_controller_pkg
[0.929s] -- Installing: /home/administrator/ros2arm_ws/install/arm_controller_pkg/share/ament_index/resource_index/parent_prefix_path/arm_controller_pkg
[0.929s] -- Installing: /home/administrator/ros2arm_ws/install/arm_controller_pkg/share/arm_controller_pkg/environment/ament_prefix_path.sh
[0.929s] -- Installing: /home/administrator/ros2arm_ws/install/arm_controller_pkg/share/arm_controller_pkg/environment/ament_prefix_path.dsv
[0.929s] -- Installing: /home/administrator/ros2arm_ws/install/arm_controller_pkg/share/arm_controller_pkg/environment/path.sh
[0.929s] -- Installing: /home/administrator/ros2arm_ws/install/arm_controller_pkg/share/arm_controller_pkg/environment/path.dsv
[0.930s] -- Installing: /home/administrator/ros2arm_ws/install/arm_controller_pkg/share/arm_controller_pkg/local_setup.bash
[0.930s] -- Installing: /home/administrator/ros2arm_ws/install/arm_controller_pkg/share/arm_controller_pkg/local_setup.sh
[0.930s] -- Installing: /home/administrator/ros2arm_ws/install/arm_controller_pkg/share/arm_controller_pkg/local_setup.zsh
[0.930s] -- Installing: /home/administrator/ros2arm_ws/install/arm_controller_pkg/share/arm_controller_pkg/local_setup.dsv
[0.930s] -- Installing: /home/administrator/ros2arm_ws/install/arm_controller_pkg/share/arm_controller_pkg/package.dsv
[0.930s] -- Installing: /home/administrator/ros2arm_ws/install/arm_controller_pkg/share/ament_index/resource_index/packages/arm_controller_pkg
[0.930s] -- Installing: /home/administrator/ros2arm_ws/install/arm_controller_pkg/share/arm_controller_pkg/cmake/arm_controller_pkgConfig.cmake
[0.930s] -- Installing: /home/administrator/ros2arm_ws/install/arm_controller_pkg/share/arm_controller_pkg/cmake/arm_controller_pkgConfig-version.cmake
[0.931s] -- Installing: /home/administrator/ros2arm_ws/install/arm_controller_pkg/share/arm_controller_pkg/package.xml
[0.934s] Invoked command in '/home/administrator/ros2arm_ws/build/arm_controller_pkg' returned '0': CMAKE_PREFIX_PATH=${CMAKE_PREFIX_PATH}:/opt/ros/humble /usr/bin/cmake --install /home/administrator/ros2arm_ws/build/arm_controller_pkg
