[0.154s] Invoking command in '/home/administrator/ros2arm_ws/build/hello_moveit': CMAKE_PREFIX_PATH=${CMAKE_PREFIX_PATH}:/opt/ros/humble /usr/bin/cmake --build /home/administrator/ros2arm_ws/build/hello_moveit -- -j20 -l20
[2.036s] [100%] Built target hello_moveit
[2.053s] Invoked command in '/home/administrator/ros2arm_ws/build/hello_moveit' returned '0': CMAKE_PREFIX_PATH=${CMAKE_PREFIX_PATH}:/opt/ros/humble /usr/bin/cmake --build /home/administrator/ros2arm_ws/build/hello_moveit -- -j20 -l20
[2.099s] Invoking command in '/home/administrator/ros2arm_ws/build/hello_moveit': CMAKE_PREFIX_PATH=${CMAKE_PREFIX_PATH}:/opt/ros/humble /usr/bin/cmake --install /home/administrator/ros2arm_ws/build/hello_moveit
[2.107s] -- Install configuration: ""
[2.125s] -- Up-to-date: /home/administrator/ros2arm_ws/install/hello_moveit/lib/hello_moveit/hello_moveit
[2.126s] -- Up-to-date: /home/administrator/ros2arm_ws/install/hello_moveit/share/ament_index/resource_index/package_run_dependencies/hello_moveit
[2.126s] -- Up-to-date: /home/administrator/ros2arm_ws/install/hello_moveit/share/ament_index/resource_index/parent_prefix_path/hello_moveit
[2.126s] -- Up-to-date: /home/administrator/ros2arm_ws/install/hello_moveit/share/hello_moveit/environment/ament_prefix_path.sh
[2.126s] -- Up-to-date: /home/administrator/ros2arm_ws/install/hello_moveit/share/hello_moveit/environment/ament_prefix_path.dsv
[2.126s] -- Up-to-date: /home/administrator/ros2arm_ws/install/hello_moveit/share/hello_moveit/environment/path.sh
[2.127s] -- Up-to-date: /home/administrator/ros2arm_ws/install/hello_moveit/share/hello_moveit/environment/path.dsv
[2.127s] -- Up-to-date: /home/administrator/ros2arm_ws/install/hello_moveit/share/hello_moveit/local_setup.bash
[2.127s] -- Up-to-date: /home/administrator/ros2arm_ws/install/hello_moveit/share/hello_moveit/local_setup.sh
[2.127s] -- Up-to-date: /home/administrator/ros2arm_ws/install/hello_moveit/share/hello_moveit/local_setup.zsh
[2.127s] -- Up-to-date: /home/administrator/ros2arm_ws/install/hello_moveit/share/hello_moveit/local_setup.dsv
[2.127s] -- Installing: /home/administrator/ros2arm_ws/install/hello_moveit/share/hello_moveit/package.dsv
[2.144s] -- Up-to-date: /home/administrator/ros2arm_ws/install/hello_moveit/share/ament_index/resource_index/packages/hello_moveit
[2.159s] -- Up-to-date: /home/administrator/ros2arm_ws/install/hello_moveit/share/hello_moveit/cmake/hello_moveitConfig.cmake
[2.160s] -- Up-to-date: /home/administrator/ros2arm_ws/install/hello_moveit/share/hello_moveit/cmake/hello_moveitConfig-version.cmake
[2.160s] -- Up-to-date: /home/administrator/ros2arm_ws/install/hello_moveit/share/hello_moveit/package.xml
[2.164s] Invoked command in '/home/administrator/ros2arm_ws/build/hello_moveit' returned '0': CMAKE_PREFIX_PATH=${CMAKE_PREFIX_PATH}:/opt/ros/humble /usr/bin/cmake --install /home/administrator/ros2arm_ws/build/hello_moveit
