[0.007s] Invoking command in '/home/administrator/ros2arm_ws/build/ros2_arduino_bridge': CMAKE_PREFIX_PATH=${CMAKE_PREFIX_PATH}:/opt/ros/humble /usr/bin/cmake /home/administrator/ros2arm_ws/src/ros2_arduino_bridge -DCMAKE_INSTALL_PREFIX=/home/administrator/ros2arm_ws/install/ros2_arduino_bridge
[0.062s] -- The C compiler identification is GNU 11.4.0
[0.091s] -- The CXX compiler identification is GNU 11.4.0
[0.095s] -- Detecting C compiler ABI info
[0.132s] -- Detecting C compiler ABI info - done
[0.135s] -- Check for working C compiler: /usr/bin/cc - skipped
[0.136s] -- Detecting C compile features
[0.136s] -- Detecting C compile features - done
[0.137s] -- Detecting CXX compiler ABI info
[0.179s] -- Detecting CXX compiler ABI info - done
[0.182s] -- Check for working CXX compiler: /usr/bin/c++ - skipped
[0.183s] -- Detecting CXX compile features
[0.183s] -- Detecting CXX compile features - done
[0.184s] -- Found ament_cmake: 1.3.8 (/opt/ros/humble/share/ament_cmake/cmake)
[0.267s] -- Found Python3: /usr/bin/python3 (found version "3.10.12") found components: Interpreter 
[0.318s] -- Found ament_lint_auto: 0.12.10 (/opt/ros/humble/share/ament_lint_auto/cmake)
[0.414s] -- Added test 'flake8' to check Python code syntax and style conventions
[0.415s] -- Added test 'lint_cmake' to check CMake code style
[0.415s] -- Added test 'pep257' to check Python code against some of the docstring style conventions in PEP 257
[0.416s] -- Added test 'xmllint' to check XML markup files
[0.416s] -- Configuring done
[0.418s] -- Generating done
[0.418s] -- Build files have been written to: /home/administrator/ros2arm_ws/build/ros2_arduino_bridge
[0.422s] Invoked command in '/home/administrator/ros2arm_ws/build/ros2_arduino_bridge' returned '0': CMAKE_PREFIX_PATH=${CMAKE_PREFIX_PATH}:/opt/ros/humble /usr/bin/cmake /home/administrator/ros2arm_ws/src/ros2_arduino_bridge -DCMAKE_INSTALL_PREFIX=/home/administrator/ros2arm_ws/install/ros2_arduino_bridge
[0.423s] Invoking command in '/home/administrator/ros2arm_ws/build/ros2_arduino_bridge': CMAKE_PREFIX_PATH=${CMAKE_PREFIX_PATH}:/opt/ros/humble /usr/bin/cmake --build /home/administrator/ros2arm_ws/build/ros2_arduino_bridge -- -j20 -l20
[0.442s] Invoked command in '/home/administrator/ros2arm_ws/build/ros2_arduino_bridge' returned '0': CMAKE_PREFIX_PATH=${CMAKE_PREFIX_PATH}:/opt/ros/humble /usr/bin/cmake --build /home/administrator/ros2arm_ws/build/ros2_arduino_bridge -- -j20 -l20
[0.459s] Invoking command in '/home/administrator/ros2arm_ws/build/ros2_arduino_bridge': CMAKE_PREFIX_PATH=${CMAKE_PREFIX_PATH}:/opt/ros/humble /usr/bin/cmake --install /home/administrator/ros2arm_ws/build/ros2_arduino_bridge
[0.464s] -- Install configuration: ""
[0.464s] -- Installing: /home/administrator/ros2arm_ws/install/ros2_arduino_bridge/lib/ros2_arduino_bridge/arduino_arm_connect.py
[0.488s] -- Installing: /home/administrator/ros2arm_ws/install/ros2_arduino_bridge/share/ament_index/resource_index/package_run_dependencies/ros2_arduino_bridge
[0.488s] -- Installing: /home/administrator/ros2arm_ws/install/ros2_arduino_bridge/share/ament_index/resource_index/parent_prefix_path/ros2_arduino_bridge
[0.488s] -- Installing: /home/administrator/ros2arm_ws/install/ros2_arduino_bridge/share/ros2_arduino_bridge/environment/ament_prefix_path.sh
[0.488s] -- Installing: /home/administrator/ros2arm_ws/install/ros2_arduino_bridge/share/ros2_arduino_bridge/environment/ament_prefix_path.dsv
[0.488s] -- Installing: /home/administrator/ros2arm_ws/install/ros2_arduino_bridge/share/ros2_arduino_bridge/environment/path.sh
[0.489s] -- Installing: /home/administrator/ros2arm_ws/install/ros2_arduino_bridge/share/ros2_arduino_bridge/environment/path.dsv
[0.489s] -- Installing: /home/administrator/ros2arm_ws/install/ros2_arduino_bridge/share/ros2_arduino_bridge/local_setup.bash
[0.489s] -- Installing: /home/administrator/ros2arm_ws/install/ros2_arduino_bridge/share/ros2_arduino_bridge/local_setup.sh
[0.489s] -- Installing: /home/administrator/ros2arm_ws/install/ros2_arduino_bridge/share/ros2_arduino_bridge/local_setup.zsh
[0.489s] -- Installing: /home/administrator/ros2arm_ws/install/ros2_arduino_bridge/share/ros2_arduino_bridge/local_setup.dsv
[0.489s] -- Installing: /home/administrator/ros2arm_ws/install/ros2_arduino_bridge/share/ros2_arduino_bridge/package.dsv
[0.489s] -- Installing: /home/administrator/ros2arm_ws/install/ros2_arduino_bridge/share/ament_index/resource_index/packages/ros2_arduino_bridge
[0.489s] -- Installing: /home/administrator/ros2arm_ws/install/ros2_arduino_bridge/share/ros2_arduino_bridge/cmake/ros2_arduino_bridgeConfig.cmake
[0.490s] -- Installing: /home/administrator/ros2arm_ws/install/ros2_arduino_bridge/share/ros2_arduino_bridge/cmake/ros2_arduino_bridgeConfig-version.cmake
[0.490s] -- Installing: /home/administrator/ros2arm_ws/install/ros2_arduino_bridge/share/ros2_arduino_bridge/package.xml
[0.493s] Invoked command in '/home/administrator/ros2arm_ws/build/ros2_arduino_bridge' returned '0': CMAKE_PREFIX_PATH=${CMAKE_PREFIX_PATH}:/opt/ros/humble /usr/bin/cmake --install /home/administrator/ros2arm_ws/build/ros2_arduino_bridge
