[0.044s] Invoking command in '/home/administrator/ros2arm_ws/build/ros2_arduino_bridge': CMAKE_PREFIX_PATH=${CMAKE_PREFIX_PATH}:/opt/ros/humble /usr/bin/cmake /home/administrator/ros2arm_ws/src/ros2_arduino_bridge -DAMENT_CMAKE_SYMLINK_INSTALL=1 -DCMAKE_INSTALL_PREFIX=/home/administrator/ros2arm_ws/install/ros2_arduino_bridge
[0.045s] -- Found ament_cmake: 1.3.8 (/opt/ros/humble/share/ament_cmake/cmake)
[0.166s] -- Override CMake install command with custom implementation using symlinks instead of copying resources
[0.235s] -- Found ament_lint_auto: 0.12.10 (/opt/ros/humble/share/ament_lint_auto/cmake)
[0.300s] -- Added test 'flake8' to check Python code syntax and style conventions
[0.301s] -- Added test 'lint_cmake' to check CMake code style
[0.301s] -- Added test 'pep257' to check Python code against some of the docstring style conventions in PEP 257
[0.303s] -- Added test 'xmllint' to check XML markup files
[0.305s] -- Configuring done
[0.308s] -- Generating done
[0.309s] -- Build files have been written to: /home/administrator/ros2arm_ws/build/ros2_arduino_bridge
[0.311s] Invoked command in '/home/administrator/ros2arm_ws/build/ros2_arduino_bridge' returned '0': CMAKE_PREFIX_PATH=${CMAKE_PREFIX_PATH}:/opt/ros/humble /usr/bin/cmake /home/administrator/ros2arm_ws/src/ros2_arduino_bridge -DAMENT_CMAKE_SYMLINK_INSTALL=1 -DCMAKE_INSTALL_PREFIX=/home/administrator/ros2arm_ws/install/ros2_arduino_bridge
[0.312s] Invoking command in '/home/administrator/ros2arm_ws/build/ros2_arduino_bridge': CMAKE_PREFIX_PATH=${CMAKE_PREFIX_PATH}:/opt/ros/humble /usr/bin/cmake --build /home/administrator/ros2arm_ws/build/ros2_arduino_bridge -- -j20 -l20
[0.348s] Invoked command in '/home/administrator/ros2arm_ws/build/ros2_arduino_bridge' returned '0': CMAKE_PREFIX_PATH=${CMAKE_PREFIX_PATH}:/opt/ros/humble /usr/bin/cmake --build /home/administrator/ros2arm_ws/build/ros2_arduino_bridge -- -j20 -l20
[0.373s] Invoking command in '/home/administrator/ros2arm_ws/build/ros2_arduino_bridge': CMAKE_PREFIX_PATH=${CMAKE_PREFIX_PATH}:/opt/ros/humble /usr/bin/cmake --install /home/administrator/ros2arm_ws/build/ros2_arduino_bridge
[0.381s] -- Install configuration: ""
[0.382s] -- Execute custom install script
[0.382s] -- Symlinking: /home/administrator/ros2arm_ws/install/ros2_arduino_bridge/lib/ros2_arduino_bridge/arduino_arm_connect.py
[0.389s] -- Symlinking: /home/administrator/ros2arm_ws/install/ros2_arduino_bridge/share/ament_index/resource_index/package_run_dependencies/ros2_arduino_bridge
[0.396s] -- Symlinking: /home/administrator/ros2arm_ws/install/ros2_arduino_bridge/share/ament_index/resource_index/parent_prefix_path/ros2_arduino_bridge
[0.400s] -- Symlinking: /home/administrator/ros2arm_ws/install/ros2_arduino_bridge/share/ros2_arduino_bridge/environment/ament_prefix_path.sh
[0.411s] -- Symlinking: /home/administrator/ros2arm_ws/install/ros2_arduino_bridge/share/ros2_arduino_bridge/environment/ament_prefix_path.dsv
[0.415s] -- Symlinking: /home/administrator/ros2arm_ws/install/ros2_arduino_bridge/share/ros2_arduino_bridge/environment/path.sh
[0.419s] -- Symlinking: /home/administrator/ros2arm_ws/install/ros2_arduino_bridge/share/ros2_arduino_bridge/environment/path.dsv
[0.424s] -- Symlinking: /home/administrator/ros2arm_ws/install/ros2_arduino_bridge/share/ros2_arduino_bridge/local_setup.bash
[0.429s] -- Symlinking: /home/administrator/ros2arm_ws/install/ros2_arduino_bridge/share/ros2_arduino_bridge/local_setup.sh
[0.433s] -- Symlinking: /home/administrator/ros2arm_ws/install/ros2_arduino_bridge/share/ros2_arduino_bridge/local_setup.zsh
[0.437s] -- Symlinking: /home/administrator/ros2arm_ws/install/ros2_arduino_bridge/share/ros2_arduino_bridge/local_setup.dsv
[0.441s] -- Symlinking: /home/administrator/ros2arm_ws/install/ros2_arduino_bridge/share/ros2_arduino_bridge/package.dsv
[0.445s] -- Symlinking: /home/administrator/ros2arm_ws/install/ros2_arduino_bridge/share/ament_index/resource_index/packages/ros2_arduino_bridge
[0.449s] -- Symlinking: /home/administrator/ros2arm_ws/install/ros2_arduino_bridge/share/ros2_arduino_bridge/cmake/ros2_arduino_bridgeConfig.cmake
[0.454s] -- Symlinking: /home/administrator/ros2arm_ws/install/ros2_arduino_bridge/share/ros2_arduino_bridge/cmake/ros2_arduino_bridgeConfig-version.cmake
[0.458s] -- Symlinking: /home/administrator/ros2arm_ws/install/ros2_arduino_bridge/share/ros2_arduino_bridge/package.xml
[0.464s] Invoked command in '/home/administrator/ros2arm_ws/build/ros2_arduino_bridge' returned '0': CMAKE_PREFIX_PATH=${CMAKE_PREFIX_PATH}:/opt/ros/humble /usr/bin/cmake --install /home/administrator/ros2arm_ws/build/ros2_arduino_bridge
