[0.009s] Invoking command in '/home/administrator/ros2arm_ws/build/hello_moveit': CMAKE_PREFIX_PATH=${CMAKE_PREFIX_PATH}:/opt/ros/humble /usr/bin/cmake /home/administrator/ros2arm_ws/src/hello_moveit -DCMAKE_INSTALL_PREFIX=/home/administrator/ros2arm_ws/install/hello_moveit
[0.054s] -- The C compiler identification is GNU 11.4.0
[0.084s] -- The CXX compiler identification is GNU 11.4.0
[0.088s] -- Detecting C compiler ABI info
[0.149s] -- Detecting C compiler ABI info - done
[0.154s] -- Check for working C compiler: /usr/bin/cc - skipped
[0.154s] -- Detecting C compile features
[0.154s] -- Detecting C compile features - done
[0.155s] -- Detecting CXX compiler ABI info
[0.199s] -- Detecting CXX compiler ABI info - done
[0.203s] -- Check for working CXX compiler: /usr/bin/c++ - skipped
[0.204s] -- Detecting CXX compile features
[0.204s] -- Detecting CXX compile features - done
[0.353s] -- Found ament_cmake: 1.3.8 (/opt/ros/humble/share/ament_cmake/cmake)
[0.454s] -- Found Python3: /usr/bin/python3 (found version "3.10.12") found components: Interpreter 
[0.549s] -- Found moveit_ros_planning_interface: 2.5.5 (/opt/ros/humble/share/moveit_ros_planning_interface/cmake)
[1.195s] -- Found Boost: /usr/lib/x86_64-linux-gnu/cmake/Boost-1.74.0/BoostConfig.cmake (found version "1.74.0") found components: date_time filesystem program_options system thread 
[1.608s] -- Found rosidl_generator_c: 3.1.5 (/opt/ros/humble/share/rosidl_generator_c/cmake)
[1.624s] -- Found rosidl_adapter: 3.1.5 (/opt/ros/humble/share/rosidl_adapter/cmake)
[1.637s] -- Found rosidl_generator_cpp: 3.1.5 (/opt/ros/humble/share/rosidl_generator_cpp/cmake)
[1.743s] -- Using all available rosidl_typesupport_c: rosidl_typesupport_fastrtps_c;rosidl_typesupport_introspection_c
[1.780s] -- Using all available rosidl_typesupport_cpp: rosidl_typesupport_fastrtps_cpp;rosidl_typesupport_introspection_cpp
[2.586s] -- Found Boost: /usr/lib/x86_64-linux-gnu/cmake/Boost-1.74.0/BoostConfig.cmake (found version "1.74.0") found components: chrono date_time filesystem iostreams program_options regex serialization system thread 
[2.732s] -- Found parameter_traits: 0.3.8 (/opt/ros/humble/share/parameter_traits/cmake)
[3.456s] -- Found rmw_implementation_cmake: 6.1.1 (/opt/ros/humble/share/rmw_implementation_cmake/cmake)
[3.473s] -- Found rmw_cyclonedds_cpp: 1.3.4 (/opt/ros/humble/share/rmw_cyclonedds_cpp/cmake)
[3.686s] -- Using RMW implementation 'rmw_cyclonedds_cpp' as default
[3.699s] -- Found Threads: TRUE  
[4.063s] -- Found rclcpp_lifecycle: 16.0.8 (/opt/ros/humble/share/rclcpp_lifecycle/cmake)
[4.208s] -- Found Boost: /usr/lib/x86_64-linux-gnu/cmake/Boost-1.74.0/BoostConfig.cmake (found version "1.74.0") found components: filesystem 
[4.850s] -- library: /usr/lib/x86_64-linux-gnu/libcurl.so
[5.069s] -- Found Eigen3: TRUE (found version "3.4.0") 
[5.069s] -- Ensuring Eigen3 include directory is part of orocos-kdl CMake target
[5.711s] -- Found Boost: /usr/lib/x86_64-linux-gnu/cmake/Boost-1.74.0/BoostConfig.cmake (found version "1.74.0") found components: system filesystem date_time program_options thread chrono 
[6.041s] -- Found Boost: /usr/lib/x86_64-linux-gnu/cmake/Boost-1.74.0/BoostConfig.cmake (found version "1.74.0") found components: thread system filesystem regex date_time program_options 
[6.392s] -- Found Boost: /usr/lib/x86_64-linux-gnu/cmake/Boost-1.74.0/BoostConfig.cmake (found version "1.74.0") found components: system filesystem date_time program_options thread 
[6.712s] -- Found ament_lint_auto: 0.12.10 (/opt/ros/humble/share/ament_lint_auto/cmake)
[6.775s] -- Added test 'cppcheck' to perform static code analysis on C / C++ code
[6.775s] -- Configured cppcheck include dirs: $<BUILD_INTERFACE:/home/administrator/ros2arm_ws/src/hello_moveit/include>
[6.775s] -- Configured cppcheck exclude dirs and/or files: 
[6.776s] -- Added test 'lint_cmake' to check CMake code style
[6.776s] -- Added test 'uncrustify' to check C / C++ code style
[6.776s] -- Configured uncrustify additional arguments: 
[6.776s] -- Added test 'xmllint' to check XML markup files
[6.777s] -- Configuring done
[6.892s] -- Generating done
[6.896s] -- Build files have been written to: /home/administrator/ros2arm_ws/build/hello_moveit
[6.908s] Invoked command in '/home/administrator/ros2arm_ws/build/hello_moveit' returned '0': CMAKE_PREFIX_PATH=${CMAKE_PREFIX_PATH}:/opt/ros/humble /usr/bin/cmake /home/administrator/ros2arm_ws/src/hello_moveit -DCMAKE_INSTALL_PREFIX=/home/administrator/ros2arm_ws/install/hello_moveit
[6.910s] Invoking command in '/home/administrator/ros2arm_ws/build/hello_moveit': CMAKE_PREFIX_PATH=${CMAKE_PREFIX_PATH}:/opt/ros/humble /usr/bin/cmake --build /home/administrator/ros2arm_ws/build/hello_moveit -- -j20 -l20
[6.970s] [ 50%] [32mBuilding CXX object CMakeFiles/hello_moveit.dir/src/hello_moveit.cpp.o[0m
[13.268s] [100%] [32m[1mLinking CXX executable hello_moveit[0m
[14.391s] [100%] Built target hello_moveit
[14.397s] Invoked command in '/home/administrator/ros2arm_ws/build/hello_moveit' returned '0': CMAKE_PREFIX_PATH=${CMAKE_PREFIX_PATH}:/opt/ros/humble /usr/bin/cmake --build /home/administrator/ros2arm_ws/build/hello_moveit -- -j20 -l20
[14.439s] Invoking command in '/home/administrator/ros2arm_ws/build/hello_moveit': CMAKE_PREFIX_PATH=${CMAKE_PREFIX_PATH}:/opt/ros/humble /usr/bin/cmake --install /home/administrator/ros2arm_ws/build/hello_moveit
[14.453s] -- Install configuration: ""
[14.454s] -- Installing: /home/administrator/ros2arm_ws/install/hello_moveit/lib/hello_moveit/hello_moveit
[14.455s] -- Set runtime path of "/home/administrator/ros2arm_ws/install/hello_moveit/lib/hello_moveit/hello_moveit" to ""
[14.455s] -- Installing: /home/administrator/ros2arm_ws/install/hello_moveit/share/ament_index/resource_index/package_run_dependencies/hello_moveit
[14.455s] -- Installing: /home/administrator/ros2arm_ws/install/hello_moveit/share/ament_index/resource_index/parent_prefix_path/hello_moveit
[14.456s] -- Installing: /home/administrator/ros2arm_ws/install/hello_moveit/share/hello_moveit/environment/ament_prefix_path.sh
[14.456s] -- Installing: /home/administrator/ros2arm_ws/install/hello_moveit/share/hello_moveit/environment/ament_prefix_path.dsv
[14.456s] -- Installing: /home/administrator/ros2arm_ws/install/hello_moveit/share/hello_moveit/environment/path.sh
[14.456s] -- Installing: /home/administrator/ros2arm_ws/install/hello_moveit/share/hello_moveit/environment/path.dsv
[14.456s] -- Installing: /home/administrator/ros2arm_ws/install/hello_moveit/share/hello_moveit/local_setup.bash
[14.456s] -- Installing: /home/administrator/ros2arm_ws/install/hello_moveit/share/hello_moveit/local_setup.sh
[14.456s] -- Installing: /home/administrator/ros2arm_ws/install/hello_moveit/share/hello_moveit/local_setup.zsh
[14.456s] -- Installing: /home/administrator/ros2arm_ws/install/hello_moveit/share/hello_moveit/local_setup.dsv
[14.457s] -- Installing: /home/administrator/ros2arm_ws/install/hello_moveit/share/hello_moveit/package.dsv
[14.457s] -- Installing: /home/administrator/ros2arm_ws/install/hello_moveit/share/ament_index/resource_index/packages/hello_moveit
[14.457s] -- Installing: /home/administrator/ros2arm_ws/install/hello_moveit/share/hello_moveit/cmake/hello_moveitConfig.cmake
[14.457s] -- Installing: /home/administrator/ros2arm_ws/install/hello_moveit/share/hello_moveit/cmake/hello_moveitConfig-version.cmake
[14.457s] -- Installing: /home/administrator/ros2arm_ws/install/hello_moveit/share/hello_moveit/package.xml
[14.461s] Invoked command in '/home/administrator/ros2arm_ws/build/hello_moveit' returned '0': CMAKE_PREFIX_PATH=${CMAKE_PREFIX_PATH}:/opt/ros/humble /usr/bin/cmake --install /home/administrator/ros2arm_ws/build/hello_moveit
