[0.339s] Invoking command in '/home/administrator/ros2arm_ws/build/arm_controller_pkg': CMAKE_PREFIX_PATH=${CMAKE_PREFIX_PATH}:/opt/ros/humble /usr/bin/cmake --build /home/administrator/ros2arm_ws/build/arm_controller_pkg -- -j20 -l20
[1.852s] Invoked command in '/home/administrator/ros2arm_ws/build/arm_controller_pkg' returned '0': CMAKE_PREFIX_PATH=${CMAKE_PREFIX_PATH}:/opt/ros/humble /usr/bin/cmake --build /home/administrator/ros2arm_ws/build/arm_controller_pkg -- -j20 -l20
[1.872s] Invoking command in '/home/administrator/ros2arm_ws/build/arm_controller_pkg': CMAKE_PREFIX_PATH=${CMAKE_PREFIX_PATH}:/opt/ros/humble /usr/bin/cmake --install /home/administrator/ros2arm_ws/build/arm_controller_pkg
[1.902s] -- Install configuration: ""
[1.961s] -- Up-to-date: /home/administrator/ros2arm_ws/install/arm_controller_pkg/lib/arm_controller_pkg/final_task.py
[1.961s] -- Up-to-date: /home/administrator/ros2arm_ws/install/arm_controller_pkg/share/ament_index/resource_index/package_run_dependencies/arm_controller_pkg
[1.961s] -- Up-to-date: /home/administrator/ros2arm_ws/install/arm_controller_pkg/share/ament_index/resource_index/parent_prefix_path/arm_controller_pkg
[1.961s] -- Up-to-date: /home/administrator/ros2arm_ws/install/arm_controller_pkg/share/arm_controller_pkg/environment/ament_prefix_path.sh
[1.961s] -- Up-to-date: /home/administrator/ros2arm_ws/install/arm_controller_pkg/share/arm_controller_pkg/environment/ament_prefix_path.dsv
[1.961s] -- Up-to-date: /home/administrator/ros2arm_ws/install/arm_controller_pkg/share/arm_controller_pkg/environment/path.sh
[1.961s] -- Up-to-date: /home/administrator/ros2arm_ws/install/arm_controller_pkg/share/arm_controller_pkg/environment/path.dsv
[1.961s] -- Up-to-date: /home/administrator/ros2arm_ws/install/arm_controller_pkg/share/arm_controller_pkg/local_setup.bash
[1.962s] -- Up-to-date: /home/administrator/ros2arm_ws/install/arm_controller_pkg/share/arm_controller_pkg/local_setup.sh
[1.962s] -- Up-to-date: /home/administrator/ros2arm_ws/install/arm_controller_pkg/share/arm_controller_pkg/local_setup.zsh
[1.962s] -- Up-to-date: /home/administrator/ros2arm_ws/install/arm_controller_pkg/share/arm_controller_pkg/local_setup.dsv
[1.962s] -- Installing: /home/administrator/ros2arm_ws/install/arm_controller_pkg/share/arm_controller_pkg/package.dsv
[1.980s] -- Up-to-date: /home/administrator/ros2arm_ws/install/arm_controller_pkg/share/ament_index/resource_index/packages/arm_controller_pkg
[1.986s] -- Up-to-date: /home/administrator/ros2arm_ws/install/arm_controller_pkg/share/arm_controller_pkg/cmake/arm_controller_pkgConfig.cmake
[1.986s] -- Up-to-date: /home/administrator/ros2arm_ws/install/arm_controller_pkg/share/arm_controller_pkg/cmake/arm_controller_pkgConfig-version.cmake
[1.986s] -- Up-to-date: /home/administrator/ros2arm_ws/install/arm_controller_pkg/share/arm_controller_pkg/package.xml
[1.990s] Invoked command in '/home/administrator/ros2arm_ws/build/arm_controller_pkg' returned '0': CMAKE_PREFIX_PATH=${CMAKE_PREFIX_PATH}:/opt/ros/humble /usr/bin/cmake --install /home/administrator/ros2arm_ws/build/arm_controller_pkg
